2015-05-11 17:33:40.589 [IPControllerApp] Hub listening on tcp://127.0.0.1:52463 for registration.
2015-05-11 17:33:40.591 [IPControllerApp] Hub using DB backend: 'NoDB'
2015-05-11 17:33:40.847 [IPControllerApp] hub::created hub
2015-05-11 17:33:40.847 [IPControllerApp] writing connection info to /Users/robert/.ipython/profile_basic/security/ipcontroller-client.json
2015-05-11 17:33:40.848 [IPControllerApp] writing connection info to /Users/robert/.ipython/profile_basic/security/ipcontroller-engine.json
2015-05-11 17:33:40.849 [IPControllerApp] task::using Python leastload Task scheduler
2015-05-11 17:33:40.849 [IPControllerApp] Heartmonitor started
2015-05-11 17:33:40.861 [IPControllerApp] Creating pid file: /Users/robert/.ipython/profile_basic/pid/ipcontroller.pid
2015-05-11 17:33:40.874 [IPControllerApp] client::client '\x00\x80\x00A\xa7' requested u'connection_request'
2015-05-11 17:33:40.875 [IPControllerApp] client::client ['\x00\x80\x00A\xa7'] connected
2015-05-11 17:33:41.628 [IPControllerApp] client::client '40da4f3c-da63-47cd-b90f-89ff2f2062b1' requested u'registration_request'
2015-05-11 17:33:41.790 [IPControllerApp] client::client '1676de8c-6304-43cc-aa89-b2db689cf143' requested u'registration_request'
2015-05-11 17:33:41.891 [IPControllerApp] client::client 'c3df0085-fa69-451b-bcb5-2ae7c4d5481f' requested u'registration_request'
2015-05-11 17:33:41.965 [IPControllerApp] client::client 'e55162ba-e926-43be-9186-e68196099815' requested u'registration_request'
2015-05-11 17:33:46.850 [IPControllerApp] registration::finished registering engine 0:40da4f3c-da63-47cd-b90f-89ff2f2062b1
2015-05-11 17:33:46.850 [IPControllerApp] engine::Engine Connected: 0
2015-05-11 17:33:46.851 [IPControllerApp] registration::finished registering engine 3:e55162ba-e926-43be-9186-e68196099815
2015-05-11 17:33:46.851 [IPControllerApp] engine::Engine Connected: 3
2015-05-11 17:33:46.852 [IPControllerApp] registration::finished registering engine 1:1676de8c-6304-43cc-aa89-b2db689cf143
2015-05-11 17:33:46.852 [IPControllerApp] engine::Engine Connected: 1
2015-05-11 17:33:46.853 [IPControllerApp] registration::finished registering engine 2:c3df0085-fa69-451b-bcb5-2ae7c4d5481f
2015-05-11 17:33:46.853 [IPControllerApp] engine::Engine Connected: 2
2015-05-11 17:33:59.166 [IPControllerApp] client::client '\x00\x80\x00A\xa8' requested u'connection_request'
2015-05-11 17:33:59.167 [IPControllerApp] client::client ['\x00\x80\x00A\xa8'] connected
2015-05-11 17:33:59.192 [IPControllerApp] queue::client '\x00\x06\x05\x8e\xd8' submitted request u'55893d76-163b-4cdc-87ee-e27ed7661fae' to 0
2015-05-11 17:33:59.193 [IPControllerApp] queue::client '\x00\x06\x05\x8e\xd8' submitted request u'4e3f91d5-5955-46a7-9dba-ba60847caa09' to 1
2015-05-11 17:33:59.194 [IPControllerApp] queue::client '\x00\x06\x05\x8e\xd8' submitted request u'14231cec-c5af-451b-8e71-9390bb8f4901' to 2
2015-05-11 17:33:59.194 [IPControllerApp] queue::client '\x00\x06\x05\x8e\xd8' submitted request u'e9bc7967-00ae-4db7-a244-2d5b25b35e59' to 3
2015-05-11 17:33:59.198 [IPControllerApp] queue::request u'55893d76-163b-4cdc-87ee-e27ed7661fae' completed on 0
2015-05-11 17:33:59.202 [IPControllerApp] queue::request u'14231cec-c5af-451b-8e71-9390bb8f4901' completed on 2
2015-05-11 17:33:59.202 [IPControllerApp] queue::request u'4e3f91d5-5955-46a7-9dba-ba60847caa09' completed on 1
2015-05-11 17:33:59.203 [IPControllerApp] queue::request u'e9bc7967-00ae-4db7-a244-2d5b25b35e59' completed on 3
2015-05-11 17:33:59.238 [IPControllerApp] task::task u'3dab3792-8ebb-46cc-b396-86bb4ef04c77' arrived on 2
2015-05-11 17:33:59.239 [IPControllerApp] task::task u'c8f31973-58e7-49c1-a659-fe1bc59021a8' arrived on 1
2015-05-11 17:33:59.240 [IPControllerApp] task::task u'7e5f6456-eb2b-4480-a0a2-2dece8e002e0' arrived on 3
2015-05-11 17:33:59.263 [IPControllerApp] task::task u'84ac8137-e288-47b4-9a08-cdac7a4a443c' arrived on 0
2015-05-11 17:33:59.476 [IPControllerApp] task::task u'29393006-be93-438d-8015-778ca0bbe176' arrived on 2
2015-05-11 17:33:59.477 [IPControllerApp] task::task u'3dab3792-8ebb-46cc-b396-86bb4ef04c77' finished on 2
2015-05-11 17:33:59.481 [IPControllerApp] task::task u'cc6148f2-6cb3-4364-b58d-6710a89f60a1' arrived on 2
2015-05-11 17:33:59.482 [IPControllerApp] task::task u'29393006-be93-438d-8015-778ca0bbe176' finished on 2
2015-05-11 17:33:59.486 [IPControllerApp] task::task u'4809ff4b-b49b-4a64-b0d1-654cd5ebdaff' arrived on 2
2015-05-11 17:33:59.486 [IPControllerApp] task::task u'cc6148f2-6cb3-4364-b58d-6710a89f60a1' finished on 2
2015-05-11 17:33:59.490 [IPControllerApp] task::task u'50f9fc10-83f6-4cd0-a721-f5cf184f50ad' arrived on 2
2015-05-11 17:33:59.491 [IPControllerApp] task::task u'4809ff4b-b49b-4a64-b0d1-654cd5ebdaff' finished on 2
2015-05-11 17:33:59.495 [IPControllerApp] task::task u'88299bc5-2eeb-4812-b711-ee78ecd9fb12' arrived on 2
2015-05-11 17:33:59.495 [IPControllerApp] task::task u'50f9fc10-83f6-4cd0-a721-f5cf184f50ad' finished on 2
2015-05-11 17:33:59.501 [IPControllerApp] task::task u'451f0a5a-7fc0-4d05-94c9-b85346d185e0' arrived on 3
2015-05-11 17:33:59.502 [IPControllerApp] task::task u'7e5f6456-eb2b-4480-a0a2-2dece8e002e0' finished on 3
2015-05-11 17:33:59.503 [IPControllerApp] task::task u'c54effd6-09e7-4734-827c-288efb8d9c18' arrived on 2
2015-05-11 17:33:59.507 [IPControllerApp] task::task u'88299bc5-2eeb-4812-b711-ee78ecd9fb12' finished on 2
2015-05-11 17:33:59.508 [IPControllerApp] task::task u'b89e74a5-b2e2-49c7-9698-d6ccc148dbaa' arrived on 2
2015-05-11 17:33:59.511 [IPControllerApp] task::task u'c54effd6-09e7-4734-827c-288efb8d9c18' finished on 2
2015-05-11 17:33:59.513 [IPControllerApp] task::task u'1ad10de1-f41a-4aba-9fda-50dac5ee9f69' arrived on 3
2015-05-11 17:33:59.517 [IPControllerApp] task::task u'451f0a5a-7fc0-4d05-94c9-b85346d185e0' finished on 3
2015-05-11 17:33:59.519 [IPControllerApp] task::task u'682aa6e1-1161-4f52-8c4c-8dffb4a669f0' arrived on 2
2015-05-11 17:33:59.520 [IPControllerApp] task::task u'b89e74a5-b2e2-49c7-9698-d6ccc148dbaa' finished on 2
2015-05-11 17:33:59.522 [IPControllerApp] task::task u'b5152293-ae18-40e1-8cfd-bba5cbb259d7' arrived on 2
2015-05-11 17:33:59.523 [IPControllerApp] task::task u'682aa6e1-1161-4f52-8c4c-8dffb4a669f0' finished on 2
2015-05-11 17:33:59.524 [IPControllerApp] task::task u'b6831f7b-7c16-4825-99d4-7b88c7188e9d' arrived on 2
2015-05-11 17:33:59.525 [IPControllerApp] task::task u'b5152293-ae18-40e1-8cfd-bba5cbb259d7' finished on 2
2015-05-11 17:33:59.529 [IPControllerApp] task::task u'5985d1ca-c435-4811-a764-f0ac2fda6c23' arrived on 3
2015-05-11 17:33:59.530 [IPControllerApp] task::task u'1ad10de1-f41a-4aba-9fda-50dac5ee9f69' finished on 3
2015-05-11 17:33:59.530 [IPControllerApp] task::task u'756c3645-cbde-4c83-b332-1f45be2ac27b' arrived on 2
2015-05-11 17:33:59.532 [IPControllerApp] task::task u'b6831f7b-7c16-4825-99d4-7b88c7188e9d' finished on 2
2015-05-11 17:33:59.534 [IPControllerApp] task::task u'2b6678d2-3505-4f73-bd69-9f1c1edda1e0' arrived on 2
2015-05-11 17:33:59.535 [IPControllerApp] task::task u'756c3645-cbde-4c83-b332-1f45be2ac27b' finished on 2
2015-05-11 17:33:59.538 [IPControllerApp] task::task u'3fb719f5-7031-42c8-9b78-d71dff8beea0' arrived on 2
2015-05-11 17:33:59.540 [IPControllerApp] task::task u'2b6678d2-3505-4f73-bd69-9f1c1edda1e0' finished on 2
2015-05-11 17:33:59.545 [IPControllerApp] task::task u'afd10d7a-7964-4820-a976-c98488b54215' arrived on 3
2015-05-11 17:33:59.545 [IPControllerApp] task::task u'5985d1ca-c435-4811-a764-f0ac2fda6c23' finished on 3
2015-05-11 17:33:59.546 [IPControllerApp] task::task u'647399e5-3d93-4506-bd3d-95e372974ccc' arrived on 2
2015-05-11 17:33:59.547 [IPControllerApp] task::task u'3fb719f5-7031-42c8-9b78-d71dff8beea0' finished on 2
2015-05-11 17:33:59.549 [IPControllerApp] task::task u'b3f93c3f-18cd-4693-9be8-b6a62ca11267' arrived on 2
2015-05-11 17:33:59.550 [IPControllerApp] task::task u'647399e5-3d93-4506-bd3d-95e372974ccc' finished on 2
2015-05-11 17:33:59.554 [IPControllerApp] task::task u'06d969a0-e907-4094-bf28-280515febdb8' arrived on 2
2015-05-11 17:33:59.555 [IPControllerApp] task::task u'b3f93c3f-18cd-4693-9be8-b6a62ca11267' finished on 2
2015-05-11 17:33:59.562 [IPControllerApp] task::task u'cbbdeab3-3849-4d48-892b-cc2c4ff7a57b' arrived on 3
2015-05-11 17:33:59.563 [IPControllerApp] task::task u'afd10d7a-7964-4820-a976-c98488b54215' finished on 3
2015-05-11 17:33:59.566 [IPControllerApp] task::task u'ccc209da-0a86-4ee0-bf9e-4fc80cd67552' arrived on 2
2015-05-11 17:33:59.580 [IPControllerApp] task::task u'06d969a0-e907-4094-bf28-280515febdb8' finished on 2
2015-05-11 17:33:59.583 [IPControllerApp] task::task u'e1926499-6812-4dc7-aec8-bd1ab16c0cbf' arrived on 2
2015-05-11 17:33:59.587 [IPControllerApp] task::task u'ccc209da-0a86-4ee0-bf9e-4fc80cd67552' finished on 2
2015-05-11 17:33:59.597 [IPControllerApp] task::task u'fc4f30dc-54ce-4562-8a6b-61e0a3b8c081' arrived on 1
2015-05-11 17:33:59.598 [IPControllerApp] task::task u'c8f31973-58e7-49c1-a659-fe1bc59021a8' finished on 1
2015-05-11 17:33:59.602 [IPControllerApp] task::task u'd93c4daa-6c65-4675-9bc4-b8664c9c119a' arrived on 1
2015-05-11 17:33:59.603 [IPControllerApp] task::task u'fc4f30dc-54ce-4562-8a6b-61e0a3b8c081' finished on 1
2015-05-11 17:33:59.604 [IPControllerApp] task::task u'ccad29f7-de59-45c8-bff3-8997fdb45790' arrived on 0
2015-05-11 17:33:59.605 [IPControllerApp] task::task u'84ac8137-e288-47b4-9a08-cdac7a4a443c' finished on 0
2015-05-11 17:33:59.606 [IPControllerApp] task::task u'2b6234d9-a268-4986-81db-372074d5f99c' arrived on 1
2015-05-11 17:33:59.607 [IPControllerApp] task::task u'd93c4daa-6c65-4675-9bc4-b8664c9c119a' finished on 1
2015-05-11 17:33:59.608 [IPControllerApp] task::task u'ac807296-fd8b-4fab-ad5b-7e325303da34' arrived on 0
2015-05-11 17:33:59.609 [IPControllerApp] task::task u'ccad29f7-de59-45c8-bff3-8997fdb45790' finished on 0
2015-05-11 17:33:59.610 [IPControllerApp] task::task u'2b6234d9-a268-4986-81db-372074d5f99c' finished on 1
2015-05-11 17:33:59.611 [IPControllerApp] task::task u'ac807296-fd8b-4fab-ad5b-7e325303da34' finished on 0
2015-05-11 17:33:59.613 [IPControllerApp] task::task u'cbbdeab3-3849-4d48-892b-cc2c4ff7a57b' finished on 3
2015-05-11 17:33:59.614 [IPControllerApp] task::task u'e1926499-6812-4dc7-aec8-bd1ab16c0cbf' finished on 2
2015-05-11 17:33:59.615 [IPControllerApp] queue::client '\x00\x06\x05\x8e\xd8' submitted request u'ab3d3ce9-3e3e-4b86-a43f-4973ba1d1646' to 0
2015-05-11 17:33:59.617 [IPControllerApp] queue::client '\x00\x06\x05\x8e\xd8' submitted request u'9237ee11-480c-410d-95a7-ca2933e8825e' to 1
2015-05-11 17:33:59.620 [IPControllerApp] queue::client '\x00\x06\x05\x8e\xd8' submitted request u'0f7257fe-aa6f-4718-bba6-e614f82924cf' to 2
2015-05-11 17:33:59.623 [IPControllerApp] queue::client '\x00\x06\x05\x8e\xd8' submitted request u'0abed659-0d6f-4584-9190-37608db38f9d' to 3
2015-05-11 17:33:59.624 [IPControllerApp] queue::request u'9237ee11-480c-410d-95a7-ca2933e8825e' completed on 1
2015-05-11 17:33:59.625 [IPControllerApp] queue::request u'ab3d3ce9-3e3e-4b86-a43f-4973ba1d1646' completed on 0
2015-05-11 17:33:59.626 [IPControllerApp] queue::request u'0abed659-0d6f-4584-9190-37608db38f9d' completed on 3
2015-05-11 17:33:59.636 [IPControllerApp] queue::request u'0f7257fe-aa6f-4718-bba6-e614f82924cf' completed on 2
2015-05-11 17:42:02.813 [IPControllerApp] task::task u'd6c9a7ca-3952-4cfc-869f-4dfb4d64fe44' arrived on 3
2015-05-11 17:42:02.813 [IPControllerApp] task::task u'de4366bd-6a3d-4c20-8675-d107457f67ba' arrived on 2
2015-05-11 17:42:17.443 [IPControllerApp] task::task u'de4366bd-6a3d-4c20-8675-d107457f67ba' finished on 2
2015-05-11 17:42:17.501 [IPControllerApp] task::task u'd6c9a7ca-3952-4cfc-869f-4dfb4d64fe44' finished on 3
2015-05-11 17:42:35.455 [IPControllerApp] task::task u'3f4e6111-1f60-45fb-987d-dd79f84e5b91' arrived on 1
2015-05-11 17:42:35.456 [IPControllerApp] task::task u'18a3921d-b94f-4f7c-a672-ada7bedbd079' arrived on 0
2015-05-11 17:42:35.458 [IPControllerApp] task::task u'7a4e251a-0b26-49a1-9db7-12aaf857cabb' arrived on 3
2015-05-11 17:42:35.468 [IPControllerApp] task::task u'f57e8ca4-1412-413b-b961-cedd385f102a' arrived on 2
2015-05-11 17:42:38.692 [IPControllerApp] task::task u'f57e8ca4-1412-413b-b961-cedd385f102a' finished on 2
2015-05-11 17:42:45.194 [IPControllerApp] task::task u'7a4e251a-0b26-49a1-9db7-12aaf857cabb' finished on 3
2015-05-11 17:42:54.982 [IPControllerApp] task::task u'18a3921d-b94f-4f7c-a672-ada7bedbd079' finished on 0
2015-05-11 17:42:55.163 [IPControllerApp] task::task u'3f4e6111-1f60-45fb-987d-dd79f84e5b91' finished on 1
2015-05-11 17:52:40.918 [IPControllerApp] task::task u'a1e4aee0-aa2b-45d7-acaa-9961a1e89307' arrived on 1
2015-05-11 17:52:40.919 [IPControllerApp] task::task u'b52c99f2-eeff-40c2-9f79-ef4a0b2f962d' arrived on 0
2015-05-11 17:52:40.921 [IPControllerApp] task::task u'151dd0dc-555b-4a2d-9470-f8e3d9c07952' arrived on 3
2015-05-11 17:52:40.925 [IPControllerApp] task::task u'43cd6542-5fa4-4a92-bdef-7694d8d163eb' arrived on 2
2015-05-11 17:52:43.885 [IPControllerApp] task::task u'43cd6542-5fa4-4a92-bdef-7694d8d163eb' finished on 2
2015-05-11 17:52:50.344 [IPControllerApp] task::task u'151dd0dc-555b-4a2d-9470-f8e3d9c07952' finished on 3
2015-05-11 17:52:59.230 [IPControllerApp] task::task u'b52c99f2-eeff-40c2-9f79-ef4a0b2f962d' finished on 0
2015-05-11 17:52:59.494 [IPControllerApp] task::task u'a1e4aee0-aa2b-45d7-acaa-9961a1e89307' finished on 1
2015-05-11 18:54:55.846 [IPControllerApp] queue::client '\x00\x06\x05\x8e\xd8' submitted request u'353eae20-adad-4423-a911-e8cf1dfe123b' to 0
2015-05-11 18:54:55.913 [IPControllerApp] queue::client '\x00\x06\x05\x8e\xd8' submitted request u'786dc1d7-aa66-4d34-a3a5-98a67ceb0841' to 1
2015-05-11 18:54:55.965 [IPControllerApp] queue::client '\x00\x06\x05\x8e\xd8' submitted request u'11b350a3-34a6-4637-b705-c594b8df8c46' to 2
2015-05-11 18:54:56.057 [IPControllerApp] queue::client '\x00\x06\x05\x8e\xd8' submitted request u'7e6bd86b-362f-43e5-bfca-486690b183bf' to 3
2015-05-11 18:55:32.472 [IPControllerApp] queue::client '\x00\x06\x05\x8e\xd8' submitted request u'f4b2050f-06b8-4312-8bf6-51bbaee872cc' to 0
2015-05-11 18:55:32.547 [IPControllerApp] queue::client '\x00\x06\x05\x8e\xd8' submitted request u'2fd7bbdd-03f9-4650-856f-a75abfc91429' to 1
2015-05-11 18:55:32.621 [IPControllerApp] queue::client '\x00\x06\x05\x8e\xd8' submitted request u'eb782e04-85b0-496c-aeae-4ed14d7cc1e9' to 2
2015-05-11 18:55:32.689 [IPControllerApp] queue::client '\x00\x06\x05\x8e\xd8' submitted request u'87b41502-22bb-4a53-9ad1-fd3ee1f93e22' to 3
2015-05-11 18:56:11.359 [IPControllerApp] queue::request u'7e6bd86b-362f-43e5-bfca-486690b183bf' completed on 3
2015-05-11 18:56:11.369 [IPControllerApp] queue::request u'87b41502-22bb-4a53-9ad1-fd3ee1f93e22' completed on 3
2015-05-11 18:56:11.714 [IPControllerApp] queue::request u'11b350a3-34a6-4637-b705-c594b8df8c46' completed on 2
2015-05-11 18:56:11.720 [IPControllerApp] queue::request u'eb782e04-85b0-496c-aeae-4ed14d7cc1e9' completed on 2
2015-05-11 18:56:12.015 [IPControllerApp] queue::request u'786dc1d7-aa66-4d34-a3a5-98a67ceb0841' completed on 1
2015-05-11 18:56:12.019 [IPControllerApp] queue::request u'2fd7bbdd-03f9-4650-856f-a75abfc91429' completed on 1
2015-05-11 18:56:12.251 [IPControllerApp] queue::request u'353eae20-adad-4423-a911-e8cf1dfe123b' completed on 0
2015-05-11 18:56:12.256 [IPControllerApp] queue::request u'f4b2050f-06b8-4312-8bf6-51bbaee872cc' completed on 0
2015-05-11 19:13:07.515 [IPControllerApp] queue::client '\x00\x06\x05\x8e\xd8' submitted request u'36d170e1-dbd8-448f-a7b9-6e3c9d7e45d0' to 0
2015-05-11 19:13:07.916 [IPControllerApp] queue::client '\x00\x06\x05\x8e\xd8' submitted request u'3bed2c17-507b-4e88-b932-c8ffe3470fbb' to 1
2015-05-11 19:13:08.753 [IPControllerApp] queue::client '\x00\x06\x05\x8e\xd8' submitted request u'57283e39-d439-4ade-b8a9-727115ed19ff' to 2
2015-05-11 19:13:09.530 [IPControllerApp] queue::client '\x00\x06\x05\x8e\xd8' submitted request u'34b7d89e-85f8-4299-bcf6-a985f18663e7' to 3
2015-05-11 19:19:13.700 [IPControllerApp] queue::request u'57283e39-d439-4ade-b8a9-727115ed19ff' completed on 2
2015-05-11 19:19:13.948 [IPControllerApp] queue::request u'34b7d89e-85f8-4299-bcf6-a985f18663e7' completed on 3
2015-05-11 19:19:16.574 [IPControllerApp] queue::request u'3bed2c17-507b-4e88-b932-c8ffe3470fbb' completed on 1
2015-05-11 19:19:20.338 [IPControllerApp] queue::request u'36d170e1-dbd8-448f-a7b9-6e3c9d7e45d0' completed on 0
2015-05-11 20:38:27.389 [IPControllerApp] queue::client '\x00\x06\x05\x8e\xd8' submitted request u'a39401c9-c152-4d51-a69a-b6fc06b37746' to 0
2015-05-11 20:38:27.494 [IPControllerApp] queue::client '\x00\x06\x05\x8e\xd8' submitted request u'5cb7fa0e-590c-448d-b077-198fdabb5b2c' to 1
2015-05-11 20:38:27.580 [IPControllerApp] queue::client '\x00\x06\x05\x8e\xd8' submitted request u'3d9d5360-2b74-43e2-a905-a163f2040a80' to 2
2015-05-11 20:38:27.618 [IPControllerApp] queue::client '\x00\x06\x05\x8e\xd8' submitted request u'2299c6dd-f16d-44b4-9b6e-00a67be2abce' to 3
2015-05-11 20:40:19.389 [IPControllerApp] queue::request u'2299c6dd-f16d-44b4-9b6e-00a67be2abce' completed on 3
2015-05-11 20:40:19.946 [IPControllerApp] queue::request u'3d9d5360-2b74-43e2-a905-a163f2040a80' completed on 2
2015-05-11 20:40:20.308 [IPControllerApp] queue::request u'a39401c9-c152-4d51-a69a-b6fc06b37746' completed on 0
2015-05-11 20:40:20.440 [IPControllerApp] queue::request u'5cb7fa0e-590c-448d-b077-198fdabb5b2c' completed on 1
2015-05-11 20:49:13.611 [IPControllerApp] queue::client '\x00\x06\x05\x8e\xd8' submitted request u'042eab0f-1f9e-4b4c-875b-b3985974c701' to 0
2015-05-11 20:49:13.652 [IPControllerApp] queue::client '\x00\x06\x05\x8e\xd8' submitted request u'ea6a50c3-dd88-4d8e-ae6a-bc58874f2bf8' to 1
2015-05-11 20:49:13.759 [IPControllerApp] queue::client '\x00\x06\x05\x8e\xd8' submitted request u'b4cb56e7-c4df-402e-aae5-98c49af3b3d0' to 2
2015-05-11 20:49:13.860 [IPControllerApp] queue::client '\x00\x06\x05\x8e\xd8' submitted request u'75a74747-1105-45f4-a595-cdc2f03fa715' to 3
2015-05-11 20:49:14.257 [IPControllerApp] queue::request u'042eab0f-1f9e-4b4c-875b-b3985974c701' completed on 0
2015-05-11 20:49:14.314 [IPControllerApp] queue::request u'ea6a50c3-dd88-4d8e-ae6a-bc58874f2bf8' completed on 1
2015-05-11 20:49:14.432 [IPControllerApp] queue::request u'b4cb56e7-c4df-402e-aae5-98c49af3b3d0' completed on 2
2015-05-11 20:49:14.457 [IPControllerApp] queue::request u'75a74747-1105-45f4-a595-cdc2f03fa715' completed on 3
2015-05-11 20:52:31.516 [IPControllerApp] queue::client '\x00\x06\x05\x8e\xd8' submitted request u'8ca940b4-442f-44d8-84db-ba7a2d988ff4' to 0
2015-05-11 20:52:43.173 [IPControllerApp] queue::client '\x00\x06\x05\x8e\xd8' submitted request u'2c011555-4870-4d7f-988c-f79c14c9e94e' to 1
2015-05-11 20:52:56.314 [IPControllerApp] queue::client '\x00\x06\x05\x8e\xd8' submitted request u'6ea19fc0-f24f-4358-984b-f787d6a13c2a' to 2
2015-05-11 20:53:07.815 [IPControllerApp] queue::client '\x00\x06\x05\x8e\xd8' submitted request u'9dfb7331-6c3e-4211-81bb-647d5b951d3f' to 3
2015-05-11 20:53:24.388 [IPControllerApp] queue::request u'8ca940b4-442f-44d8-84db-ba7a2d988ff4' completed on 0
2015-05-11 20:53:31.579 [IPControllerApp] queue::request u'2c011555-4870-4d7f-988c-f79c14c9e94e' completed on 1
2015-05-11 20:53:44.098 [IPControllerApp] queue::request u'9dfb7331-6c3e-4211-81bb-647d5b951d3f' completed on 3
2015-05-11 20:53:45.401 [IPControllerApp] queue::request u'6ea19fc0-f24f-4358-984b-f787d6a13c2a' completed on 2
2015-05-11 21:12:42.981 [IPControllerApp] queue::client '\x00\x06\x05\x8e\xd8' submitted request u'40dcd753-9720-4551-9d5a-8a4216fd5562' to 0
2015-05-11 21:13:06.823 [IPControllerApp] queue::request u'40dcd753-9720-4551-9d5a-8a4216fd5562' completed on 0
2015-05-11 21:13:47.427 [IPControllerApp] queue::client '\x00\x06\x05\x8e\xd8' submitted request u'91618ea4-32c5-46ee-9766-36f41953af49' to 1
2015-05-11 21:14:03.521 [IPControllerApp] queue::request u'91618ea4-32c5-46ee-9766-36f41953af49' completed on 1
2015-05-11 21:14:46.714 [IPControllerApp] queue::client '\x00\x06\x05\x8e\xd8' submitted request u'6ee56341-eec1-4594-b2af-534356554d9b' to 2
2015-05-11 21:15:08.905 [IPControllerApp] queue::request u'6ee56341-eec1-4594-b2af-534356554d9b' completed on 2
2015-05-11 21:15:53.186 [IPControllerApp] queue::client '\x00\x06\x05\x8e\xd8' submitted request u'0781d68d-3b07-434a-8a04-c6d633b53fd7' to 3
2015-05-11 21:16:06.108 [IPControllerApp] queue::request u'0781d68d-3b07-434a-8a04-c6d633b53fd7' completed on 3
2015-05-11 21:17:39.437 [IPControllerApp] queue::client '\x00\x06\x05\x8e\xd8' submitted request u'1bba9775-065a-46de-a255-0302085f544c' to 0
2015-05-11 21:18:13.500 [IPControllerApp] queue::request u'1bba9775-065a-46de-a255-0302085f544c' completed on 0
2015-05-11 21:19:31.144 [IPControllerApp] queue::client '\x00\x06\x05\x8e\xd8' submitted request u'daca99fd-90da-4818-932e-a53a26f64413' to 1
2015-05-11 21:20:53.246 [IPControllerApp] queue::client '\x00\x06\x05\x8e\xd8' submitted request u'9fe2f950-9dfc-4880-9d37-feb0a5ac3b04' to 2
2015-05-11 21:20:53.464 [IPControllerApp] queue::request u'daca99fd-90da-4818-932e-a53a26f64413' completed on 1
2015-05-11 21:21:35.424 [IPControllerApp] queue::request u'9fe2f950-9dfc-4880-9d37-feb0a5ac3b04' completed on 2
2015-05-11 21:21:55.357 [IPControllerApp] queue::client '\x00\x06\x05\x8e\xd8' submitted request u'4e1d1456-23e5-4888-8aff-41c6972b9221' to 3
2015-05-11 21:22:34.351 [IPControllerApp] queue::request u'4e1d1456-23e5-4888-8aff-41c6972b9221' completed on 3
2015-05-11 21:27:45.770 [IPControllerApp] task::task u'5262801a-962d-4532-9d77-e0d6a9136495' arrived on 1
2015-05-11 21:27:45.777 [IPControllerApp] task::task u'8f640ec7-2a37-4bdb-ade6-c1e12d59d9de' arrived on 0
2015-05-11 21:27:45.777 [IPControllerApp] task::task u'e7cce798-9ff4-4b4b-8d4a-ef9d68ff11f6' arrived on 3
2015-05-11 21:27:45.778 [IPControllerApp] task::task u'0b799b03-5ec4-4112-ac4d-5a12944709c6' arrived on 2
2015-05-11 21:27:57.756 [IPControllerApp] task::task u'0b799b03-5ec4-4112-ac4d-5a12944709c6' finished on 2
2015-05-11 21:28:10.524 [IPControllerApp] task::task u'e7cce798-9ff4-4b4b-8d4a-ef9d68ff11f6' finished on 3
2015-05-11 21:28:21.992 [IPControllerApp] task::task u'5262801a-962d-4532-9d77-e0d6a9136495' finished on 1
2015-05-11 21:28:22.165 [IPControllerApp] task::task u'8f640ec7-2a37-4bdb-ade6-c1e12d59d9de' finished on 0
2015-05-15 08:11:26.644 [IPControllerApp] heartbeat::missed e55162ba-e926-43be-9186-e68196099815 : 1
2015-05-15 08:11:26.885 [IPControllerApp] WARNING | heartbeat::heart 'e55162ba-e926-43be-9186-e68196099815' missed a beat, and took 13861032.02 ms to respond
2015-05-15 14:56:27.559 [IPControllerApp] client::client '\x00\x80\x00A\xa9' requested u'connection_request'
2015-05-15 14:56:27.567 [IPControllerApp] client::client ['\x00\x80\x00A\xa9'] connected
2015-05-15 14:56:27.623 [IPControllerApp] queue::client '\x00\x06\x05\x8e\xd9' submitted request u'7c2b4d24-123a-43f4-8d12-4651b27155d5' to 0
2015-05-15 14:56:27.630 [IPControllerApp] queue::client '\x00\x06\x05\x8e\xd9' submitted request u'055eac5f-933c-466f-a78e-39958a38e568' to 1
2015-05-15 14:56:27.632 [IPControllerApp] queue::client '\x00\x06\x05\x8e\xd9' submitted request u'bd3092de-d321-4c31-99fc-9d9d85974626' to 2
2015-05-15 14:56:27.633 [IPControllerApp] queue::client '\x00\x06\x05\x8e\xd9' submitted request u'a6507536-79d5-4c15-81ef-a717c5fc4635' to 3
2015-05-15 14:56:27.810 [IPControllerApp] queue::request u'a6507536-79d5-4c15-81ef-a717c5fc4635' completed on 3
2015-05-15 14:56:27.834 [IPControllerApp] queue::request u'7c2b4d24-123a-43f4-8d12-4651b27155d5' completed on 0
2015-05-15 14:56:27.859 [IPControllerApp] queue::request u'055eac5f-933c-466f-a78e-39958a38e568' completed on 1
2015-05-15 14:56:27.901 [IPControllerApp] queue::request u'bd3092de-d321-4c31-99fc-9d9d85974626' completed on 2
2015-05-15 14:56:27.930 [IPControllerApp] task::task u'03ddeb4e-00ec-4ec8-8812-79ecee703f5c' arrived on 1
2015-05-15 14:56:27.931 [IPControllerApp] task::task u'37c45359-05d8-44e2-a691-9d404ae8da3a' arrived on 0
2015-05-15 14:56:27.934 [IPControllerApp] task::task u'2edb127f-0591-4d34-824a-9ba18fee3eb9' arrived on 3
2015-05-15 14:56:27.938 [IPControllerApp] task::task u'4875c624-2146-4b4c-bbb5-6fa851ceb206' arrived on 2
2015-05-15 14:56:27.959 [IPControllerApp] task::task u'e96e9d96-1ef0-4e0d-8707-78401bf9c6eb' arrived on 1
2015-05-15 14:56:27.960 [IPControllerApp] task::task u'03ddeb4e-00ec-4ec8-8812-79ecee703f5c' finished on 1
2015-05-15 14:56:27.966 [IPControllerApp] task::task u'189fa80b-603d-4cfe-bde4-66c74557cf98' arrived on 0
2015-05-15 14:56:27.970 [IPControllerApp] task::task u'37c45359-05d8-44e2-a691-9d404ae8da3a' finished on 0
2015-05-15 14:56:27.972 [IPControllerApp] task::task u'7be5328c-febe-4662-b608-e7713342af33' arrived on 3
2015-05-15 14:56:27.977 [IPControllerApp] task::task u'2edb127f-0591-4d34-824a-9ba18fee3eb9' finished on 3
2015-05-15 14:56:27.995 [IPControllerApp] task::task u'0a5735a7-095d-4fb3-9af4-fcb03e8a84dc' arrived on 1
2015-05-15 14:56:27.996 [IPControllerApp] task::task u'e96e9d96-1ef0-4e0d-8707-78401bf9c6eb' finished on 1
2015-05-15 14:56:27.997 [IPControllerApp] task::task u'6e4f9ef5-f6ad-4b62-96e7-1a03c22fda66' arrived on 0
2015-05-15 14:56:27.999 [IPControllerApp] task::task u'189fa80b-603d-4cfe-bde4-66c74557cf98' finished on 0
2015-05-15 14:56:28.000 [IPControllerApp] task::task u'2d25fe55-7345-4050-8a42-bbe4cbf2d263' arrived on 3
2015-05-15 14:56:28.001 [IPControllerApp] task::task u'7be5328c-febe-4662-b608-e7713342af33' finished on 3
2015-05-15 14:56:28.003 [IPControllerApp] task::task u'd510c5b8-c566-4cfd-b657-f586b70fc6d4' arrived on 2
2015-05-15 14:56:28.004 [IPControllerApp] task::task u'4875c624-2146-4b4c-bbb5-6fa851ceb206' finished on 2
2015-05-15 14:56:28.005 [IPControllerApp] task::task u'a94d5c7c-623e-4f92-8f79-8dcc79ce6f32' arrived on 1
2015-05-15 14:56:28.006 [IPControllerApp] task::task u'0a5735a7-095d-4fb3-9af4-fcb03e8a84dc' finished on 1
2015-05-15 14:56:28.007 [IPControllerApp] task::task u'50ac3beb-1914-4a4b-a4b5-28d06d5a7f87' arrived on 3
2015-05-15 14:56:28.009 [IPControllerApp] task::task u'2d25fe55-7345-4050-8a42-bbe4cbf2d263' finished on 3
2015-05-15 14:56:28.010 [IPControllerApp] task::task u'5516599c-fd09-4ebd-a26c-83e475e610d6' arrived on 0
2015-05-15 14:56:28.011 [IPControllerApp] task::task u'6e4f9ef5-f6ad-4b62-96e7-1a03c22fda66' finished on 0
2015-05-15 14:56:28.015 [IPControllerApp] task::task u'1f149f6d-047a-46a9-93c8-cb08c0db0230' arrived on 1
2015-05-15 14:56:28.016 [IPControllerApp] task::task u'a94d5c7c-623e-4f92-8f79-8dcc79ce6f32' finished on 1
2015-05-15 14:56:28.017 [IPControllerApp] task::task u'2b51ee12-2155-462d-a679-34e1e105f390' arrived on 0
2015-05-15 14:56:28.018 [IPControllerApp] task::task u'5516599c-fd09-4ebd-a26c-83e475e610d6' finished on 0
2015-05-15 14:56:28.019 [IPControllerApp] task::task u'ec743047-fc77-47ea-87cd-61dd783d3cc3' arrived on 3
2015-05-15 14:56:28.020 [IPControllerApp] task::task u'50ac3beb-1914-4a4b-a4b5-28d06d5a7f87' finished on 3
2015-05-15 14:56:28.021 [IPControllerApp] task::task u'fe0d7cb1-ce77-4c9a-aef4-8bd97b9e4b37' arrived on 2
2015-05-15 14:56:28.023 [IPControllerApp] task::task u'd510c5b8-c566-4cfd-b657-f586b70fc6d4' finished on 2
2015-05-15 14:56:28.023 [IPControllerApp] task::task u'ac511f44-abeb-4f81-93bf-a42d3618987c' arrived on 1
2015-05-15 14:56:28.024 [IPControllerApp] task::task u'1f149f6d-047a-46a9-93c8-cb08c0db0230' finished on 1
2015-05-15 14:56:28.025 [IPControllerApp] task::task u'6dded8d8-34fd-4ca4-b870-bfd59addd088' arrived on 0
2015-05-15 14:56:28.025 [IPControllerApp] task::task u'2b51ee12-2155-462d-a679-34e1e105f390' finished on 0
2015-05-15 14:56:28.029 [IPControllerApp] task::task u'271ac674-5ce7-4f19-abc2-7d5d1a37e020' arrived on 3
2015-05-15 14:56:28.030 [IPControllerApp] task::task u'ec743047-fc77-47ea-87cd-61dd783d3cc3' finished on 3
2015-05-15 14:56:28.031 [IPControllerApp] task::task u'8c830cca-e845-4041-a5f8-0325fd0dd526' arrived on 2
2015-05-15 14:56:28.033 [IPControllerApp] task::task u'fe0d7cb1-ce77-4c9a-aef4-8bd97b9e4b37' finished on 2
2015-05-15 14:56:28.034 [IPControllerApp] task::task u'4288d496-fc54-4e32-a7c9-91e0e03cc6fa' arrived on 0
2015-05-15 14:56:28.035 [IPControllerApp] task::task u'6dded8d8-34fd-4ca4-b870-bfd59addd088' finished on 0
2015-05-15 14:56:28.036 [IPControllerApp] task::task u'07e6461c-2595-4a8f-8d5d-8cc789703286' arrived on 1
2015-05-15 14:56:28.036 [IPControllerApp] task::task u'ac511f44-abeb-4f81-93bf-a42d3618987c' finished on 1
2015-05-15 14:56:28.037 [IPControllerApp] task::task u'558c9b4c-88ed-4659-8059-9d325814c270' arrived on 3
2015-05-15 14:56:28.037 [IPControllerApp] task::task u'271ac674-5ce7-4f19-abc2-7d5d1a37e020' finished on 3
2015-05-15 14:56:28.042 [IPControllerApp] task::task u'19802b92-30e9-469e-bb9e-55f39a90f262' arrived on 3
2015-05-15 14:56:28.044 [IPControllerApp] task::task u'558c9b4c-88ed-4659-8059-9d325814c270' finished on 3
2015-05-15 14:56:28.045 [IPControllerApp] task::task u'80685bf1-8c8f-43f1-9ba8-0063abea3635' arrived on 1
2015-05-15 14:56:28.046 [IPControllerApp] task::task u'07e6461c-2595-4a8f-8d5d-8cc789703286' finished on 1
2015-05-15 14:56:28.047 [IPControllerApp] task::task u'04fc27c4-c95a-4486-91af-7cb571551b11' arrived on 0
2015-05-15 14:56:28.047 [IPControllerApp] task::task u'4288d496-fc54-4e32-a7c9-91e0e03cc6fa' finished on 0
2015-05-15 14:56:28.050 [IPControllerApp] task::task u'd336b21c-fc17-4168-8750-e2f60bf6cc1e' arrived on 2
2015-05-15 14:56:28.051 [IPControllerApp] task::task u'8c830cca-e845-4041-a5f8-0325fd0dd526' finished on 2
2015-05-15 14:56:28.053 [IPControllerApp] task::task u'8dd09977-1a5b-41e9-9e76-e3cb72482dc6' arrived on 3
2015-05-15 14:56:28.055 [IPControllerApp] task::task u'19802b92-30e9-469e-bb9e-55f39a90f262' finished on 3
2015-05-15 14:56:28.056 [IPControllerApp] task::task u'3ce76d49-addb-4dc0-9234-88fb7d02f8d0' arrived on 1
2015-05-15 14:56:28.056 [IPControllerApp] task::task u'80685bf1-8c8f-43f1-9ba8-0063abea3635' finished on 1
2015-05-15 14:56:28.057 [IPControllerApp] task::task u'b0a90cb8-ed46-4e3d-b05d-5bcc130ff6c4' arrived on 0
2015-05-15 14:56:28.057 [IPControllerApp] task::task u'04fc27c4-c95a-4486-91af-7cb571551b11' finished on 0
2015-05-15 14:56:28.062 [IPControllerApp] task::task u'd336b21c-fc17-4168-8750-e2f60bf6cc1e' finished on 2
2015-05-15 14:56:28.063 [IPControllerApp] task::task u'8dd09977-1a5b-41e9-9e76-e3cb72482dc6' finished on 3
2015-05-15 14:56:28.066 [IPControllerApp] task::task u'3ce76d49-addb-4dc0-9234-88fb7d02f8d0' finished on 1
2015-05-15 14:56:28.067 [IPControllerApp] task::task u'b0a90cb8-ed46-4e3d-b05d-5bcc130ff6c4' finished on 0
2015-05-15 14:56:28.069 [IPControllerApp] queue::client '\x00\x06\x05\x8e\xd9' submitted request u'a8c0ce1f-f38d-4216-9946-57f60634364d' to 0
2015-05-15 14:56:28.070 [IPControllerApp] queue::client '\x00\x06\x05\x8e\xd9' submitted request u'faf8cd62-d1f4-42e5-8034-497bc3f6704d' to 1
2015-05-15 14:56:28.072 [IPControllerApp] queue::client '\x00\x06\x05\x8e\xd9' submitted request u'54160792-49f6-4193-9938-253ab7169255' to 2
2015-05-15 14:56:28.077 [IPControllerApp] queue::client '\x00\x06\x05\x8e\xd9' submitted request u'0af7f760-60cd-4831-a1f7-3db982ea3463' to 3
2015-05-15 14:56:28.079 [IPControllerApp] queue::request u'0af7f760-60cd-4831-a1f7-3db982ea3463' completed on 3
2015-05-15 14:56:28.080 [IPControllerApp] queue::request u'a8c0ce1f-f38d-4216-9946-57f60634364d' completed on 0
2015-05-15 14:56:28.083 [IPControllerApp] queue::request u'faf8cd62-d1f4-42e5-8034-497bc3f6704d' completed on 1
2015-05-15 14:56:28.084 [IPControllerApp] queue::request u'54160792-49f6-4193-9938-253ab7169255' completed on 2
2015-05-15 14:56:28.085 [IPControllerApp] queue::client '\x00\x06\x05\x8e\xd9' submitted request u'99227990-16ba-4fa1-810b-14515dea1451' to 0
2015-05-15 14:56:28.087 [IPControllerApp] queue::client '\x00\x06\x05\x8e\xd9' submitted request u'dfeaf7ce-af8a-4cfd-881e-6a8b9e006c5f' to 1
2015-05-15 14:56:28.088 [IPControllerApp] queue::client '\x00\x06\x05\x8e\xd9' submitted request u'8e574e21-5e5a-466c-85d7-2b5590aa54b1' to 2
2015-05-15 14:56:28.090 [IPControllerApp] queue::request u'99227990-16ba-4fa1-810b-14515dea1451' completed on 0
2015-05-15 14:56:28.092 [IPControllerApp] queue::client '\x00\x06\x05\x8e\xd9' submitted request u'8587c270-b333-4c9b-b2e2-a8e3c537671a' to 3
2015-05-15 14:56:28.093 [IPControllerApp] queue::request u'dfeaf7ce-af8a-4cfd-881e-6a8b9e006c5f' completed on 1
2015-05-15 14:56:28.095 [IPControllerApp] queue::request u'8e574e21-5e5a-466c-85d7-2b5590aa54b1' completed on 2
2015-05-15 14:56:28.099 [IPControllerApp] queue::request u'8587c270-b333-4c9b-b2e2-a8e3c537671a' completed on 3
2015-05-15 14:56:28.101 [IPControllerApp] queue::client '\x00\x06\x05\x8e\xd9' submitted request u'9fc2a519-85ef-47ce-b670-fdb679b2ea7c' to 0
2015-05-15 14:56:28.102 [IPControllerApp] queue::client '\x00\x06\x05\x8e\xd9' submitted request u'338faed2-7aa8-41d6-8d43-04a7a9ddaaa5' to 1
2015-05-15 14:56:28.104 [IPControllerApp] queue::client '\x00\x06\x05\x8e\xd9' submitted request u'3ad24c51-d299-4995-b301-0f4eb507d0c4' to 2
2015-05-15 14:56:28.108 [IPControllerApp] queue::client '\x00\x06\x05\x8e\xd9' submitted request u'71d4ebb0-a213-4f7f-b743-af893695fc5b' to 3
2015-05-15 14:56:28.110 [IPControllerApp] queue::request u'338faed2-7aa8-41d6-8d43-04a7a9ddaaa5' completed on 1
2015-05-15 14:56:28.111 [IPControllerApp] queue::request u'9fc2a519-85ef-47ce-b670-fdb679b2ea7c' completed on 0
2015-05-15 14:56:28.113 [IPControllerApp] queue::request u'71d4ebb0-a213-4f7f-b743-af893695fc5b' completed on 3
2015-05-15 14:56:28.122 [IPControllerApp] queue::request u'3ad24c51-d299-4995-b301-0f4eb507d0c4' completed on 2
2015-05-15 15:22:25.516 [IPControllerApp] queue::client '\x00\x06\x05\x8e\xd9' submitted request u'a9c37534-b271-403f-a202-fa5a5252829c' to 0
2015-05-15 15:22:25.521 [IPControllerApp] queue::client '\x00\x06\x05\x8e\xd9' submitted request u'e9c8fbe4-cf0d-4c7f-a1c0-8349b59b9fb2' to 1
2015-05-15 15:22:25.522 [IPControllerApp] queue::client '\x00\x06\x05\x8e\xd9' submitted request u'4a741012-cb14-4631-b6bb-19f722304cce' to 2
2015-05-15 15:22:25.522 [IPControllerApp] queue::client '\x00\x06\x05\x8e\xd9' submitted request u'c4fcf028-4e17-4990-8e48-4d91eb3105a2' to 3
2015-05-15 15:22:25.730 [IPControllerApp] queue::request u'e9c8fbe4-cf0d-4c7f-a1c0-8349b59b9fb2' completed on 1
2015-05-15 15:22:25.731 [IPControllerApp] queue::request u'c4fcf028-4e17-4990-8e48-4d91eb3105a2' completed on 3
2015-05-15 15:22:25.737 [IPControllerApp] queue::request u'a9c37534-b271-403f-a202-fa5a5252829c' completed on 0
2015-05-15 15:22:25.755 [IPControllerApp] queue::request u'4a741012-cb14-4631-b6bb-19f722304cce' completed on 2
2015-05-15 15:22:25.811 [IPControllerApp] queue::client '\x00\x06\x05\x8e\xd9' submitted request u'55fb04fd-8e50-441c-a548-af4e40a9ae3b' to 0
2015-05-15 15:22:25.815 [IPControllerApp] queue::client '\x00\x06\x05\x8e\xd9' submitted request u'd0694fc8-656e-4350-abc6-65f8e7d94ee4' to 1
2015-05-15 15:22:25.819 [IPControllerApp] queue::client '\x00\x06\x05\x8e\xd9' submitted request u'c06e63b9-22ec-4cb2-826d-640ca44e59bd' to 2
2015-05-15 15:22:25.828 [IPControllerApp] queue::client '\x00\x06\x05\x8e\xd9' submitted request u'2d322538-4752-4696-879e-9076cf35d0de' to 3
2015-05-15 15:22:25.848 [IPControllerApp] queue::request u'55fb04fd-8e50-441c-a548-af4e40a9ae3b' completed on 0
2015-05-15 15:22:25.856 [IPControllerApp] queue::request u'2d322538-4752-4696-879e-9076cf35d0de' completed on 3
2015-05-15 15:22:25.857 [IPControllerApp] queue::request u'd0694fc8-656e-4350-abc6-65f8e7d94ee4' completed on 1
2015-05-15 15:22:25.867 [IPControllerApp] queue::request u'c06e63b9-22ec-4cb2-826d-640ca44e59bd' completed on 2
2015-05-15 15:22:26.082 [IPControllerApp] queue::client '\x00\x06\x05\x8e\xd9' submitted request u'992e89bf-c302-4ce4-aa6f-b2d23e648035' to 0
2015-05-15 15:22:26.148 [IPControllerApp] queue::client '\x00\x06\x05\x8e\xd9' submitted request u'455b88c2-bae3-4939-b4aa-230c1c02b7cf' to 1
2015-05-15 15:22:26.225 [IPControllerApp] queue::client '\x00\x06\x05\x8e\xd9' submitted request u'72ec9d2c-11b5-443d-86ad-73a7a2d7d0ce' to 2
2015-05-15 15:22:26.330 [IPControllerApp] queue::client '\x00\x06\x05\x8e\xd9' submitted request u'9402bdea-a500-418a-b20d-6bcda44f318b' to 3
2015-05-15 15:22:26.646 [IPControllerApp] queue::request u'992e89bf-c302-4ce4-aa6f-b2d23e648035' completed on 0
2015-05-15 15:22:26.698 [IPControllerApp] queue::request u'9402bdea-a500-418a-b20d-6bcda44f318b' completed on 3
2015-05-15 15:22:26.718 [IPControllerApp] queue::request u'455b88c2-bae3-4939-b4aa-230c1c02b7cf' completed on 1
2015-05-15 15:22:26.733 [IPControllerApp] queue::request u'72ec9d2c-11b5-443d-86ad-73a7a2d7d0ce' completed on 2
2015-05-15 15:22:26.746 [IPControllerApp] queue::client '\x00\x06\x05\x8e\xd9' submitted request u'5f2773ed-5b3e-453f-8a5a-e688552bf994' to 0
2015-05-15 15:22:26.747 [IPControllerApp] queue::client '\x00\x06\x05\x8e\xd9' submitted request u'd3c1ddbd-ab7e-4655-a887-68182018d38d' to 1
2015-05-15 15:22:26.750 [IPControllerApp] queue::client '\x00\x06\x05\x8e\xd9' submitted request u'7aa66daf-047f-48a3-b74d-21430097d1d6' to 2
2015-05-15 15:22:26.753 [IPControllerApp] queue::client '\x00\x06\x05\x8e\xd9' submitted request u'35d882a3-f248-43d3-8355-9b5e7a640660' to 3
2015-05-15 15:22:26.755 [IPControllerApp] queue::request u'5f2773ed-5b3e-453f-8a5a-e688552bf994' completed on 0
2015-05-15 15:22:26.757 [IPControllerApp] queue::request u'7aa66daf-047f-48a3-b74d-21430097d1d6' completed on 2
2015-05-15 15:22:26.759 [IPControllerApp] queue::request u'd3c1ddbd-ab7e-4655-a887-68182018d38d' completed on 1
2015-05-15 15:22:26.759 [IPControllerApp] queue::request u'35d882a3-f248-43d3-8355-9b5e7a640660' completed on 3
2015-05-15 15:22:26.766 [IPControllerApp] queue::client '\x00\x06\x05\x8e\xd9' submitted request u'76e299b5-9a5b-4584-92da-48b076e59ee9' to 0
2015-05-15 15:22:26.774 [IPControllerApp] queue::client '\x00\x06\x05\x8e\xd9' submitted request u'43b4d769-0dae-4fc3-b3f4-c189ab260613' to 1
2015-05-15 15:22:26.775 [IPControllerApp] queue::request u'76e299b5-9a5b-4584-92da-48b076e59ee9' completed on 0
2015-05-15 15:22:26.783 [IPControllerApp] queue::client '\x00\x06\x05\x8e\xd9' submitted request u'ea27fe23-6a41-4447-a768-92592daa681d' to 2
2015-05-15 15:22:26.784 [IPControllerApp] queue::request u'43b4d769-0dae-4fc3-b3f4-c189ab260613' completed on 1
2015-05-15 15:22:26.790 [IPControllerApp] queue::client '\x00\x06\x05\x8e\xd9' submitted request u'a8d85fa1-23ef-4fc9-a406-e6b1f02fb957' to 3
2015-05-15 15:22:26.796 [IPControllerApp] queue::request u'ea27fe23-6a41-4447-a768-92592daa681d' completed on 2
2015-05-15 15:22:26.804 [IPControllerApp] queue::request u'a8d85fa1-23ef-4fc9-a406-e6b1f02fb957' completed on 3
2015-05-15 15:22:26.811 [IPControllerApp] queue::client '\x00\x06\x05\x8e\xd9' submitted request u'a85fc94e-a257-4417-9742-131f4fdad6ed' to 0
2015-05-15 15:22:26.818 [IPControllerApp] queue::client '\x00\x06\x05\x8e\xd9' submitted request u'75e82aad-4274-4beb-82ae-c027f16a04cd' to 1
2015-05-15 15:22:26.826 [IPControllerApp] queue::client '\x00\x06\x05\x8e\xd9' submitted request u'4b537614-90f0-4d80-9930-1235782cfa5d' to 2
2015-05-15 15:22:26.828 [IPControllerApp] queue::request u'a85fc94e-a257-4417-9742-131f4fdad6ed' completed on 0
2015-05-15 15:22:26.834 [IPControllerApp] queue::request u'75e82aad-4274-4beb-82ae-c027f16a04cd' completed on 1
2015-05-15 15:22:26.841 [IPControllerApp] queue::client '\x00\x06\x05\x8e\xd9' submitted request u'f2de8c2d-5a6b-4793-a4ac-8f29db72759a' to 3
2015-05-15 15:22:26.843 [IPControllerApp] queue::request u'4b537614-90f0-4d80-9930-1235782cfa5d' completed on 2
2015-05-15 15:22:26.853 [IPControllerApp] queue::request u'f2de8c2d-5a6b-4793-a4ac-8f29db72759a' completed on 3
2015-05-15 15:22:26.857 [IPControllerApp] queue::client '\x00\x06\x05\x8e\xd9' submitted request u'aba7f2c3-e343-4271-99c9-110e3dcacaed' to 0
2015-05-15 15:22:26.857 [IPControllerApp] queue::client '\x00\x06\x05\x8e\xd9' submitted request u'52bf2625-6f82-4b58-870f-d9e029b44255' to 1
2015-05-15 15:22:26.858 [IPControllerApp] queue::client '\x00\x06\x05\x8e\xd9' submitted request u'4297db8b-be92-457e-b5ac-a5aeb673a1b0' to 2
2015-05-15 15:22:26.861 [IPControllerApp] queue::request u'aba7f2c3-e343-4271-99c9-110e3dcacaed' completed on 0
2015-05-15 15:22:26.862 [IPControllerApp] queue::request u'52bf2625-6f82-4b58-870f-d9e029b44255' completed on 1
2015-05-15 15:22:26.862 [IPControllerApp] queue::request u'4297db8b-be92-457e-b5ac-a5aeb673a1b0' completed on 2
2015-05-15 15:22:26.863 [IPControllerApp] queue::client '\x00\x06\x05\x8e\xd9' submitted request u'4c7e4279-a6f1-444b-88ca-8c317e33ea4b' to 3
2015-05-15 15:22:26.864 [IPControllerApp] queue::request u'4c7e4279-a6f1-444b-88ca-8c317e33ea4b' completed on 3
2015-05-15 15:22:26.874 [IPControllerApp] queue::client '\x00\x06\x05\x8e\xd9' submitted request u'dc19f391-91e9-4733-8795-1f1ab648324e' to 0
2015-05-15 15:22:26.879 [IPControllerApp] queue::client '\x00\x06\x05\x8e\xd9' submitted request u'99cdb268-204f-4774-a007-6e1f4f98a956' to 1
2015-05-15 15:22:26.890 [IPControllerApp] queue::client '\x00\x06\x05\x8e\xd9' submitted request u'23ede00a-b34b-4e71-ad84-618c7f3f4e01' to 2
2015-05-15 15:22:26.903 [IPControllerApp] queue::client '\x00\x06\x05\x8e\xd9' submitted request u'ee028904-26b5-4462-be5b-899c29d555c0' to 3
2015-05-15 15:23:04.392 [IPControllerApp] queue::request u'99cdb268-204f-4774-a007-6e1f4f98a956' completed on 1
2015-05-15 15:23:04.575 [IPControllerApp] queue::request u'23ede00a-b34b-4e71-ad84-618c7f3f4e01' completed on 2
2015-05-15 15:23:04.619 [IPControllerApp] queue::request u'dc19f391-91e9-4733-8795-1f1ab648324e' completed on 0
2015-05-15 15:23:04.663 [IPControllerApp] queue::request u'ee028904-26b5-4462-be5b-899c29d555c0' completed on 3
2015-05-15 15:23:11.057 [IPControllerApp] queue::client '\x00\x06\x05\x8e\xd9' submitted request u'e0c4d1e4-fbd5-4f6a-87e5-d2bc204ff455' to 0
2015-05-15 15:23:11.062 [IPControllerApp] queue::request u'e0c4d1e4-fbd5-4f6a-87e5-d2bc204ff455' completed on 0
2015-05-15 15:23:11.066 [IPControllerApp] queue::client '\x00\x06\x05\x8e\xd9' submitted request u'cda9e76c-8b48-4b7c-8c5b-ebc9f09ae569' to 1
2015-05-15 15:23:11.078 [IPControllerApp] queue::client '\x00\x06\x05\x8e\xd9' submitted request u'21260827-a438-442a-b77d-55f0f074b3c1' to 2
2015-05-15 15:23:11.083 [IPControllerApp] queue::request u'cda9e76c-8b48-4b7c-8c5b-ebc9f09ae569' completed on 1
2015-05-15 15:23:11.088 [IPControllerApp] queue::request u'21260827-a438-442a-b77d-55f0f074b3c1' completed on 2
2015-05-15 15:23:11.099 [IPControllerApp] queue::client '\x00\x06\x05\x8e\xd9' submitted request u'e65c43c2-ee0b-42d0-9e15-679bfb227aa1' to 3
2015-05-15 15:23:11.108 [IPControllerApp] queue::request u'e65c43c2-ee0b-42d0-9e15-679bfb227aa1' completed on 3
2015-05-15 15:23:11.138 [IPControllerApp] queue::client '\x00\x06\x05\x8e\xd9' submitted request u'6ba7aa22-5288-4866-800f-fb058db0a367' to 0
2015-05-15 15:23:11.149 [IPControllerApp] queue::request u'6ba7aa22-5288-4866-800f-fb058db0a367' completed on 0
2015-05-15 15:23:11.156 [IPControllerApp] queue::client '\x00\x06\x05\x8e\xd9' submitted request u'99e0de1e-488e-400a-ac97-1728b0319217' to 1
2015-05-15 15:23:11.165 [IPControllerApp] queue::request u'99e0de1e-488e-400a-ac97-1728b0319217' completed on 1
2015-05-15 15:23:11.173 [IPControllerApp] queue::client '\x00\x06\x05\x8e\xd9' submitted request u'024ccfa2-35cf-48f6-8a73-f567e6f89d32' to 2
2015-05-15 15:23:11.180 [IPControllerApp] queue::request u'024ccfa2-35cf-48f6-8a73-f567e6f89d32' completed on 2
2015-05-15 15:23:11.184 [IPControllerApp] queue::client '\x00\x06\x05\x8e\xd9' submitted request u'661b184d-5d28-4d8b-8dd6-b60e3706ddf0' to 3
2015-05-15 15:23:11.194 [IPControllerApp] queue::request u'661b184d-5d28-4d8b-8dd6-b60e3706ddf0' completed on 3
2015-05-15 15:23:11.283 [IPControllerApp] queue::client '\x00\x06\x05\x8e\xd9' submitted request u'0404576a-f880-4460-8834-e55a657f2c08' to 0
2015-05-15 15:23:11.387 [IPControllerApp] queue::request u'0404576a-f880-4460-8834-e55a657f2c08' completed on 0
2015-05-15 15:23:11.391 [IPControllerApp] queue::client '\x00\x06\x05\x8e\xd9' submitted request u'ce3d1517-76cb-4d67-b937-624d6ccee1d7' to 1
2015-05-15 15:23:11.499 [IPControllerApp] queue::request u'ce3d1517-76cb-4d67-b937-624d6ccee1d7' completed on 1
2015-05-15 15:23:11.535 [IPControllerApp] queue::client '\x00\x06\x05\x8e\xd9' submitted request u'38577d3a-f5a4-410d-9dcc-5c3a047436b9' to 2
2015-05-15 15:23:11.673 [IPControllerApp] queue::client '\x00\x06\x05\x8e\xd9' submitted request u'dea728d9-35b5-47cc-8268-6888854363a9' to 3
2015-05-15 15:23:11.685 [IPControllerApp] queue::request u'38577d3a-f5a4-410d-9dcc-5c3a047436b9' completed on 2
2015-05-15 15:23:12.016 [IPControllerApp] queue::request u'dea728d9-35b5-47cc-8268-6888854363a9' completed on 3
2015-05-15 15:23:12.020 [IPControllerApp] queue::client '\x00\x06\x05\x8e\xd9' submitted request u'764f8640-7ae4-4662-a08c-2340f0661644' to 0
2015-05-15 15:23:12.022 [IPControllerApp] queue::client '\x00\x06\x05\x8e\xd9' submitted request u'd865798b-c999-4097-a61f-60fdafea4ae9' to 1
2015-05-15 15:23:12.025 [IPControllerApp] queue::client '\x00\x06\x05\x8e\xd9' submitted request u'd556423f-f4ff-4e44-b4ee-0e6fd329f63b' to 2
2015-05-15 15:23:12.026 [IPControllerApp] queue::request u'764f8640-7ae4-4662-a08c-2340f0661644' completed on 0
2015-05-15 15:23:12.028 [IPControllerApp] queue::request u'd865798b-c999-4097-a61f-60fdafea4ae9' completed on 1
2015-05-15 15:23:12.029 [IPControllerApp] queue::client '\x00\x06\x05\x8e\xd9' submitted request u'13162cf5-9fe4-422b-abd9-b2c37fb0b6c7' to 3
2015-05-15 15:23:12.031 [IPControllerApp] queue::request u'd556423f-f4ff-4e44-b4ee-0e6fd329f63b' completed on 2
2015-05-15 15:23:12.034 [IPControllerApp] queue::request u'13162cf5-9fe4-422b-abd9-b2c37fb0b6c7' completed on 3
2015-05-15 15:23:12.045 [IPControllerApp] queue::client '\x00\x06\x05\x8e\xd9' submitted request u'66e04631-3b05-46a8-b511-d428d861be5b' to 0
2015-05-15 15:23:12.055 [IPControllerApp] queue::request u'66e04631-3b05-46a8-b511-d428d861be5b' completed on 0
2015-05-15 15:23:12.056 [IPControllerApp] queue::client '\x00\x06\x05\x8e\xd9' submitted request u'509e02b5-b57e-465b-bae0-37134973daea' to 1
2015-05-15 15:23:12.064 [IPControllerApp] queue::client '\x00\x06\x05\x8e\xd9' submitted request u'1db8cb2f-1759-40d2-858a-55c3f678957a' to 2
2015-05-15 15:23:12.073 [IPControllerApp] queue::request u'1db8cb2f-1759-40d2-858a-55c3f678957a' completed on 2
2015-05-15 15:23:12.074 [IPControllerApp] queue::request u'509e02b5-b57e-465b-bae0-37134973daea' completed on 1
2015-05-15 15:23:12.075 [IPControllerApp] queue::client '\x00\x06\x05\x8e\xd9' submitted request u'b7ea4f6d-5e7c-407b-b860-ddde872a0673' to 3
2015-05-15 15:23:12.088 [IPControllerApp] queue::request u'b7ea4f6d-5e7c-407b-b860-ddde872a0673' completed on 3
2015-05-15 15:23:12.099 [IPControllerApp] queue::client '\x00\x06\x05\x8e\xd9' submitted request u'f2e15792-60ad-41f6-94a6-733c9f79ee68' to 0
2015-05-15 15:23:12.106 [IPControllerApp] queue::request u'f2e15792-60ad-41f6-94a6-733c9f79ee68' completed on 0
2015-05-15 15:23:12.108 [IPControllerApp] queue::client '\x00\x06\x05\x8e\xd9' submitted request u'c4f64e84-c021-4c90-8bff-a91c109123fc' to 1
2015-05-15 15:23:12.115 [IPControllerApp] queue::client '\x00\x06\x05\x8e\xd9' submitted request u'2a933565-e6e5-43e1-ab7c-3a74d750f87d' to 2
2015-05-15 15:23:12.116 [IPControllerApp] queue::request u'c4f64e84-c021-4c90-8bff-a91c109123fc' completed on 1
2015-05-15 15:23:12.123 [IPControllerApp] queue::request u'2a933565-e6e5-43e1-ab7c-3a74d750f87d' completed on 2
2015-05-15 15:23:12.126 [IPControllerApp] queue::client '\x00\x06\x05\x8e\xd9' submitted request u'80d1dec6-bee5-41ac-8671-be865874f70c' to 3
2015-05-15 15:23:12.134 [IPControllerApp] queue::request u'80d1dec6-bee5-41ac-8671-be865874f70c' completed on 3
2015-05-15 15:23:12.135 [IPControllerApp] queue::client '\x00\x06\x05\x8e\xd9' submitted request u'eca0e2f1-26b3-43be-a41b-36be7e8dcb73' to 0
2015-05-15 15:23:12.136 [IPControllerApp] queue::client '\x00\x06\x05\x8e\xd9' submitted request u'085e362a-1f66-4347-a1fb-e3782e33b4f6' to 1
2015-05-15 15:23:12.139 [IPControllerApp] queue::request u'eca0e2f1-26b3-43be-a41b-36be7e8dcb73' completed on 0
2015-05-15 15:23:12.140 [IPControllerApp] queue::client '\x00\x06\x05\x8e\xd9' submitted request u'c1a8b02d-ff40-469c-b37b-5a6e26ecc5c8' to 2
2015-05-15 15:23:12.141 [IPControllerApp] queue::request u'085e362a-1f66-4347-a1fb-e3782e33b4f6' completed on 1
2015-05-15 15:23:12.144 [IPControllerApp] queue::request u'c1a8b02d-ff40-469c-b37b-5a6e26ecc5c8' completed on 2
2015-05-15 15:23:12.144 [IPControllerApp] queue::client '\x00\x06\x05\x8e\xd9' submitted request u'69d84f3c-5189-4374-a413-2e49ccfeafe4' to 3
2015-05-15 15:23:12.147 [IPControllerApp] queue::request u'69d84f3c-5189-4374-a413-2e49ccfeafe4' completed on 3
2015-05-15 15:23:12.166 [IPControllerApp] queue::client '\x00\x06\x05\x8e\xd9' submitted request u'b8c745c8-510b-47da-b487-aec707f57a41' to 0
2015-05-15 15:23:12.186 [IPControllerApp] queue::client '\x00\x06\x05\x8e\xd9' submitted request u'9a522bbb-8c41-475b-9ebb-861c056368b6' to 1
2015-05-15 15:23:12.220 [IPControllerApp] queue::client '\x00\x06\x05\x8e\xd9' submitted request u'1a8b888b-ede4-4836-a396-7fcdb01e3a2c' to 2
2015-05-15 15:23:12.393 [IPControllerApp] queue::client '\x00\x06\x05\x8e\xd9' submitted request u'3fcd7c57-e7be-4e2d-bf95-c218ffd6f410' to 3
2015-05-15 15:25:14.485 [IPControllerApp] queue::request u'b8c745c8-510b-47da-b487-aec707f57a41' completed on 0
2015-05-15 15:25:14.717 [IPControllerApp] queue::request u'1a8b888b-ede4-4836-a396-7fcdb01e3a2c' completed on 2
2015-05-15 15:25:15.597 [IPControllerApp] queue::request u'9a522bbb-8c41-475b-9ebb-861c056368b6' completed on 1
2015-05-15 15:25:16.203 [IPControllerApp] queue::request u'3fcd7c57-e7be-4e2d-bf95-c218ffd6f410' completed on 3
2015-05-17 00:31:49.147 [IPControllerApp] CRITICAL | Received signal 2, shutting down
2015-05-17 00:31:49.173 [IPControllerApp] CRITICAL | Received signal 2, shutting down
2015-05-17 00:31:49.174 [IPControllerApp] CRITICAL | terminating children...
2015-05-17 00:31:49.164 [IPControllerApp] CRITICAL | terminating children...
