2015-05-10 14:39:13.041 [IPControllerApp] Hub listening on tcp://127.0.0.1:49580 for registration.
2015-05-10 14:39:13.043 [IPControllerApp] Hub using DB backend: 'NoDB'
2015-05-10 14:39:13.299 [IPControllerApp] hub::created hub
2015-05-10 14:39:13.299 [IPControllerApp] writing connection info to /Users/robert/.ipython/profile_basic/security/ipcontroller-client.json
2015-05-10 14:39:13.299 [IPControllerApp] writing connection info to /Users/robert/.ipython/profile_basic/security/ipcontroller-engine.json
2015-05-10 14:39:13.300 [IPControllerApp] task::using Python leastload Task scheduler
2015-05-10 14:39:13.300 [IPControllerApp] Heartmonitor started
2015-05-10 14:39:13.309 [IPControllerApp] Creating pid file: /Users/robert/.ipython/profile_basic/pid/ipcontroller.pid
2015-05-10 14:39:13.326 [IPControllerApp] client::client '\x00\x80\x00A\xa7' requested u'connection_request'
2015-05-10 14:39:13.326 [IPControllerApp] client::client ['\x00\x80\x00A\xa7'] connected
2015-05-10 14:39:13.902 [IPControllerApp] client::client 'df19e872-d3df-417b-a329-cd901fc8e48a' requested u'registration_request'
2015-05-10 14:39:14.083 [IPControllerApp] client::client '11aebf6e-530f-4d04-9e05-99f6c7ceab31' requested u'registration_request'
2015-05-10 14:39:14.235 [IPControllerApp] client::client '63527e85-ab20-457a-a857-689714a2a113' requested u'registration_request'
2015-05-10 14:39:14.296 [IPControllerApp] client::client 'b5bffd6f-441e-44e6-9dc0-743682ac713a' requested u'registration_request'
2015-05-10 14:39:19.303 [IPControllerApp] registration::finished registering engine 3:b5bffd6f-441e-44e6-9dc0-743682ac713a
2015-05-10 14:39:19.304 [IPControllerApp] engine::Engine Connected: 3
2015-05-10 14:39:19.304 [IPControllerApp] registration::finished registering engine 1:11aebf6e-530f-4d04-9e05-99f6c7ceab31
2015-05-10 14:39:19.305 [IPControllerApp] engine::Engine Connected: 1
2015-05-10 14:39:19.306 [IPControllerApp] registration::finished registering engine 0:df19e872-d3df-417b-a329-cd901fc8e48a
2015-05-10 14:39:19.306 [IPControllerApp] engine::Engine Connected: 0
2015-05-10 14:39:19.306 [IPControllerApp] registration::finished registering engine 2:63527e85-ab20-457a-a857-689714a2a113
2015-05-10 14:39:19.307 [IPControllerApp] engine::Engine Connected: 2
2015-05-10 14:42:01.553 [IPControllerApp] client::client '\x00\x80\x00A\xa8' requested u'connection_request'
2015-05-10 14:42:01.554 [IPControllerApp] client::client ['\x00\x80\x00A\xa8'] connected
2015-05-10 14:42:01.573 [IPControllerApp] queue::client '\x00\x06\x05\x8e\xd8' submitted request u'7d4d47f0-5675-4f39-a1cd-00fe619bd28a' to 0
2015-05-10 14:42:01.574 [IPControllerApp] queue::client '\x00\x06\x05\x8e\xd8' submitted request u'4b29a54d-a6c5-4c5f-a2c1-965d926c1a66' to 1
2015-05-10 14:42:01.575 [IPControllerApp] queue::client '\x00\x06\x05\x8e\xd8' submitted request u'920b7421-93ab-4b40-a9b9-292a4cc9f1fd' to 2
2015-05-10 14:42:01.575 [IPControllerApp] queue::client '\x00\x06\x05\x8e\xd8' submitted request u'817f0aa6-8e9a-4500-bfb7-b66eaba9e7f3' to 3
2015-05-10 14:42:01.578 [IPControllerApp] queue::request u'7d4d47f0-5675-4f39-a1cd-00fe619bd28a' completed on 0
2015-05-10 14:42:01.579 [IPControllerApp] queue::request u'4b29a54d-a6c5-4c5f-a2c1-965d926c1a66' completed on 1
2015-05-10 14:42:01.580 [IPControllerApp] queue::request u'920b7421-93ab-4b40-a9b9-292a4cc9f1fd' completed on 2
2015-05-10 14:42:01.581 [IPControllerApp] queue::request u'817f0aa6-8e9a-4500-bfb7-b66eaba9e7f3' completed on 3
2015-05-10 14:42:01.591 [IPControllerApp] task::task u'34a70586-58c1-4fe1-a940-0776d4d38fce' arrived on 2
2015-05-10 14:42:01.602 [IPControllerApp] task::task u'edda346c-e5fd-49f4-84e4-267d36abe430' arrived on 0
2015-05-10 14:42:01.610 [IPControllerApp] task::task u'94e66384-7380-4408-9daa-2bec161128f7' arrived on 1
2015-05-10 14:42:01.618 [IPControllerApp] task::task u'96211282-36b0-4933-8989-abc50f471f91' arrived on 3
2015-05-10 14:42:01.744 [IPControllerApp] task::task u'df7da6cd-3e41-44b6-a6f1-6555e7b0a95d' arrived on 0
2015-05-10 14:42:01.747 [IPControllerApp] task::task u'edda346c-e5fd-49f4-84e4-267d36abe430' finished on 0
2015-05-10 14:42:01.748 [IPControllerApp] task::task u'69a91f8b-69cc-431d-89ac-9e7eff4b039d' arrived on 2
2015-05-10 14:42:01.756 [IPControllerApp] task::task u'34a70586-58c1-4fe1-a940-0776d4d38fce' finished on 2
2015-05-10 14:42:01.756 [IPControllerApp] task::task u'1381eadf-d3e1-467e-970d-8e3ea4513603' arrived on 3
2015-05-10 14:42:01.758 [IPControllerApp] task::task u'96211282-36b0-4933-8989-abc50f471f91' finished on 3
2015-05-10 14:42:01.758 [IPControllerApp] task::task u'4fec2016-f1d6-4403-82c4-da849f8acd11' arrived on 0
2015-05-10 14:42:01.760 [IPControllerApp] task::task u'df7da6cd-3e41-44b6-a6f1-6555e7b0a95d' finished on 0
2015-05-10 14:42:01.761 [IPControllerApp] task::task u'35447e2d-f5db-4f3b-8537-b18da20d9230' arrived on 2
2015-05-10 14:42:01.763 [IPControllerApp] task::task u'69a91f8b-69cc-431d-89ac-9e7eff4b039d' finished on 2
2015-05-10 14:42:01.765 [IPControllerApp] task::task u'df9c809b-d934-4b30-900f-5178ac8cbd20' arrived on 3
2015-05-10 14:42:01.767 [IPControllerApp] task::task u'1381eadf-d3e1-467e-970d-8e3ea4513603' finished on 3
2015-05-10 14:42:01.768 [IPControllerApp] task::task u'ce3b9449-8f34-4107-82b3-3d9c4b7776ea' arrived on 0
2015-05-10 14:42:01.769 [IPControllerApp] task::task u'4fec2016-f1d6-4403-82c4-da849f8acd11' finished on 0
2015-05-10 14:42:01.770 [IPControllerApp] task::task u'56c534e3-20d3-4cc6-a281-e0f4a7a7da71' arrived on 1
2015-05-10 14:42:01.771 [IPControllerApp] task::task u'94e66384-7380-4408-9daa-2bec161128f7' finished on 1
2015-05-10 14:42:01.773 [IPControllerApp] task::task u'c34fdb1b-1bc0-484a-8cc7-3a017bd04c9b' arrived on 2
2015-05-10 14:42:01.775 [IPControllerApp] task::task u'35447e2d-f5db-4f3b-8537-b18da20d9230' finished on 2
2015-05-10 14:42:01.776 [IPControllerApp] task::task u'99817734-68f0-4779-890c-9b7a762c2236' arrived on 3
2015-05-10 14:42:01.777 [IPControllerApp] task::task u'df9c809b-d934-4b30-900f-5178ac8cbd20' finished on 3
2015-05-10 14:42:01.778 [IPControllerApp] task::task u'b51ada46-0bb4-410a-ac0c-8346f50d6ccc' arrived on 0
2015-05-10 14:42:01.779 [IPControllerApp] task::task u'ce3b9449-8f34-4107-82b3-3d9c4b7776ea' finished on 0
2015-05-10 14:42:01.780 [IPControllerApp] task::task u'8f7f8d52-82c0-4f80-8d27-56093834c539' arrived on 2
2015-05-10 14:42:01.781 [IPControllerApp] task::task u'c34fdb1b-1bc0-484a-8cc7-3a017bd04c9b' finished on 2
2015-05-10 14:42:01.782 [IPControllerApp] task::task u'da38a5e9-7dfd-4a8b-bb04-68303bd16e66' arrived on 3
2015-05-10 14:42:01.783 [IPControllerApp] task::task u'99817734-68f0-4779-890c-9b7a762c2236' finished on 3
2015-05-10 14:42:01.785 [IPControllerApp] task::task u'22f7386c-c4b5-4550-a540-7cb8714267b7' arrived on 0
2015-05-10 14:42:01.786 [IPControllerApp] task::task u'b51ada46-0bb4-410a-ac0c-8346f50d6ccc' finished on 0
2015-05-10 14:42:01.787 [IPControllerApp] task::task u'fbc1a1a3-d011-4a58-afbc-50dfe009ef72' arrived on 2
2015-05-10 14:42:01.789 [IPControllerApp] task::task u'8f7f8d52-82c0-4f80-8d27-56093834c539' finished on 2
2015-05-10 14:42:01.790 [IPControllerApp] task::task u'a0fdb535-e0c5-4df9-a8f4-aae36f7be883' arrived on 1
2015-05-10 14:42:01.791 [IPControllerApp] task::task u'56c534e3-20d3-4cc6-a281-e0f4a7a7da71' finished on 1
2015-05-10 14:42:01.792 [IPControllerApp] task::task u'b499c1b9-5728-4a03-a743-040455ca4632' arrived on 3
2015-05-10 14:42:01.793 [IPControllerApp] task::task u'da38a5e9-7dfd-4a8b-bb04-68303bd16e66' finished on 3
2015-05-10 14:42:01.794 [IPControllerApp] task::task u'4e417e95-459d-428f-961f-514e062586de' arrived on 0
2015-05-10 14:42:01.795 [IPControllerApp] task::task u'22f7386c-c4b5-4550-a540-7cb8714267b7' finished on 0
2015-05-10 14:42:01.797 [IPControllerApp] task::task u'ba5aa164-00c8-45b6-9a9b-2b1499c5699b' arrived on 2
2015-05-10 14:42:01.798 [IPControllerApp] task::task u'fbc1a1a3-d011-4a58-afbc-50dfe009ef72' finished on 2
2015-05-10 14:42:01.799 [IPControllerApp] task::task u'eac27b03-8c4d-43a9-851c-ed1fd9216fd4' arrived on 3
2015-05-10 14:42:01.800 [IPControllerApp] task::task u'b499c1b9-5728-4a03-a743-040455ca4632' finished on 3
2015-05-10 14:42:01.801 [IPControllerApp] task::task u'a030be04-1aee-4b9e-ba59-a68204f29ce0' arrived on 0
2015-05-10 14:42:01.803 [IPControllerApp] task::task u'4e417e95-459d-428f-961f-514e062586de' finished on 0
2015-05-10 14:42:01.805 [IPControllerApp] task::task u'836254bc-5173-4043-96a6-8807686e3b40' arrived on 2
2015-05-10 14:42:01.807 [IPControllerApp] task::task u'ba5aa164-00c8-45b6-9a9b-2b1499c5699b' finished on 2
2015-05-10 14:42:01.808 [IPControllerApp] task::task u'fb193e0a-3ffb-41d1-9315-4751ce71af52' arrived on 3
2015-05-10 14:42:01.809 [IPControllerApp] task::task u'eac27b03-8c4d-43a9-851c-ed1fd9216fd4' finished on 3
2015-05-10 14:42:01.811 [IPControllerApp] task::task u'fbecfa65-9e65-4270-8f24-d8ffdcf9a44a' arrived on 1
2015-05-10 14:42:01.812 [IPControllerApp] task::task u'a0fdb535-e0c5-4df9-a8f4-aae36f7be883' finished on 1
2015-05-10 14:42:01.813 [IPControllerApp] task::task u'33b250cd-0865-4ef8-b503-c8994059144c' arrived on 0
2015-05-10 14:42:01.815 [IPControllerApp] task::task u'a030be04-1aee-4b9e-ba59-a68204f29ce0' finished on 0
2015-05-10 14:42:01.817 [IPControllerApp] task::task u'396128ad-6847-4d48-b4cb-7291643e0a8a' arrived on 2
2015-05-10 14:42:01.818 [IPControllerApp] task::task u'836254bc-5173-4043-96a6-8807686e3b40' finished on 2
2015-05-10 14:42:01.818 [IPControllerApp] task::task u'c375a079-63a3-4aed-86f6-3623957b9135' arrived on 3
2015-05-10 14:42:01.819 [IPControllerApp] task::task u'fb193e0a-3ffb-41d1-9315-4751ce71af52' finished on 3
2015-05-10 14:42:01.822 [IPControllerApp] task::task u'4f73a946-ddfb-489a-9048-480a9f686752' arrived on 0
2015-05-10 14:42:01.822 [IPControllerApp] task::task u'33b250cd-0865-4ef8-b503-c8994059144c' finished on 0
2015-05-10 14:42:01.823 [IPControllerApp] task::task u'396128ad-6847-4d48-b4cb-7291643e0a8a' finished on 2
2015-05-10 14:42:01.824 [IPControllerApp] task::task u'c375a079-63a3-4aed-86f6-3623957b9135' finished on 3
2015-05-10 14:42:01.825 [IPControllerApp] task::task u'4f73a946-ddfb-489a-9048-480a9f686752' finished on 0
2015-05-10 14:42:01.825 [IPControllerApp] task::task u'fbecfa65-9e65-4270-8f24-d8ffdcf9a44a' finished on 1
2015-05-10 14:42:01.826 [IPControllerApp] queue::client '\x00\x06\x05\x8e\xd8' submitted request u'ea5aa7fd-4d88-42df-9a82-361ae1e27228' to 0
2015-05-10 14:42:01.827 [IPControllerApp] queue::client '\x00\x06\x05\x8e\xd8' submitted request u'd2cbb898-4eba-483d-af92-815b1a91e9e8' to 1
2015-05-10 14:42:01.829 [IPControllerApp] queue::client '\x00\x06\x05\x8e\xd8' submitted request u'c36b42a0-2655-4345-91c5-8885615ea490' to 2
2015-05-10 14:42:01.830 [IPControllerApp] queue::request u'ea5aa7fd-4d88-42df-9a82-361ae1e27228' completed on 0
2015-05-10 14:42:01.832 [IPControllerApp] queue::client '\x00\x06\x05\x8e\xd8' submitted request u'74674dce-5c1f-4f62-8a9b-f75bb9adae2e' to 3
2015-05-10 14:42:01.832 [IPControllerApp] queue::request u'c36b42a0-2655-4345-91c5-8885615ea490' completed on 2
2015-05-10 14:42:01.833 [IPControllerApp] queue::request u'd2cbb898-4eba-483d-af92-815b1a91e9e8' completed on 1
2015-05-10 14:42:01.834 [IPControllerApp] queue::request u'74674dce-5c1f-4f62-8a9b-f75bb9adae2e' completed on 3
2015-05-10 17:39:11.153 [IPControllerApp] client::client '\x00\x80\x00A\xa9' requested u'connection_request'
2015-05-10 17:39:11.158 [IPControllerApp] client::client ['\x00\x80\x00A\xa9'] connected
2015-05-10 17:39:11.180 [IPControllerApp] queue::client '\x00\x06\x05\x8e\xd9' submitted request u'7fbc662a-f184-4e36-bfcb-2d7f5e237b99' to 0
2015-05-10 17:39:11.183 [IPControllerApp] queue::client '\x00\x06\x05\x8e\xd9' submitted request u'91143e4e-3645-4cc5-90f0-d8bead31b87b' to 1
2015-05-10 17:39:11.184 [IPControllerApp] queue::client '\x00\x06\x05\x8e\xd9' submitted request u'34a19354-1653-491e-8f49-38086399d96a' to 2
2015-05-10 17:39:11.185 [IPControllerApp] queue::client '\x00\x06\x05\x8e\xd9' submitted request u'0cbff711-a83c-4452-8017-aa48fe98961f' to 3
2015-05-10 17:39:11.261 [IPControllerApp] queue::request u'0cbff711-a83c-4452-8017-aa48fe98961f' completed on 3
2015-05-10 17:39:11.265 [IPControllerApp] queue::request u'7fbc662a-f184-4e36-bfcb-2d7f5e237b99' completed on 0
2015-05-10 17:39:11.267 [IPControllerApp] queue::request u'34a19354-1653-491e-8f49-38086399d96a' completed on 2
2015-05-10 17:39:11.274 [IPControllerApp] queue::request u'91143e4e-3645-4cc5-90f0-d8bead31b87b' completed on 1
2015-05-10 17:39:11.289 [IPControllerApp] task::task u'9cbbb87b-23a7-4981-a215-307c51b5bcdc' arrived on 1
2015-05-10 17:39:11.300 [IPControllerApp] task::task u'f9292bc3-28fc-440e-a39d-34c4b6e1b556' arrived on 2
2015-05-10 17:39:11.305 [IPControllerApp] task::task u'eeac53d1-24eb-42e7-baf2-2d61e729619e' arrived on 3
2015-05-10 17:39:11.305 [IPControllerApp] task::task u'9cbbb87b-23a7-4981-a215-307c51b5bcdc' finished on 1
2015-05-10 17:39:11.313 [IPControllerApp] task::task u'22678b62-426b-408f-93cd-7a2650e22822' arrived on 0
2015-05-10 17:39:11.314 [IPControllerApp] task::task u'ad764bb7-5e2c-47a8-94a9-b3f350424cd0' arrived on 1
2015-05-10 17:39:11.335 [IPControllerApp] task::task u'fda746c6-43ac-4f42-8e40-55d5241e5db2' arrived on 2
2015-05-10 17:39:11.337 [IPControllerApp] task::task u'f9292bc3-28fc-440e-a39d-34c4b6e1b556' finished on 2
2015-05-10 17:39:11.341 [IPControllerApp] task::task u'6af59f7a-bdd9-4606-b448-abf374749326' arrived on 0
2015-05-10 17:39:11.343 [IPControllerApp] task::task u'22678b62-426b-408f-93cd-7a2650e22822' finished on 0
2015-05-10 17:39:11.348 [IPControllerApp] task::task u'31b3d50b-0e58-4e42-942d-ed352a567f13' arrived on 3
2015-05-10 17:39:11.351 [IPControllerApp] task::task u'eeac53d1-24eb-42e7-baf2-2d61e729619e' finished on 3
2015-05-10 17:39:11.353 [IPControllerApp] task::task u'd501d986-5486-45e1-9b46-5def05b0e8a9' arrived on 1
2015-05-10 17:39:11.357 [IPControllerApp] task::task u'ad764bb7-5e2c-47a8-94a9-b3f350424cd0' finished on 1
2015-05-10 17:39:11.363 [IPControllerApp] task::task u'4fc9ff80-2a5a-4bba-9596-1f0ad509f9da' arrived on 2
2015-05-10 17:39:11.365 [IPControllerApp] task::task u'fda746c6-43ac-4f42-8e40-55d5241e5db2' finished on 2
2015-05-10 17:39:11.369 [IPControllerApp] task::task u'2ca8e216-560d-4677-a88d-eb6182ebaf9b' arrived on 0
2015-05-10 17:39:11.371 [IPControllerApp] task::task u'6af59f7a-bdd9-4606-b448-abf374749326' finished on 0
2015-05-10 17:39:11.372 [IPControllerApp] task::task u'6cebb30c-71ad-44d9-8e5f-5d49fa81b1e8' arrived on 3
2015-05-10 17:39:11.377 [IPControllerApp] task::task u'31b3d50b-0e58-4e42-942d-ed352a567f13' finished on 3
2015-05-10 17:39:11.382 [IPControllerApp] task::task u'29c60f93-03ed-49c0-97fe-78c43c8e93fd' arrived on 1
2015-05-10 17:39:11.385 [IPControllerApp] task::task u'd501d986-5486-45e1-9b46-5def05b0e8a9' finished on 1
2015-05-10 17:39:11.387 [IPControllerApp] task::task u'1a01b256-1cfc-4d5c-8224-dac45fa651bf' arrived on 2
2015-05-10 17:39:11.388 [IPControllerApp] task::task u'4fc9ff80-2a5a-4bba-9596-1f0ad509f9da' finished on 2
2015-05-10 17:39:11.389 [IPControllerApp] task::task u'5855f77e-b3aa-4fa5-a311-f5cf882ef2be' arrived on 0
2015-05-10 17:39:11.389 [IPControllerApp] task::task u'2ca8e216-560d-4677-a88d-eb6182ebaf9b' finished on 0
2015-05-10 17:39:11.390 [IPControllerApp] task::task u'5842084b-8180-4c95-80fc-5eb50dd8839b' arrived on 3
2015-05-10 17:39:11.392 [IPControllerApp] task::task u'6cebb30c-71ad-44d9-8e5f-5d49fa81b1e8' finished on 3
2015-05-10 17:39:11.393 [IPControllerApp] task::task u'dabf8abb-37a1-46b5-847c-515856ff5632' arrived on 1
2015-05-10 17:39:11.399 [IPControllerApp] task::task u'29c60f93-03ed-49c0-97fe-78c43c8e93fd' finished on 1
2015-05-10 17:39:11.400 [IPControllerApp] task::task u'31a7dd64-d576-46b0-aa1f-368d58e1c20a' arrived on 2
2015-05-10 17:39:11.402 [IPControllerApp] task::task u'1a01b256-1cfc-4d5c-8224-dac45fa651bf' finished on 2
2015-05-10 17:39:11.404 [IPControllerApp] task::task u'28bdc792-56cb-4bf4-8aae-dff7c3a6c42c' arrived on 0
2015-05-10 17:39:11.405 [IPControllerApp] task::task u'5855f77e-b3aa-4fa5-a311-f5cf882ef2be' finished on 0
2015-05-10 17:39:11.406 [IPControllerApp] task::task u'2c9ac6bc-9449-408e-a50d-29b3ea7ff402' arrived on 0
2015-05-10 17:39:11.408 [IPControllerApp] task::task u'28bdc792-56cb-4bf4-8aae-dff7c3a6c42c' finished on 0
2015-05-10 17:39:11.411 [IPControllerApp] task::task u'2b955428-1a49-4e6a-9fae-a547381477cb' arrived on 2
2015-05-10 17:39:11.414 [IPControllerApp] task::task u'31a7dd64-d576-46b0-aa1f-368d58e1c20a' finished on 2
2015-05-10 17:39:11.415 [IPControllerApp] task::task u'859a4133-15f3-435e-85a2-50dae8816996' arrived on 1
2015-05-10 17:39:11.417 [IPControllerApp] task::task u'dabf8abb-37a1-46b5-847c-515856ff5632' finished on 1
2015-05-10 17:39:11.419 [IPControllerApp] task::task u'77f72783-98c1-4618-b0c6-a9a4e83a631c' arrived on 3
2015-05-10 17:39:11.420 [IPControllerApp] task::task u'5842084b-8180-4c95-80fc-5eb50dd8839b' finished on 3
2015-05-10 17:39:11.422 [IPControllerApp] task::task u'208094b0-2e38-47ac-a388-c582b601c664' arrived on 3
2015-05-10 17:39:11.423 [IPControllerApp] task::task u'77f72783-98c1-4618-b0c6-a9a4e83a631c' finished on 3
2015-05-10 17:39:11.424 [IPControllerApp] task::task u'284ac243-679f-462d-ae73-6c80aa7305d7' arrived on 0
2015-05-10 17:39:11.426 [IPControllerApp] task::task u'2c9ac6bc-9449-408e-a50d-29b3ea7ff402' finished on 0
2015-05-10 17:39:11.427 [IPControllerApp] task::task u'67760a44-5360-459d-8321-8e7c2017fc4e' arrived on 1
2015-05-10 17:39:11.429 [IPControllerApp] task::task u'859a4133-15f3-435e-85a2-50dae8816996' finished on 1
2015-05-10 17:39:11.431 [IPControllerApp] task::task u'b2816868-4d5d-453c-bf8c-055caef7aa2f' arrived on 2
2015-05-10 17:39:11.432 [IPControllerApp] task::task u'2b955428-1a49-4e6a-9fae-a547381477cb' finished on 2
2015-05-10 17:39:11.432 [IPControllerApp] task::task u'c6d588b8-3717-4aa5-89ae-39659501cbd9' arrived on 3
2015-05-10 17:39:11.433 [IPControllerApp] task::task u'208094b0-2e38-47ac-a388-c582b601c664' finished on 3
2015-05-10 17:39:11.434 [IPControllerApp] task::task u'0a332dac-0940-4e07-870b-e87c6217be33' arrived on 0
2015-05-10 17:39:11.434 [IPControllerApp] task::task u'284ac243-679f-462d-ae73-6c80aa7305d7' finished on 0
2015-05-10 17:39:11.435 [IPControllerApp] task::task u'52f5aea5-ecc8-4dd3-8331-71ef82b199c8' arrived on 1
2015-05-10 17:39:11.435 [IPControllerApp] task::task u'67760a44-5360-459d-8321-8e7c2017fc4e' finished on 1
2015-05-10 17:39:11.436 [IPControllerApp] task::task u'2d8b5e5a-746b-4466-a693-b28dc2edc5b8' arrived on 2
2015-05-10 17:39:11.436 [IPControllerApp] task::task u'b2816868-4d5d-453c-bf8c-055caef7aa2f' finished on 2
2015-05-10 17:39:11.437 [IPControllerApp] task::task u'2187d9f9-a365-4696-99ee-fa65222ca67d' arrived on 3
2015-05-10 17:39:11.437 [IPControllerApp] task::task u'c6d588b8-3717-4aa5-89ae-39659501cbd9' finished on 3
2015-05-10 17:39:11.438 [IPControllerApp] queue::client '\x00\x06\x05\x8e\xd9' submitted request u'fa4cdfe2-2ec9-467b-8a74-7f35c47f2dd4' to 0
2015-05-10 17:39:11.439 [IPControllerApp] task::task u'0a332dac-0940-4e07-870b-e87c6217be33' finished on 0
2015-05-10 17:39:11.440 [IPControllerApp] queue::client '\x00\x06\x05\x8e\xd9' submitted request u'a4084130-3fb8-4a29-bc0c-ec6b0682fada' to 1
2015-05-10 17:39:11.441 [IPControllerApp] task::task u'52f5aea5-ecc8-4dd3-8331-71ef82b199c8' finished on 1
2015-05-10 17:39:11.442 [IPControllerApp] queue::client '\x00\x06\x05\x8e\xd9' submitted request u'47dac172-61a9-46ba-91ca-042fb610ef85' to 2
2015-05-10 17:39:11.443 [IPControllerApp] task::task u'2d8b5e5a-746b-4466-a693-b28dc2edc5b8' finished on 2
2015-05-10 17:39:11.444 [IPControllerApp] queue::client '\x00\x06\x05\x8e\xd9' submitted request u'ed81d32e-7ff0-431e-a968-9992bf04fa9f' to 3
2015-05-10 17:39:11.445 [IPControllerApp] task::task u'2187d9f9-a365-4696-99ee-fa65222ca67d' finished on 3
2015-05-10 17:39:11.446 [IPControllerApp] queue::request u'fa4cdfe2-2ec9-467b-8a74-7f35c47f2dd4' completed on 0
2015-05-10 17:39:11.446 [IPControllerApp] queue::request u'47dac172-61a9-46ba-91ca-042fb610ef85' completed on 2
2015-05-10 17:39:11.447 [IPControllerApp] queue::request u'ed81d32e-7ff0-431e-a968-9992bf04fa9f' completed on 3
2015-05-10 17:39:11.448 [IPControllerApp] queue::request u'a4084130-3fb8-4a29-bc0c-ec6b0682fada' completed on 1
2015-05-11 00:05:59.536 [IPControllerApp] task::task u'ccfb1511-a726-4d63-a9b8-32bf93dd4a7c' arrived on 0
2015-05-11 00:05:59.539 [IPControllerApp] task::task u'4d259e7f-2f55-4603-9caa-f08cf35843ac' arrived on 1
2015-05-11 00:06:00.597 [IPControllerApp] task::task u'ccfb1511-a726-4d63-a9b8-32bf93dd4a7c' finished on 0
2015-05-11 00:06:00.599 [IPControllerApp] task::task u'4d259e7f-2f55-4603-9caa-f08cf35843ac' finished on 1
2015-05-11 00:06:27.204 [IPControllerApp] task::task u'6adac233-d895-4e80-8006-26604676be3c' arrived on 2
2015-05-11 00:06:27.205 [IPControllerApp] task::task u'549918d8-18f7-4246-b226-7371097a6b29' arrived on 3
2015-05-11 00:06:27.826 [IPControllerApp] task::task u'6adac233-d895-4e80-8006-26604676be3c' finished on 2
2015-05-11 00:06:27.847 [IPControllerApp] task::task u'549918d8-18f7-4246-b226-7371097a6b29' finished on 3
2015-05-11 00:07:33.765 [IPControllerApp] task::task u'8a8c8639-5224-40ca-af39-ecb37e869c4d' arrived on 0
2015-05-11 00:07:33.766 [IPControllerApp] task::task u'891584ae-f084-46e6-b6cf-ca32cea5a910' arrived on 1
2015-05-11 00:07:33.783 [IPControllerApp] task::task u'891584ae-f084-46e6-b6cf-ca32cea5a910' finished on 1
2015-05-11 00:07:33.783 [IPControllerApp] task::task u'8a8c8639-5224-40ca-af39-ecb37e869c4d' finished on 0
2015-05-11 00:08:07.263 [IPControllerApp] task::task u'cab064ad-6c36-4a4c-b03a-5ea9af69f557' arrived on 2
2015-05-11 00:08:07.264 [IPControllerApp] task::task u'6e2f3964-74da-4a84-8b55-c6671218cee9' arrived on 3
2015-05-11 00:08:27.128 [IPControllerApp] task::task u'6e2f3964-74da-4a84-8b55-c6671218cee9' finished on 3
2015-05-11 00:08:28.059 [IPControllerApp] task::task u'cab064ad-6c36-4a4c-b03a-5ea9af69f557' finished on 2
2015-05-11 00:08:44.294 [IPControllerApp] task::task u'bc20c760-f4ae-48f3-a740-8342698fa552' arrived on 0
2015-05-11 00:08:44.295 [IPControllerApp] task::task u'4dbe0524-e1d1-496a-91f2-23e26d214b8f' arrived on 1
2015-05-11 00:09:02.010 [IPControllerApp] task::task u'4dbe0524-e1d1-496a-91f2-23e26d214b8f' finished on 1
2015-05-11 00:09:02.986 [IPControllerApp] task::task u'bc20c760-f4ae-48f3-a740-8342698fa552' finished on 0
2015-05-11 00:10:52.826 [IPControllerApp] task::task u'4c76738c-943a-4541-9e45-b9c1f79ddae6' arrived on 2
2015-05-11 00:10:52.829 [IPControllerApp] task::task u'30c6ba53-a6ae-4dee-abbb-0b25fc078ac0' arrived on 3
2015-05-11 00:11:17.317 [IPControllerApp] task::task u'30c6ba53-a6ae-4dee-abbb-0b25fc078ac0' finished on 3
2015-05-11 00:11:18.286 [IPControllerApp] task::task u'4c76738c-943a-4541-9e45-b9c1f79ddae6' finished on 2
2015-05-11 00:27:22.227 [IPControllerApp] task::task u'82b540f5-2b5b-4af1-9532-49fc39c68e6e' arrived on 0
2015-05-11 00:27:22.229 [IPControllerApp] task::task u'27e9c423-0d58-40f9-a419-68b153d76815' arrived on 1
2015-05-11 00:27:44.514 [IPControllerApp] task::task u'27e9c423-0d58-40f9-a419-68b153d76815' finished on 1
2015-05-11 00:27:45.599 [IPControllerApp] task::task u'82b540f5-2b5b-4af1-9532-49fc39c68e6e' finished on 0
2015-05-11 00:29:33.994 [IPControllerApp] task::task u'3ac39c68-b0f7-4aa8-9430-9097f9907759' arrived on 2
2015-05-11 00:29:33.995 [IPControllerApp] task::task u'ff7149ce-1b38-40a0-97ef-7e041b40b5d7' arrived on 3
2015-05-11 00:29:57.169 [IPControllerApp] task::task u'ff7149ce-1b38-40a0-97ef-7e041b40b5d7' finished on 3
2015-05-11 00:29:58.152 [IPControllerApp] task::task u'3ac39c68-b0f7-4aa8-9430-9097f9907759' finished on 2
2015-05-11 00:30:00.645 [IPControllerApp] task::task u'0fa41031-4e12-4f97-84ef-e4f0f76366ee' arrived on 0
2015-05-11 00:30:00.647 [IPControllerApp] task::task u'4f8328c8-0f22-460b-8815-d6588432dad2' arrived on 1
2015-05-11 00:30:28.058 [IPControllerApp] task::task u'4f8328c8-0f22-460b-8815-d6588432dad2' finished on 1
2015-05-11 00:30:29.527 [IPControllerApp] task::task u'0fa41031-4e12-4f97-84ef-e4f0f76366ee' finished on 0
2015-05-11 00:30:55.490 [IPControllerApp] task::task u'6c1e1e2f-c86a-495c-9e81-5c937e1f2029' arrived on 2
2015-05-11 00:30:55.491 [IPControllerApp] task::task u'2c7b2752-0dac-4744-a050-fe04cccd1ff7' arrived on 3
2015-05-11 00:31:16.824 [IPControllerApp] task::task u'2c7b2752-0dac-4744-a050-fe04cccd1ff7' finished on 3
2015-05-11 00:31:17.769 [IPControllerApp] task::task u'6c1e1e2f-c86a-495c-9e81-5c937e1f2029' finished on 2
2015-05-11 09:31:22.829 [IPControllerApp] client::client '\x00\x80\x00A\xaa' requested u'connection_request'
2015-05-11 09:31:22.830 [IPControllerApp] client::client ['\x00\x80\x00A\xaa'] connected
2015-05-11 09:31:22.842 [IPControllerApp] queue::client '\x00\x06\x05\x8e\xda' submitted request u'bb7b51a9-7e14-4034-be90-17b704a8e1f4' to 0
2015-05-11 09:31:22.846 [IPControllerApp] queue::client '\x00\x06\x05\x8e\xda' submitted request u'adacaa48-afc7-4c8a-9e47-c3574f0757dc' to 1
2015-05-11 09:31:22.847 [IPControllerApp] queue::client '\x00\x06\x05\x8e\xda' submitted request u'ad0e8622-6135-487d-98c7-2f005272ecd3' to 2
2015-05-11 09:31:22.858 [IPControllerApp] queue::request u'bb7b51a9-7e14-4034-be90-17b704a8e1f4' completed on 0
2015-05-11 09:31:22.861 [IPControllerApp] queue::request u'adacaa48-afc7-4c8a-9e47-c3574f0757dc' completed on 1
2015-05-11 09:31:22.862 [IPControllerApp] queue::request u'ad0e8622-6135-487d-98c7-2f005272ecd3' completed on 2
2015-05-11 09:31:22.863 [IPControllerApp] queue::client '\x00\x06\x05\x8e\xda' submitted request u'f6135758-7b8d-4262-b169-bf7067f13398' to 3
2015-05-11 09:31:22.878 [IPControllerApp] queue::request u'f6135758-7b8d-4262-b169-bf7067f13398' completed on 3
2015-05-11 09:31:22.893 [IPControllerApp] task::task u'bf2050d4-5d7a-4be9-b010-97d34a0ab9df' arrived on 0
2015-05-11 09:31:22.901 [IPControllerApp] task::task u'8ba0eee9-51cb-4ccc-928d-afff39494c2f' arrived on 1
2015-05-11 09:31:22.902 [IPControllerApp] task::task u'6ca4fc9a-dd35-4653-b95a-4964546e6b56' arrived on 2
2015-05-11 09:31:22.903 [IPControllerApp] task::task u'706120c7-bccf-45e5-89f3-c114cfe8e9b8' arrived on 3
2015-05-11 09:31:22.911 [IPControllerApp] task::task u'7520c51f-4bc5-446d-94e4-dd9561a64838' arrived on 0
2015-05-11 09:31:22.914 [IPControllerApp] task::task u'bf2050d4-5d7a-4be9-b010-97d34a0ab9df' finished on 0
2015-05-11 09:31:22.915 [IPControllerApp] task::task u'465836cb-4d99-4be1-a2de-aff7cd58a807' arrived on 1
2015-05-11 09:31:22.916 [IPControllerApp] task::task u'8ba0eee9-51cb-4ccc-928d-afff39494c2f' finished on 1
2015-05-11 09:31:22.916 [IPControllerApp] task::task u'706120c7-bccf-45e5-89f3-c114cfe8e9b8' finished on 3
2015-05-11 09:31:22.917 [IPControllerApp] task::task u'6ca4fc9a-dd35-4653-b95a-4964546e6b56' finished on 2
2015-05-11 09:31:22.918 [IPControllerApp] task::task u'7520c51f-4bc5-446d-94e4-dd9561a64838' finished on 0
2015-05-11 09:31:22.922 [IPControllerApp] task::task u'465836cb-4d99-4be1-a2de-aff7cd58a807' finished on 1
2015-05-11 09:31:22.925 [IPControllerApp] task::task u'c31f3dfd-7797-41ee-a5e7-5399dac856a0' arrived on 2
2015-05-11 09:31:22.929 [IPControllerApp] task::task u'6ad5f0eb-9084-4705-919b-61374cba1c9b' arrived on 3
2015-05-11 09:31:22.931 [IPControllerApp] task::task u'821af505-1790-4d8e-b11a-2edccf63c367' arrived on 0
2015-05-11 09:31:22.932 [IPControllerApp] task::task u'1188db02-a99e-4eef-9950-11e896feba88' arrived on 1
2015-05-11 09:31:22.932 [IPControllerApp] task::task u'c31f3dfd-7797-41ee-a5e7-5399dac856a0' finished on 2
2015-05-11 09:31:22.935 [IPControllerApp] task::task u'6ad5f0eb-9084-4705-919b-61374cba1c9b' finished on 3
2015-05-11 09:31:22.937 [IPControllerApp] task::task u'821af505-1790-4d8e-b11a-2edccf63c367' finished on 0
2015-05-11 09:31:22.938 [IPControllerApp] task::task u'1188db02-a99e-4eef-9950-11e896feba88' finished on 1
2015-05-11 09:31:22.941 [IPControllerApp] task::task u'd314f23c-7cfd-43ce-b5d1-ac6520f78ddb' arrived on 2
2015-05-11 09:31:22.944 [IPControllerApp] task::task u'5a880a13-999b-4217-996d-66f8ae0760ce' arrived on 3
2015-05-11 09:31:22.945 [IPControllerApp] task::task u'10c02ec1-4e04-4591-9268-721ccd78b5b3' arrived on 0
2015-05-11 09:31:22.946 [IPControllerApp] task::task u'ff27eaa2-1326-4f0f-9c93-190e2c9f62fc' arrived on 1
2015-05-11 09:31:22.947 [IPControllerApp] task::task u'd314f23c-7cfd-43ce-b5d1-ac6520f78ddb' finished on 2
2015-05-11 09:31:22.952 [IPControllerApp] task::task u'10c02ec1-4e04-4591-9268-721ccd78b5b3' finished on 0
2015-05-11 09:31:22.953 [IPControllerApp] task::task u'ff27eaa2-1326-4f0f-9c93-190e2c9f62fc' finished on 1
2015-05-11 09:31:22.953 [IPControllerApp] task::task u'5a880a13-999b-4217-996d-66f8ae0760ce' finished on 3
2015-05-11 09:31:22.957 [IPControllerApp] task::task u'424b0dbd-28c5-4aa3-9373-5dedfcefc489' arrived on 2
2015-05-11 09:31:22.958 [IPControllerApp] task::task u'9deba370-ae82-4255-882f-cf1394771b2d' arrived on 3
2015-05-11 09:31:22.959 [IPControllerApp] task::task u'dcad1d2c-1913-4ee9-a09d-53ea9efb49ad' arrived on 0
2015-05-11 09:31:22.962 [IPControllerApp] task::task u'424b0dbd-28c5-4aa3-9373-5dedfcefc489' finished on 2
2015-05-11 09:31:22.965 [IPControllerApp] task::task u'dcad1d2c-1913-4ee9-a09d-53ea9efb49ad' finished on 0
2015-05-11 09:31:22.966 [IPControllerApp] task::task u'9deba370-ae82-4255-882f-cf1394771b2d' finished on 3
2015-05-11 09:31:22.968 [IPControllerApp] task::task u'a1120b9f-c156-49ec-a7c4-fcf03a3e9565' arrived on 1
2015-05-11 09:31:22.971 [IPControllerApp] task::task u'eeb72d66-b656-408d-a8aa-5e36bd0a8e70' arrived on 2
2015-05-11 09:31:22.975 [IPControllerApp] task::task u'3df2a1de-8f77-46bf-b342-e506976d3ab1' arrived on 3
2015-05-11 09:31:22.975 [IPControllerApp] task::task u'f27ecdf0-f0f3-4139-a2ce-a36d979debde' arrived on 0
2015-05-11 09:31:22.976 [IPControllerApp] task::task u'a1120b9f-c156-49ec-a7c4-fcf03a3e9565' finished on 1
2015-05-11 09:31:22.979 [IPControllerApp] task::task u'eeb72d66-b656-408d-a8aa-5e36bd0a8e70' finished on 2
2015-05-11 09:31:22.980 [IPControllerApp] task::task u'3df2a1de-8f77-46bf-b342-e506976d3ab1' finished on 3
2015-05-11 09:31:22.981 [IPControllerApp] task::task u'f27ecdf0-f0f3-4139-a2ce-a36d979debde' finished on 0
2015-05-11 09:31:22.982 [IPControllerApp] task::task u'd1e17d9d-59b3-48cd-9fdc-bea071fc5870' arrived on 1
2015-05-11 09:31:22.986 [IPControllerApp] task::task u'70f1d17a-fa7c-4914-9e0e-34597670fe63' arrived on 2
2015-05-11 09:31:22.987 [IPControllerApp] task::task u'd1e17d9d-59b3-48cd-9fdc-bea071fc5870' finished on 1
2015-05-11 09:31:22.990 [IPControllerApp] task::task u'fc37ad22-1000-4771-83b3-dcd81ac0afb0' arrived on 3
2015-05-11 09:31:22.991 [IPControllerApp] task::task u'f17ee898-0d75-4876-9922-5aefca4dc527' arrived on 0
2015-05-11 09:31:22.993 [IPControllerApp] task::task u'70f1d17a-fa7c-4914-9e0e-34597670fe63' finished on 2
2015-05-11 09:31:22.994 [IPControllerApp] task::task u'fc37ad22-1000-4771-83b3-dcd81ac0afb0' finished on 3
2015-05-11 09:31:22.996 [IPControllerApp] task::task u'f17ee898-0d75-4876-9922-5aefca4dc527' finished on 0
2015-05-11 09:31:22.999 [IPControllerApp] task::task u'26170830-3c5b-4186-9a36-feea22800acb' arrived on 1
2015-05-11 09:31:23.001 [IPControllerApp] task::task u'619fd5e1-6ad7-4d6f-9b11-2308f4597487' arrived on 2
2015-05-11 09:31:23.003 [IPControllerApp] task::task u'a02d164d-2b2b-43f8-81ba-684608b8a907' arrived on 3
2015-05-11 09:31:23.005 [IPControllerApp] task::task u'26170830-3c5b-4186-9a36-feea22800acb' finished on 1
2015-05-11 09:31:23.008 [IPControllerApp] task::task u'619fd5e1-6ad7-4d6f-9b11-2308f4597487' finished on 2
2015-05-11 09:31:23.009 [IPControllerApp] task::task u'a02d164d-2b2b-43f8-81ba-684608b8a907' finished on 3
2015-05-11 09:31:23.012 [IPControllerApp] task::task u'a9d256e6-6cbc-49b5-a401-cfa86df1457b' arrived on 0
2015-05-11 09:31:23.014 [IPControllerApp] task::task u'2ff9ed72-63be-4377-9294-2cf16e4df665' arrived on 1
2015-05-11 09:31:23.016 [IPControllerApp] task::task u'37af9de7-cf88-43f1-b0be-552f8940bef5' arrived on 2
2015-05-11 09:31:23.017 [IPControllerApp] task::task u'e1db22ec-4348-4a8c-9029-ca038a21530b' arrived on 3
2015-05-11 09:31:23.017 [IPControllerApp] task::task u'a9d256e6-6cbc-49b5-a401-cfa86df1457b' finished on 0
2015-05-11 09:31:23.020 [IPControllerApp] task::task u'2ff9ed72-63be-4377-9294-2cf16e4df665' finished on 1
2015-05-11 09:31:23.021 [IPControllerApp] task::task u'37af9de7-cf88-43f1-b0be-552f8940bef5' finished on 2
2015-05-11 09:31:23.024 [IPControllerApp] task::task u'e1db22ec-4348-4a8c-9029-ca038a21530b' finished on 3
2015-05-11 09:31:23.059 [IPControllerApp] queue::client '\x00\x06\x05\x8e\xda' submitted request u'b80d3369-4c61-486b-9771-554d450f780a' to 0
2015-05-11 09:31:23.060 [IPControllerApp] queue::client '\x00\x06\x05\x8e\xda' submitted request u'8e8a8461-2f7f-4b9f-88ed-f959169eb886' to 1
2015-05-11 09:31:23.063 [IPControllerApp] queue::request u'b80d3369-4c61-486b-9771-554d450f780a' completed on 0
2015-05-11 09:31:23.064 [IPControllerApp] queue::request u'8e8a8461-2f7f-4b9f-88ed-f959169eb886' completed on 1
2015-05-11 09:31:23.065 [IPControllerApp] queue::client '\x00\x06\x05\x8e\xda' submitted request u'c2cef9d5-e4d2-4f7c-8b4b-28c563b31bf8' to 2
2015-05-11 09:31:23.067 [IPControllerApp] queue::request u'c2cef9d5-e4d2-4f7c-8b4b-28c563b31bf8' completed on 2
2015-05-11 09:31:23.068 [IPControllerApp] queue::client '\x00\x06\x05\x8e\xda' submitted request u'24aaa772-4e3f-465d-a784-a514136209c5' to 3
2015-05-11 09:31:23.070 [IPControllerApp] queue::request u'24aaa772-4e3f-465d-a784-a514136209c5' completed on 3
2015-05-11 17:33:14.337 [IPControllerApp] CRITICAL | Received signal 2, shutting down
2015-05-11 17:33:14.342 [IPControllerApp] CRITICAL | terminating children...
2015-05-11 17:33:14.362 [IPControllerApp] CRITICAL | Received signal 2, shutting down
2015-05-11 17:33:14.363 [IPControllerApp] CRITICAL | terminating children...
