2015-05-17 21:08:20.048 [IPControllerApp] Hub listening on tcp://127.0.0.1:50573 for registration.
2015-05-17 21:08:20.050 [IPControllerApp] Hub using DB backend: 'NoDB'
2015-05-17 21:08:20.308 [IPControllerApp] hub::created hub
2015-05-17 21:08:20.308 [IPControllerApp] writing connection info to /Users/robert/.ipython/profile_basic/security/ipcontroller-client.json
2015-05-17 21:08:20.308 [IPControllerApp] writing connection info to /Users/robert/.ipython/profile_basic/security/ipcontroller-engine.json
2015-05-17 21:08:20.309 [IPControllerApp] task::using Python leastload Task scheduler
2015-05-17 21:08:20.309 [IPControllerApp] Heartmonitor started
2015-05-17 21:08:20.316 [IPControllerApp] Creating pid file: /Users/robert/.ipython/profile_basic/pid/ipcontroller.pid
2015-05-17 21:08:20.328 [IPControllerApp] client::client '\x00\x80\x00A\xa7' requested u'connection_request'
2015-05-17 21:08:20.328 [IPControllerApp] client::client ['\x00\x80\x00A\xa7'] connected
2015-05-17 21:08:20.943 [IPControllerApp] client::client '18f3ea94-5476-4c30-b555-700cedb43b02' requested u'registration_request'
2015-05-17 21:08:21.102 [IPControllerApp] client::client '892787ca-4358-41c8-b165-8e118e4e9b89' requested u'registration_request'
2015-05-17 21:08:21.235 [IPControllerApp] client::client 'e3a67ed4-5f30-4b18-acbd-cfd1188d846e' requested u'registration_request'
2015-05-17 21:08:21.309 [IPControllerApp] client::client '061c3cf2-7b80-4045-b11c-03d01adbc140' requested u'registration_request'
2015-05-17 21:08:26.311 [IPControllerApp] registration::finished registering engine 1:892787ca-4358-41c8-b165-8e118e4e9b89
2015-05-17 21:08:26.312 [IPControllerApp] engine::Engine Connected: 1
2015-05-17 21:08:26.312 [IPControllerApp] registration::finished registering engine 0:18f3ea94-5476-4c30-b555-700cedb43b02
2015-05-17 21:08:26.312 [IPControllerApp] engine::Engine Connected: 0
2015-05-17 21:08:26.313 [IPControllerApp] registration::finished registering engine 2:e3a67ed4-5f30-4b18-acbd-cfd1188d846e
2015-05-17 21:08:26.313 [IPControllerApp] engine::Engine Connected: 2
2015-05-17 21:08:26.314 [IPControllerApp] registration::finished registering engine 3:061c3cf2-7b80-4045-b11c-03d01adbc140
2015-05-17 21:08:26.314 [IPControllerApp] engine::Engine Connected: 3
2015-05-17 21:08:31.632 [IPControllerApp] client::client '\x00\x80\x00A\xa8' requested u'connection_request'
2015-05-17 21:08:31.632 [IPControllerApp] client::client ['\x00\x80\x00A\xa8'] connected
2015-05-17 21:08:31.649 [IPControllerApp] queue::client '\x00\x06\x05\x8e\xd8' submitted request u'32ff14ab-17df-47f5-ba00-4065b707381c' to 0
2015-05-17 21:08:31.652 [IPControllerApp] queue::client '\x00\x06\x05\x8e\xd8' submitted request u'3ca6dcb8-a54a-4d1e-b972-512dfaefed8f' to 1
2015-05-17 21:08:31.652 [IPControllerApp] queue::client '\x00\x06\x05\x8e\xd8' submitted request u'a1be09cb-1859-48e4-89c8-3dd7b88391a0' to 2
2015-05-17 21:08:31.653 [IPControllerApp] queue::client '\x00\x06\x05\x8e\xd8' submitted request u'bf30b618-7e8d-4ae3-b19b-3c9cc5616f3a' to 3
2015-05-17 21:08:31.658 [IPControllerApp] queue::request u'32ff14ab-17df-47f5-ba00-4065b707381c' completed on 0
2015-05-17 21:08:31.661 [IPControllerApp] queue::request u'3ca6dcb8-a54a-4d1e-b972-512dfaefed8f' completed on 1
2015-05-17 21:08:31.663 [IPControllerApp] queue::request u'bf30b618-7e8d-4ae3-b19b-3c9cc5616f3a' completed on 3
2015-05-17 21:08:31.664 [IPControllerApp] queue::request u'a1be09cb-1859-48e4-89c8-3dd7b88391a0' completed on 2
2015-05-17 21:08:31.675 [IPControllerApp] task::task u'32470c59-d1a6-404c-b82f-e10e1a92e6e6' arrived on 3
2015-05-17 21:08:31.689 [IPControllerApp] task::task u'026d5346-dc60-4244-8129-f7ec96965f1e' arrived on 2
2015-05-17 21:08:31.690 [IPControllerApp] task::task u'693da5b3-9f70-4970-b7ad-1f18fed06208' arrived on 0
2015-05-17 21:08:31.691 [IPControllerApp] task::task u'573d2134-a5f6-4236-b51c-da3d8a8f74b9' arrived on 1
2015-05-17 21:08:31.818 [IPControllerApp] task::task u'6feed1f7-07a1-4ac4-bb7b-0ee223f79353' arrived on 0
2015-05-17 21:08:31.819 [IPControllerApp] task::task u'693da5b3-9f70-4970-b7ad-1f18fed06208' finished on 0
2015-05-17 21:08:31.823 [IPControllerApp] task::task u'644c22fa-4f62-4247-bde1-72a70d564c5a' arrived on 0
2015-05-17 21:08:31.824 [IPControllerApp] task::task u'6feed1f7-07a1-4ac4-bb7b-0ee223f79353' finished on 0
2015-05-17 21:08:31.827 [IPControllerApp] task::task u'37a5cd30-404f-4c31-96b6-dbdb8b8468aa' arrived on 3
2015-05-17 21:08:31.829 [IPControllerApp] task::task u'32470c59-d1a6-404c-b82f-e10e1a92e6e6' finished on 3
2015-05-17 21:08:31.830 [IPControllerApp] task::task u'bbffb8e1-5f6c-4b75-a2ab-3c8ef4797798' arrived on 0
2015-05-17 21:08:31.830 [IPControllerApp] task::task u'644c22fa-4f62-4247-bde1-72a70d564c5a' finished on 0
2015-05-17 21:08:31.833 [IPControllerApp] task::task u'62facb3c-74cb-4588-be25-a3f26defc994' arrived on 1
2015-05-17 21:08:31.835 [IPControllerApp] task::task u'573d2134-a5f6-4236-b51c-da3d8a8f74b9' finished on 1
2015-05-17 21:08:31.836 [IPControllerApp] task::task u'4ab09173-687b-40c5-b88b-888fb61077cc' arrived on 0
2015-05-17 21:08:31.841 [IPControllerApp] task::task u'bbffb8e1-5f6c-4b75-a2ab-3c8ef4797798' finished on 0
2015-05-17 21:08:31.843 [IPControllerApp] task::task u'd65c2b27-9e09-4526-874b-33ce204201e5' arrived on 3
2015-05-17 21:08:31.844 [IPControllerApp] task::task u'37a5cd30-404f-4c31-96b6-dbdb8b8468aa' finished on 3
2015-05-17 21:08:31.846 [IPControllerApp] task::task u'40454c56-3ab8-4055-ac0b-22deed7e4a1d' arrived on 2
2015-05-17 21:08:31.847 [IPControllerApp] task::task u'026d5346-dc60-4244-8129-f7ec96965f1e' finished on 2
2015-05-17 21:08:31.848 [IPControllerApp] task::task u'94f9b58b-ff2e-4358-aab6-4e02de817769' arrived on 0
2015-05-17 21:08:31.849 [IPControllerApp] task::task u'4ab09173-687b-40c5-b88b-888fb61077cc' finished on 0
2015-05-17 21:08:31.850 [IPControllerApp] task::task u'4d1d7080-844f-45d1-9aff-a787d6ee4c5e' arrived on 1
2015-05-17 21:08:31.852 [IPControllerApp] task::task u'62facb3c-74cb-4588-be25-a3f26defc994' finished on 1
2015-05-17 21:08:31.853 [IPControllerApp] task::task u'12b72fbb-d27c-46f6-a855-362668c4a84c' arrived on 0
2015-05-17 21:08:31.854 [IPControllerApp] task::task u'94f9b58b-ff2e-4358-aab6-4e02de817769' finished on 0
2015-05-17 21:08:31.855 [IPControllerApp] task::task u'ddbc0390-087d-4ac7-9e10-be8fd360ec35' arrived on 2
2015-05-17 21:08:31.856 [IPControllerApp] task::task u'40454c56-3ab8-4055-ac0b-22deed7e4a1d' finished on 2
2015-05-17 21:08:31.857 [IPControllerApp] task::task u'17df463b-16af-48f9-9ebc-1ccbe9845863' arrived on 1
2015-05-17 21:08:31.858 [IPControllerApp] task::task u'4d1d7080-844f-45d1-9aff-a787d6ee4c5e' finished on 1
2015-05-17 21:08:31.860 [IPControllerApp] task::task u'ac1e67ad-ee3e-4264-96f3-2a35761496aa' arrived on 3
2015-05-17 21:08:31.860 [IPControllerApp] task::task u'd65c2b27-9e09-4526-874b-33ce204201e5' finished on 3
2015-05-17 21:08:31.861 [IPControllerApp] task::task u'347063e0-27b7-44fd-a952-3d2b158b695a' arrived on 2
2015-05-17 21:08:31.861 [IPControllerApp] task::task u'ddbc0390-087d-4ac7-9e10-be8fd360ec35' finished on 2
2015-05-17 21:08:31.865 [IPControllerApp] task::task u'86e1a0b8-e615-4409-b8fe-812193db9054' arrived on 2
2015-05-17 21:08:31.866 [IPControllerApp] task::task u'347063e0-27b7-44fd-a952-3d2b158b695a' finished on 2
2015-05-17 21:08:31.867 [IPControllerApp] task::task u'6f5b3967-0f4b-47ca-a095-d083c31d393e' arrived on 1
2015-05-17 21:08:31.869 [IPControllerApp] task::task u'17df463b-16af-48f9-9ebc-1ccbe9845863' finished on 1
2015-05-17 21:08:31.870 [IPControllerApp] task::task u'aabbe70a-96ad-465e-9b4a-49e909531895' arrived on 3
2015-05-17 21:08:31.871 [IPControllerApp] task::task u'ac1e67ad-ee3e-4264-96f3-2a35761496aa' finished on 3
2015-05-17 21:08:31.871 [IPControllerApp] task::task u'6feacc8f-7fee-4e86-bb9c-af94a0e5b40d' arrived on 0
2015-05-17 21:08:31.872 [IPControllerApp] task::task u'12b72fbb-d27c-46f6-a855-362668c4a84c' finished on 0
2015-05-17 21:08:31.875 [IPControllerApp] task::task u'1b8be7c7-c9dc-486a-8f29-21e981032962' arrived on 2
2015-05-17 21:08:31.877 [IPControllerApp] task::task u'86e1a0b8-e615-4409-b8fe-812193db9054' finished on 2
2015-05-17 21:08:31.878 [IPControllerApp] task::task u'2036a7a2-d1e0-4b40-8af1-3ad4a0a8a580' arrived on 3
2015-05-17 21:08:31.879 [IPControllerApp] task::task u'aabbe70a-96ad-465e-9b4a-49e909531895' finished on 3
2015-05-17 21:08:31.880 [IPControllerApp] task::task u'ca9be458-1cff-499d-9fec-01bcd3f21ed1' arrived on 1
2015-05-17 21:08:31.881 [IPControllerApp] task::task u'6f5b3967-0f4b-47ca-a095-d083c31d393e' finished on 1
2015-05-17 21:08:31.882 [IPControllerApp] task::task u'3f2e1f1f-bb02-4d1e-91f1-ce8e683b0aee' arrived on 0
2015-05-17 21:08:31.883 [IPControllerApp] task::task u'6feacc8f-7fee-4e86-bb9c-af94a0e5b40d' finished on 0
2015-05-17 21:08:31.885 [IPControllerApp] task::task u'2038fe55-6e88-4322-8c44-5b82478c4360' arrived on 3
2015-05-17 21:08:31.887 [IPControllerApp] task::task u'2036a7a2-d1e0-4b40-8af1-3ad4a0a8a580' finished on 3
2015-05-17 21:08:31.888 [IPControllerApp] task::task u'c5b2e458-bcc1-4dca-94ee-cfbe6fb65b4f' arrived on 2
2015-05-17 21:08:31.890 [IPControllerApp] task::task u'1b8be7c7-c9dc-486a-8f29-21e981032962' finished on 2
2015-05-17 21:08:31.891 [IPControllerApp] task::task u'dbc10749-bb7f-4336-b3f6-c4e087f9f72a' arrived on 1
2015-05-17 21:08:31.892 [IPControllerApp] task::task u'ca9be458-1cff-499d-9fec-01bcd3f21ed1' finished on 1
2015-05-17 21:08:31.892 [IPControllerApp] task::task u'89174bfc-8500-4bd5-b0d7-d7b438c1be47' arrived on 0
2015-05-17 21:08:31.893 [IPControllerApp] task::task u'3f2e1f1f-bb02-4d1e-91f1-ce8e683b0aee' finished on 0
2015-05-17 21:08:31.896 [IPControllerApp] task::task u'bc6fc889-a979-46a1-ac2c-8432bd8679dd' arrived on 1
2015-05-17 21:08:31.897 [IPControllerApp] task::task u'dbc10749-bb7f-4336-b3f6-c4e087f9f72a' finished on 1
2015-05-17 21:08:31.898 [IPControllerApp] task::task u'c5b2e458-bcc1-4dca-94ee-cfbe6fb65b4f' finished on 2
2015-05-17 21:08:31.899 [IPControllerApp] task::task u'2038fe55-6e88-4322-8c44-5b82478c4360' finished on 3
2015-05-17 21:08:31.901 [IPControllerApp] task::task u'89174bfc-8500-4bd5-b0d7-d7b438c1be47' finished on 0
2015-05-17 21:08:31.902 [IPControllerApp] task::task u'bc6fc889-a979-46a1-ac2c-8432bd8679dd' finished on 1
2015-05-17 21:08:31.904 [IPControllerApp] queue::client '\x00\x06\x05\x8e\xd8' submitted request u'102cc98b-ecbc-4ab5-9255-2df5d15848ee' to 0
2015-05-17 21:08:31.904 [IPControllerApp] queue::client '\x00\x06\x05\x8e\xd8' submitted request u'5fd035eb-8730-4756-b1bf-b9027d68026f' to 1
2015-05-17 21:08:31.905 [IPControllerApp] queue::client '\x00\x06\x05\x8e\xd8' submitted request u'cbc62504-be18-411c-b43b-d0d36dc4721d' to 2
2015-05-17 21:08:31.905 [IPControllerApp] queue::client '\x00\x06\x05\x8e\xd8' submitted request u'71e2d0e2-a37c-4a36-b1b5-76bff33c9f22' to 3
2015-05-17 21:08:31.908 [IPControllerApp] queue::request u'71e2d0e2-a37c-4a36-b1b5-76bff33c9f22' completed on 3
2015-05-17 21:08:31.909 [IPControllerApp] queue::request u'cbc62504-be18-411c-b43b-d0d36dc4721d' completed on 2
2015-05-17 21:08:31.910 [IPControllerApp] queue::request u'5fd035eb-8730-4756-b1bf-b9027d68026f' completed on 1
2015-05-17 21:08:31.910 [IPControllerApp] queue::request u'102cc98b-ecbc-4ab5-9255-2df5d15848ee' completed on 0
2015-05-17 21:08:31.913 [IPControllerApp] queue::client '\x00\x06\x05\x8e\xd8' submitted request u'ec573184-b69e-4ec0-bb50-ceaa3d8b4b55' to 0
2015-05-17 21:08:31.913 [IPControllerApp] queue::client '\x00\x06\x05\x8e\xd8' submitted request u'db3e78e7-9877-4733-b6e8-1fb194cd2b90' to 1
2015-05-17 21:08:31.915 [IPControllerApp] queue::client '\x00\x06\x05\x8e\xd8' submitted request u'68762b61-3d9c-474c-a758-5f6753d8a5c0' to 2
2015-05-17 21:08:31.916 [IPControllerApp] queue::client '\x00\x06\x05\x8e\xd8' submitted request u'2ccc4dde-b587-4df3-84fd-47f0fe34dd4c' to 3
2015-05-17 21:08:31.918 [IPControllerApp] queue::request u'68762b61-3d9c-474c-a758-5f6753d8a5c0' completed on 2
2015-05-17 21:08:31.918 [IPControllerApp] queue::request u'db3e78e7-9877-4733-b6e8-1fb194cd2b90' completed on 1
2015-05-17 21:08:31.920 [IPControllerApp] queue::request u'2ccc4dde-b587-4df3-84fd-47f0fe34dd4c' completed on 3
2015-05-17 21:08:31.920 [IPControllerApp] queue::request u'ec573184-b69e-4ec0-bb50-ceaa3d8b4b55' completed on 0
2015-05-17 21:08:31.922 [IPControllerApp] queue::client '\x00\x06\x05\x8e\xd8' submitted request u'694af96d-fdfe-428c-b4a0-b32aa3747338' to 0
2015-05-17 21:08:31.924 [IPControllerApp] queue::client '\x00\x06\x05\x8e\xd8' submitted request u'd552fdfc-a402-4bd0-8090-fee2d4e7f645' to 1
2015-05-17 21:08:31.925 [IPControllerApp] queue::client '\x00\x06\x05\x8e\xd8' submitted request u'8d72a352-c2a2-43b2-823c-b110ab5a0a28' to 2
2015-05-17 21:08:31.926 [IPControllerApp] queue::client '\x00\x06\x05\x8e\xd8' submitted request u'ff128524-cf90-4d36-86cb-3a25a2ff95bc' to 3
2015-05-17 21:08:31.929 [IPControllerApp] queue::request u'ff128524-cf90-4d36-86cb-3a25a2ff95bc' completed on 3
2015-05-17 21:08:31.930 [IPControllerApp] queue::request u'8d72a352-c2a2-43b2-823c-b110ab5a0a28' completed on 2
2015-05-17 21:08:31.931 [IPControllerApp] queue::request u'd552fdfc-a402-4bd0-8090-fee2d4e7f645' completed on 1
2015-05-17 21:08:31.932 [IPControllerApp] queue::request u'694af96d-fdfe-428c-b4a0-b32aa3747338' completed on 0
2015-05-17 21:28:00.148 [IPControllerApp] client::client '\x00\x80\x00A\xa9' requested u'connection_request'
2015-05-17 21:28:00.148 [IPControllerApp] client::client ['\x00\x80\x00A\xa9'] connected
2015-05-17 21:28:00.164 [IPControllerApp] queue::client '\x00\x06\x05\x8e\xd9' submitted request u'73a97937-8f60-48bb-804d-e347dff335c6' to 0
2015-05-17 21:28:00.166 [IPControllerApp] queue::client '\x00\x06\x05\x8e\xd9' submitted request u'd807fb53-31ec-4b4a-b073-534abc6a7477' to 1
2015-05-17 21:28:00.166 [IPControllerApp] queue::client '\x00\x06\x05\x8e\xd9' submitted request u'd5984e8b-a22c-48d4-9fba-bb25b3621dd7' to 2
2015-05-17 21:28:00.167 [IPControllerApp] queue::client '\x00\x06\x05\x8e\xd9' submitted request u'2f676d8c-149d-47ea-8e05-b49476eb77ac' to 3
2015-05-17 21:28:00.169 [IPControllerApp] queue::request u'73a97937-8f60-48bb-804d-e347dff335c6' completed on 0
2015-05-17 21:28:00.171 [IPControllerApp] queue::request u'd807fb53-31ec-4b4a-b073-534abc6a7477' completed on 1
2015-05-17 21:28:00.172 [IPControllerApp] queue::request u'd5984e8b-a22c-48d4-9fba-bb25b3621dd7' completed on 2
2015-05-17 21:28:00.173 [IPControllerApp] queue::request u'2f676d8c-149d-47ea-8e05-b49476eb77ac' completed on 3
2015-05-17 21:28:00.178 [IPControllerApp] task::task u'770a65d2-a1b5-412a-85d9-39fc68249061' arrived on 3
2015-05-17 21:28:00.183 [IPControllerApp] task::task u'6c8e0940-384c-45d1-939a-7076abcdcb45' arrived on 2
2015-05-17 21:28:00.184 [IPControllerApp] task::task u'0516d654-42d3-46cb-8817-bbbb6bed1b25' arrived on 0
2015-05-17 21:28:00.185 [IPControllerApp] task::task u'97efa806-891b-4b81-ba13-3e0c5e468e26' arrived on 1
2015-05-17 21:28:00.191 [IPControllerApp] task::task u'cf42ea64-b03a-4e10-b1cb-13239f01960f' arrived on 3
2015-05-17 21:28:00.192 [IPControllerApp] task::task u'770a65d2-a1b5-412a-85d9-39fc68249061' finished on 3
2015-05-17 21:28:00.202 [IPControllerApp] task::task u'a1864e41-a4e9-4ead-b065-aee036d29d7c' arrived on 2
2015-05-17 21:28:00.203 [IPControllerApp] task::task u'6c8e0940-384c-45d1-939a-7076abcdcb45' finished on 2
2015-05-17 21:28:00.208 [IPControllerApp] task::task u'6f59d5be-46fb-4c59-99dc-d94b45397341' arrived on 0
2015-05-17 21:28:00.210 [IPControllerApp] task::task u'0516d654-42d3-46cb-8817-bbbb6bed1b25' finished on 0
2015-05-17 21:28:00.216 [IPControllerApp] task::task u'928652e4-3a1c-4b81-9cdb-7fc82b0fb0e7' arrived on 3
2015-05-17 21:28:00.218 [IPControllerApp] task::task u'cf42ea64-b03a-4e10-b1cb-13239f01960f' finished on 3
2015-05-17 21:28:00.221 [IPControllerApp] task::task u'8c39a257-fb17-4686-8771-2d3fdac7766f' arrived on 1
2015-05-17 21:28:00.223 [IPControllerApp] task::task u'97efa806-891b-4b81-ba13-3e0c5e468e26' finished on 1
2015-05-17 21:28:00.225 [IPControllerApp] task::task u'b4a4cb36-f48f-4fb2-90ad-4adda7254f21' arrived on 2
2015-05-17 21:28:00.227 [IPControllerApp] task::task u'a1864e41-a4e9-4ead-b065-aee036d29d7c' finished on 2
2015-05-17 21:28:00.231 [IPControllerApp] task::task u'14320d2e-b523-4468-9e88-96a3885d2b86' arrived on 0
2015-05-17 21:28:00.234 [IPControllerApp] task::task u'6f59d5be-46fb-4c59-99dc-d94b45397341' finished on 0
2015-05-17 21:28:00.236 [IPControllerApp] task::task u'1a960ce6-0899-49a9-8663-b3db78f96364' arrived on 3
2015-05-17 21:28:00.237 [IPControllerApp] task::task u'928652e4-3a1c-4b81-9cdb-7fc82b0fb0e7' finished on 3
2015-05-17 21:28:00.238 [IPControllerApp] task::task u'd06892f8-da79-43f3-971a-a621fda0b885' arrived on 1
2015-05-17 21:28:00.239 [IPControllerApp] task::task u'8c39a257-fb17-4686-8771-2d3fdac7766f' finished on 1
2015-05-17 21:28:00.240 [IPControllerApp] task::task u'19d9cb05-270f-4743-a84e-75b689ec70ce' arrived on 2
2015-05-17 21:28:00.241 [IPControllerApp] task::task u'b4a4cb36-f48f-4fb2-90ad-4adda7254f21' finished on 2
2015-05-17 21:28:00.244 [IPControllerApp] task::task u'd6e4487f-1b8f-4eeb-97e0-5e8451638748' arrived on 0
2015-05-17 21:28:00.245 [IPControllerApp] task::task u'14320d2e-b523-4468-9e88-96a3885d2b86' finished on 0
2015-05-17 21:28:00.246 [IPControllerApp] task::task u'89f414ea-5607-471a-b3f6-b5ba9052a252' arrived on 3
2015-05-17 21:28:00.247 [IPControllerApp] task::task u'1a960ce6-0899-49a9-8663-b3db78f96364' finished on 3
2015-05-17 21:28:00.247 [IPControllerApp] task::task u'c7ec750b-e791-4919-babd-3e064f804c81' arrived on 1
2015-05-17 21:28:00.248 [IPControllerApp] task::task u'd06892f8-da79-43f3-971a-a621fda0b885' finished on 1
2015-05-17 21:28:00.249 [IPControllerApp] task::task u'f037d435-812f-44df-bd3e-1df3c09f0e0a' arrived on 0
2015-05-17 21:28:00.250 [IPControllerApp] task::task u'd6e4487f-1b8f-4eeb-97e0-5e8451638748' finished on 0
2015-05-17 21:28:00.251 [IPControllerApp] task::task u'b5f45925-3975-470a-9d4d-a783d9654760' arrived on 2
2015-05-17 21:28:00.252 [IPControllerApp] task::task u'19d9cb05-270f-4743-a84e-75b689ec70ce' finished on 2
2015-05-17 21:28:00.253 [IPControllerApp] task::task u'69502c0f-0651-4a88-9850-ca470d128c77' arrived on 3
2015-05-17 21:28:00.254 [IPControllerApp] task::task u'89f414ea-5607-471a-b3f6-b5ba9052a252' finished on 3
2015-05-17 21:28:00.255 [IPControllerApp] task::task u'af193161-24c2-4328-93ba-eebc4376c241' arrived on 1
2015-05-17 21:28:00.256 [IPControllerApp] task::task u'c7ec750b-e791-4919-babd-3e064f804c81' finished on 1
2015-05-17 21:28:00.257 [IPControllerApp] task::task u'26d24768-f453-4928-9e0f-532c2c93b3b0' arrived on 0
2015-05-17 21:28:00.258 [IPControllerApp] task::task u'f037d435-812f-44df-bd3e-1df3c09f0e0a' finished on 0
2015-05-17 21:28:00.259 [IPControllerApp] task::task u'9f411cab-02ab-4568-84a1-e94b9f7122cc' arrived on 3
2015-05-17 21:28:00.260 [IPControllerApp] task::task u'69502c0f-0651-4a88-9850-ca470d128c77' finished on 3
2015-05-17 21:28:00.261 [IPControllerApp] task::task u'0d4421ce-b3b1-43e5-974e-53b30dc067ba' arrived on 2
2015-05-17 21:28:00.262 [IPControllerApp] task::task u'b5f45925-3975-470a-9d4d-a783d9654760' finished on 2
2015-05-17 21:28:00.263 [IPControllerApp] task::task u'cddb7ad7-01dd-4e86-b36b-23b54cc3a731' arrived on 1
2015-05-17 21:28:00.264 [IPControllerApp] task::task u'af193161-24c2-4328-93ba-eebc4376c241' finished on 1
2015-05-17 21:28:00.265 [IPControllerApp] task::task u'88b4a7b2-8051-4931-8a70-b412ca55f352' arrived on 0
2015-05-17 21:28:00.267 [IPControllerApp] task::task u'26d24768-f453-4928-9e0f-532c2c93b3b0' finished on 0
2015-05-17 21:28:00.267 [IPControllerApp] task::task u'e86c4203-88b6-4a84-aebd-7213a2453ff7' arrived on 2
2015-05-17 21:28:00.268 [IPControllerApp] task::task u'0d4421ce-b3b1-43e5-974e-53b30dc067ba' finished on 2
2015-05-17 21:28:00.270 [IPControllerApp] task::task u'47134906-a11a-4d4e-ae1d-a2776318ba39' arrived on 0
2015-05-17 21:28:00.272 [IPControllerApp] task::task u'88b4a7b2-8051-4931-8a70-b412ca55f352' finished on 0
2015-05-17 21:28:00.273 [IPControllerApp] task::task u'ecc8fb6d-31d1-480b-bcc4-7dde5c0b9d5c' arrived on 1
2015-05-17 21:28:00.274 [IPControllerApp] task::task u'cddb7ad7-01dd-4e86-b36b-23b54cc3a731' finished on 1
2015-05-17 21:28:00.275 [IPControllerApp] task::task u'80cef86c-067b-45b4-9673-c23e99dabbac' arrived on 3
2015-05-17 21:28:00.275 [IPControllerApp] task::task u'9f411cab-02ab-4568-84a1-e94b9f7122cc' finished on 3
2015-05-17 21:28:00.276 [IPControllerApp] task::task u'63dc97e6-9766-45c3-b023-8d23e471df36' arrived on 2
2015-05-17 21:28:00.278 [IPControllerApp] task::task u'e86c4203-88b6-4a84-aebd-7213a2453ff7' finished on 2
2015-05-17 21:28:00.279 [IPControllerApp] task::task u'7be7f60b-a85a-49cf-9b3e-245bee5ee270' arrived on 0
2015-05-17 21:28:00.281 [IPControllerApp] task::task u'47134906-a11a-4d4e-ae1d-a2776318ba39' finished on 0
2015-05-17 21:28:00.283 [IPControllerApp] task::task u'ecc8fb6d-31d1-480b-bcc4-7dde5c0b9d5c' finished on 1
2015-05-17 21:28:00.283 [IPControllerApp] task::task u'80cef86c-067b-45b4-9673-c23e99dabbac' finished on 3
2015-05-17 21:28:00.286 [IPControllerApp] task::task u'63dc97e6-9766-45c3-b023-8d23e471df36' finished on 2
2015-05-17 21:28:00.287 [IPControllerApp] task::task u'7be7f60b-a85a-49cf-9b3e-245bee5ee270' finished on 0
2015-05-17 21:28:00.289 [IPControllerApp] queue::client '\x00\x06\x05\x8e\xd9' submitted request u'315294ef-ce54-4d2a-b842-bb825c3d13f5' to 0
2015-05-17 21:28:00.289 [IPControllerApp] queue::client '\x00\x06\x05\x8e\xd9' submitted request u'5fda160a-eb56-4fc0-abf7-639a69cdf1c9' to 1
2015-05-17 21:28:00.290 [IPControllerApp] queue::client '\x00\x06\x05\x8e\xd9' submitted request u'f20e1e06-a1bb-4b19-9fd0-1ed6f4d3d0e2' to 2
2015-05-17 21:28:00.290 [IPControllerApp] queue::client '\x00\x06\x05\x8e\xd9' submitted request u'e8c457cd-59ad-4cb4-a952-8fd595b18f60' to 3
2015-05-17 21:28:00.293 [IPControllerApp] queue::request u'f20e1e06-a1bb-4b19-9fd0-1ed6f4d3d0e2' completed on 2
2015-05-17 21:28:00.294 [IPControllerApp] queue::request u'315294ef-ce54-4d2a-b842-bb825c3d13f5' completed on 0
2015-05-17 21:28:00.295 [IPControllerApp] queue::request u'e8c457cd-59ad-4cb4-a952-8fd595b18f60' completed on 3
2015-05-17 21:28:00.296 [IPControllerApp] queue::request u'5fda160a-eb56-4fc0-abf7-639a69cdf1c9' completed on 1
2015-05-17 21:28:00.299 [IPControllerApp] queue::client '\x00\x06\x05\x8e\xd9' submitted request u'50febb66-cb40-43ae-94f9-f62837ab7398' to 0
2015-05-17 21:28:00.300 [IPControllerApp] queue::client '\x00\x06\x05\x8e\xd9' submitted request u'a69bbf71-8b4a-41f4-84c5-af3ba881f599' to 1
2015-05-17 21:28:00.301 [IPControllerApp] queue::client '\x00\x06\x05\x8e\xd9' submitted request u'cb41152e-0b54-4454-8f77-ece1207a7a32' to 2
2015-05-17 21:28:00.302 [IPControllerApp] queue::client '\x00\x06\x05\x8e\xd9' submitted request u'54a1bf02-c97c-4942-8ee2-b2c346bdabc2' to 3
2015-05-17 21:28:00.304 [IPControllerApp] queue::request u'cb41152e-0b54-4454-8f77-ece1207a7a32' completed on 2
2015-05-17 21:28:00.306 [IPControllerApp] queue::request u'a69bbf71-8b4a-41f4-84c5-af3ba881f599' completed on 1
2015-05-17 21:28:00.307 [IPControllerApp] queue::request u'54a1bf02-c97c-4942-8ee2-b2c346bdabc2' completed on 3
2015-05-17 21:28:00.307 [IPControllerApp] queue::request u'50febb66-cb40-43ae-94f9-f62837ab7398' completed on 0
2015-05-17 21:28:00.311 [IPControllerApp] queue::client '\x00\x06\x05\x8e\xd9' submitted request u'903bc53f-3346-4e92-aff3-28328a67c236' to 0
2015-05-17 21:28:00.312 [IPControllerApp] queue::client '\x00\x06\x05\x8e\xd9' submitted request u'8b6589a5-4a4d-464b-8e9c-317143dcf747' to 1
2015-05-17 21:28:00.313 [IPControllerApp] queue::client '\x00\x06\x05\x8e\xd9' submitted request u'79897192-cbc3-470e-bacd-2a297017951c' to 2
2015-05-17 21:28:00.314 [IPControllerApp] queue::client '\x00\x06\x05\x8e\xd9' submitted request u'd84ecb47-8772-4d1f-b997-88c2f2855245' to 3
2015-05-17 21:28:00.317 [IPControllerApp] queue::request u'8b6589a5-4a4d-464b-8e9c-317143dcf747' completed on 1
2015-05-17 21:28:00.318 [IPControllerApp] queue::request u'd84ecb47-8772-4d1f-b997-88c2f2855245' completed on 3
2015-05-17 21:28:00.320 [IPControllerApp] queue::request u'903bc53f-3346-4e92-aff3-28328a67c236' completed on 0
2015-05-17 21:28:00.321 [IPControllerApp] queue::request u'79897192-cbc3-470e-bacd-2a297017951c' completed on 2
2015-05-17 22:01:19.006 [IPControllerApp] queue::client '\x00\x06\x05\x8e\xd9' submitted request u'cf485b5f-2822-4e2c-9c88-dab285df6fe7' to 0
2015-05-17 22:01:19.010 [IPControllerApp] queue::client '\x00\x06\x05\x8e\xd9' submitted request u'25ca1043-692a-44a4-822b-290d2af1d5dd' to 1
2015-05-17 22:01:19.016 [IPControllerApp] queue::client '\x00\x06\x05\x8e\xd9' submitted request u'1d0d2d63-fd03-418d-af46-d4d77503ac1c' to 2
2015-05-17 22:01:19.059 [IPControllerApp] queue::client '\x00\x06\x05\x8e\xd9' submitted request u'9a05ae67-0863-42cb-b70c-e59bcc4f9906' to 3
2015-05-17 22:01:19.548 [IPControllerApp] queue::request u'25ca1043-692a-44a4-822b-290d2af1d5dd' completed on 1
2015-05-17 22:01:19.548 [IPControllerApp] queue::request u'cf485b5f-2822-4e2c-9c88-dab285df6fe7' completed on 0
2015-05-17 22:01:19.549 [IPControllerApp] queue::request u'1d0d2d63-fd03-418d-af46-d4d77503ac1c' completed on 2
2015-05-17 22:01:19.550 [IPControllerApp] queue::request u'9a05ae67-0863-42cb-b70c-e59bcc4f9906' completed on 3
2015-05-17 22:01:19.558 [IPControllerApp] queue::client '\x00\x06\x05\x8e\xd9' submitted request u'64d49ab6-ffc6-47f2-9079-1111f929923a' to 0
2015-05-17 22:01:19.562 [IPControllerApp] queue::client '\x00\x06\x05\x8e\xd9' submitted request u'9259a1b0-e967-48ba-a9eb-580a3fed6941' to 1
2015-05-17 22:01:19.565 [IPControllerApp] queue::request u'64d49ab6-ffc6-47f2-9079-1111f929923a' completed on 0
2015-05-17 22:01:19.569 [IPControllerApp] queue::client '\x00\x06\x05\x8e\xd9' submitted request u'937c7a82-0a84-4be1-b331-614c52a16e20' to 2
2015-05-17 22:01:19.570 [IPControllerApp] queue::request u'9259a1b0-e967-48ba-a9eb-580a3fed6941' completed on 1
2015-05-17 22:01:19.574 [IPControllerApp] queue::client '\x00\x06\x05\x8e\xd9' submitted request u'3fd0f468-8228-4f19-ac94-89845135a967' to 3
2015-05-17 22:01:19.578 [IPControllerApp] queue::request u'937c7a82-0a84-4be1-b331-614c52a16e20' completed on 2
2015-05-17 22:01:19.581 [IPControllerApp] queue::request u'3fd0f468-8228-4f19-ac94-89845135a967' completed on 3
2015-05-17 22:01:19.860 [IPControllerApp] queue::client '\x00\x06\x05\x8e\xd9' submitted request u'44de91bd-2689-4e3e-b8be-eda5ea386dc8' to 0
2015-05-17 22:01:20.013 [IPControllerApp] queue::request u'44de91bd-2689-4e3e-b8be-eda5ea386dc8' completed on 0
2015-05-17 22:01:20.255 [IPControllerApp] queue::client '\x00\x06\x05\x8e\xd9' submitted request u'55559c94-9414-49fc-bfb9-54a4127db31d' to 1
2015-05-17 22:01:20.407 [IPControllerApp] queue::request u'55559c94-9414-49fc-bfb9-54a4127db31d' completed on 1
2015-05-17 22:01:20.557 [IPControllerApp] queue::client '\x00\x06\x05\x8e\xd9' submitted request u'8dcf0d1a-1c14-402e-a725-f988a852a2f7' to 2
2015-05-17 22:01:20.694 [IPControllerApp] queue::request u'8dcf0d1a-1c14-402e-a725-f988a852a2f7' completed on 2
2015-05-17 22:01:20.965 [IPControllerApp] queue::client '\x00\x06\x05\x8e\xd9' submitted request u'3e0aff71-dcfc-4797-98d2-58d32582c396' to 3
2015-05-17 22:01:21.116 [IPControllerApp] queue::request u'3e0aff71-dcfc-4797-98d2-58d32582c396' completed on 3
2015-05-17 22:01:21.119 [IPControllerApp] queue::client '\x00\x06\x05\x8e\xd9' submitted request u'52a8a799-b181-4e1a-8f3c-23dc5c35b6bc' to 0
2015-05-17 22:01:21.120 [IPControllerApp] queue::client '\x00\x06\x05\x8e\xd9' submitted request u'be291006-418a-4feb-9a7e-c3f947250e55' to 1
2015-05-17 22:01:21.124 [IPControllerApp] queue::client '\x00\x06\x05\x8e\xd9' submitted request u'a1cbfe41-8850-43d4-af1d-6c7d6f3f89a2' to 2
2015-05-17 22:01:21.124 [IPControllerApp] queue::request u'52a8a799-b181-4e1a-8f3c-23dc5c35b6bc' completed on 0
2015-05-17 22:01:21.126 [IPControllerApp] queue::request u'be291006-418a-4feb-9a7e-c3f947250e55' completed on 1
2015-05-17 22:01:21.127 [IPControllerApp] queue::client '\x00\x06\x05\x8e\xd9' submitted request u'ca6b69e1-2137-49a6-87d4-ac224c09f14a' to 3
2015-05-17 22:01:21.129 [IPControllerApp] queue::request u'a1cbfe41-8850-43d4-af1d-6c7d6f3f89a2' completed on 2
2015-05-17 22:01:21.132 [IPControllerApp] queue::request u'ca6b69e1-2137-49a6-87d4-ac224c09f14a' completed on 3
2015-05-17 22:01:21.137 [IPControllerApp] queue::client '\x00\x06\x05\x8e\xd9' submitted request u'f3c0bfee-ad1e-4d26-96b6-972c865a48c2' to 0
2015-05-17 22:01:21.139 [IPControllerApp] queue::client '\x00\x06\x05\x8e\xd9' submitted request u'773acde4-f1d9-46cd-90eb-63161132e11a' to 1
2015-05-17 22:01:21.141 [IPControllerApp] queue::request u'f3c0bfee-ad1e-4d26-96b6-972c865a48c2' completed on 0
2015-05-17 22:01:21.143 [IPControllerApp] queue::client '\x00\x06\x05\x8e\xd9' submitted request u'a52e3cc4-a816-4d76-b42d-10a5aaed99a4' to 2
2015-05-17 22:01:21.144 [IPControllerApp] queue::request u'773acde4-f1d9-46cd-90eb-63161132e11a' completed on 1
2015-05-17 22:01:21.148 [IPControllerApp] queue::client '\x00\x06\x05\x8e\xd9' submitted request u'17ba5a8c-10fc-44b7-83f2-b6d7deb1d8ae' to 3
2015-05-17 22:01:21.148 [IPControllerApp] queue::request u'a52e3cc4-a816-4d76-b42d-10a5aaed99a4' completed on 2
2015-05-17 22:01:21.151 [IPControllerApp] queue::request u'17ba5a8c-10fc-44b7-83f2-b6d7deb1d8ae' completed on 3
2015-05-17 22:01:21.154 [IPControllerApp] queue::client '\x00\x06\x05\x8e\xd9' submitted request u'c970fb2b-bcd3-4c64-a6c0-dee928c83118' to 0
2015-05-17 22:01:21.157 [IPControllerApp] queue::client '\x00\x06\x05\x8e\xd9' submitted request u'284ba7de-c3b0-4cbd-9fa9-06a966ea7b6e' to 1
2015-05-17 22:01:21.158 [IPControllerApp] queue::request u'c970fb2b-bcd3-4c64-a6c0-dee928c83118' completed on 0
2015-05-17 22:01:21.161 [IPControllerApp] queue::client '\x00\x06\x05\x8e\xd9' submitted request u'7e1d4700-d74c-40cb-b411-07da6607216a' to 2
2015-05-17 22:01:21.161 [IPControllerApp] queue::request u'284ba7de-c3b0-4cbd-9fa9-06a966ea7b6e' completed on 1
2015-05-17 22:01:21.165 [IPControllerApp] queue::client '\x00\x06\x05\x8e\xd9' submitted request u'e245db2a-98bd-4978-a8dd-0995d57ffbd0' to 3
2015-05-17 22:01:21.166 [IPControllerApp] queue::request u'7e1d4700-d74c-40cb-b411-07da6607216a' completed on 2
2015-05-17 22:01:21.168 [IPControllerApp] queue::request u'e245db2a-98bd-4978-a8dd-0995d57ffbd0' completed on 3
2015-05-17 22:01:21.170 [IPControllerApp] queue::client '\x00\x06\x05\x8e\xd9' submitted request u'9d749cfb-7875-4b09-8664-e13b9a35132a' to 0
2015-05-17 22:01:21.170 [IPControllerApp] queue::client '\x00\x06\x05\x8e\xd9' submitted request u'1bf91471-87c9-4926-89a6-b120afdb3445' to 1
2015-05-17 22:01:21.172 [IPControllerApp] queue::client '\x00\x06\x05\x8e\xd9' submitted request u'b82d6bb4-c86a-4852-b5e6-264dac16548a' to 2
2015-05-17 22:01:21.173 [IPControllerApp] queue::request u'9d749cfb-7875-4b09-8664-e13b9a35132a' completed on 0
2015-05-17 22:01:21.174 [IPControllerApp] queue::request u'1bf91471-87c9-4926-89a6-b120afdb3445' completed on 1
2015-05-17 22:01:21.175 [IPControllerApp] queue::client '\x00\x06\x05\x8e\xd9' submitted request u'61886fde-2d05-49df-98c5-6e2d12bc51d4' to 3
2015-05-17 22:01:21.176 [IPControllerApp] queue::request u'b82d6bb4-c86a-4852-b5e6-264dac16548a' completed on 2
2015-05-17 22:01:21.176 [IPControllerApp] queue::request u'61886fde-2d05-49df-98c5-6e2d12bc51d4' completed on 3
2015-05-17 22:01:21.257 [IPControllerApp] queue::client '\x00\x06\x05\x8e\xd9' submitted request u'2e52d3d8-76b4-4d40-8b3d-1b84b4210cfc' to 0
2015-05-17 22:01:21.338 [IPControllerApp] queue::client '\x00\x06\x05\x8e\xd9' submitted request u'95c055d8-3d68-46b3-acc1-71708a256ec2' to 1
2015-05-17 22:01:21.432 [IPControllerApp] queue::client '\x00\x06\x05\x8e\xd9' submitted request u'd70730df-b381-4f5a-ae9a-aadd5422be74' to 2
2015-05-17 22:01:21.594 [IPControllerApp] queue::client '\x00\x06\x05\x8e\xd9' submitted request u'b40d30a2-fb85-4ccb-bb84-2bcac45f7d8f' to 3
2015-05-17 22:03:11.454 [IPControllerApp] queue::request u'95c055d8-3d68-46b3-acc1-71708a256ec2' completed on 1
2015-05-17 22:03:11.476 [IPControllerApp] queue::request u'2e52d3d8-76b4-4d40-8b3d-1b84b4210cfc' completed on 0
2015-05-17 22:03:11.636 [IPControllerApp] queue::request u'd70730df-b381-4f5a-ae9a-aadd5422be74' completed on 2
2015-05-17 22:03:12.224 [IPControllerApp] queue::request u'b40d30a2-fb85-4ccb-bb84-2bcac45f7d8f' completed on 3
2015-05-17 22:03:42.721 [IPControllerApp] queue::client '\x00\x06\x05\x8e\xd9' submitted request u'93c7c47e-ab60-488e-b567-a6288ef8daf4' to 0
2015-05-17 22:03:42.725 [IPControllerApp] queue::request u'93c7c47e-ab60-488e-b567-a6288ef8daf4' completed on 0
2015-05-17 22:03:42.726 [IPControllerApp] queue::client '\x00\x06\x05\x8e\xd9' submitted request u'a81a6b64-79cc-478c-8955-af93d81e7bcb' to 1
2015-05-17 22:03:42.729 [IPControllerApp] queue::client '\x00\x06\x05\x8e\xd9' submitted request u'6884bc7f-a767-4586-8544-ef3cbeb216e8' to 2
2015-05-17 22:03:42.730 [IPControllerApp] queue::request u'a81a6b64-79cc-478c-8955-af93d81e7bcb' completed on 1
2015-05-17 22:03:42.733 [IPControllerApp] queue::client '\x00\x06\x05\x8e\xd9' submitted request u'91987fff-843f-4525-b530-b4720e596728' to 3
2015-05-17 22:03:42.735 [IPControllerApp] queue::request u'6884bc7f-a767-4586-8544-ef3cbeb216e8' completed on 2
2015-05-17 22:03:42.737 [IPControllerApp] queue::request u'91987fff-843f-4525-b530-b4720e596728' completed on 3
2015-05-17 22:03:42.747 [IPControllerApp] queue::client '\x00\x06\x05\x8e\xd9' submitted request u'7b02f570-a6aa-4df5-ab71-58ade4a58cc7' to 0
2015-05-17 22:03:42.752 [IPControllerApp] queue::client '\x00\x06\x05\x8e\xd9' submitted request u'9d5e069f-e5e5-4cea-bff1-becbe24474bb' to 1
2015-05-17 22:03:42.754 [IPControllerApp] queue::request u'7b02f570-a6aa-4df5-ab71-58ade4a58cc7' completed on 0
2015-05-17 22:03:42.757 [IPControllerApp] queue::request u'9d5e069f-e5e5-4cea-bff1-becbe24474bb' completed on 1
2015-05-17 22:03:42.762 [IPControllerApp] queue::client '\x00\x06\x05\x8e\xd9' submitted request u'9513c8a7-8207-4c29-a300-089573f99571' to 2
2015-05-17 22:03:42.766 [IPControllerApp] queue::request u'9513c8a7-8207-4c29-a300-089573f99571' completed on 2
2015-05-17 22:03:42.768 [IPControllerApp] queue::client '\x00\x06\x05\x8e\xd9' submitted request u'771bad82-c110-4506-ab22-67e4566aa792' to 3
2015-05-17 22:03:42.772 [IPControllerApp] queue::request u'771bad82-c110-4506-ab22-67e4566aa792' completed on 3
2015-05-17 22:03:43.057 [IPControllerApp] queue::client '\x00\x06\x05\x8e\xd9' submitted request u'd5c60f82-fe49-49ec-a13c-83e2b2a2d2a1' to 0
2015-05-17 22:03:43.220 [IPControllerApp] queue::request u'd5c60f82-fe49-49ec-a13c-83e2b2a2d2a1' completed on 0
2015-05-17 22:03:43.453 [IPControllerApp] queue::client '\x00\x06\x05\x8e\xd9' submitted request u'64825c42-1135-4e09-98c5-d74209c3d4e6' to 1
2015-05-17 22:03:43.655 [IPControllerApp] queue::request u'64825c42-1135-4e09-98c5-d74209c3d4e6' completed on 1
2015-05-17 22:03:43.936 [IPControllerApp] queue::client '\x00\x06\x05\x8e\xd9' submitted request u'81dbd09d-d3aa-411a-a51c-7c73a73deb3b' to 2
2015-05-17 22:03:44.094 [IPControllerApp] queue::request u'81dbd09d-d3aa-411a-a51c-7c73a73deb3b' completed on 2
2015-05-17 22:03:44.241 [IPControllerApp] queue::client '\x00\x06\x05\x8e\xd9' submitted request u'0621d9e4-ea9a-4efa-95de-51432741d4e3' to 3
2015-05-17 22:03:44.414 [IPControllerApp] queue::request u'0621d9e4-ea9a-4efa-95de-51432741d4e3' completed on 3
2015-05-17 22:03:44.418 [IPControllerApp] queue::client '\x00\x06\x05\x8e\xd9' submitted request u'8d0707d8-aaa4-42b4-a5b7-f67bdc912390' to 0
2015-05-17 22:03:44.420 [IPControllerApp] queue::client '\x00\x06\x05\x8e\xd9' submitted request u'd9e62aa7-b6a3-447d-bd69-49046e8d5dcc' to 1
2015-05-17 22:03:44.424 [IPControllerApp] queue::request u'8d0707d8-aaa4-42b4-a5b7-f67bdc912390' completed on 0
2015-05-17 22:03:44.424 [IPControllerApp] queue::client '\x00\x06\x05\x8e\xd9' submitted request u'5f64d225-4392-4829-bac0-ce99419a9c1b' to 2
2015-05-17 22:03:44.425 [IPControllerApp] queue::request u'd9e62aa7-b6a3-447d-bd69-49046e8d5dcc' completed on 1
2015-05-17 22:03:44.427 [IPControllerApp] queue::client '\x00\x06\x05\x8e\xd9' submitted request u'47288c47-5579-45a5-9c6a-42acd7f1c70d' to 3
2015-05-17 22:03:44.430 [IPControllerApp] queue::request u'5f64d225-4392-4829-bac0-ce99419a9c1b' completed on 2
2015-05-17 22:03:44.432 [IPControllerApp] queue::request u'47288c47-5579-45a5-9c6a-42acd7f1c70d' completed on 3
2015-05-17 22:03:44.436 [IPControllerApp] queue::client '\x00\x06\x05\x8e\xd9' submitted request u'fcabe6f4-a0e9-43e0-a90f-3d2011690271' to 0
2015-05-17 22:03:44.440 [IPControllerApp] queue::request u'fcabe6f4-a0e9-43e0-a90f-3d2011690271' completed on 0
2015-05-17 22:03:44.440 [IPControllerApp] queue::client '\x00\x06\x05\x8e\xd9' submitted request u'11e117a2-308b-4a0a-a13d-f048c2f01be1' to 1
2015-05-17 22:03:44.443 [IPControllerApp] queue::request u'11e117a2-308b-4a0a-a13d-f048c2f01be1' completed on 1
2015-05-17 22:03:44.444 [IPControllerApp] queue::client '\x00\x06\x05\x8e\xd9' submitted request u'930a872a-02f6-4dae-aee9-027982ac550f' to 2
2015-05-17 22:03:44.447 [IPControllerApp] queue::request u'930a872a-02f6-4dae-aee9-027982ac550f' completed on 2
2015-05-17 22:03:44.449 [IPControllerApp] queue::client '\x00\x06\x05\x8e\xd9' submitted request u'364d52f0-1838-4a72-b608-a264930f4507' to 3
2015-05-17 22:03:44.452 [IPControllerApp] queue::request u'364d52f0-1838-4a72-b608-a264930f4507' completed on 3
2015-05-17 22:03:44.457 [IPControllerApp] queue::client '\x00\x06\x05\x8e\xd9' submitted request u'cbc8914b-2aa5-4842-a65c-ebe373e6a054' to 0
2015-05-17 22:03:44.460 [IPControllerApp] queue::client '\x00\x06\x05\x8e\xd9' submitted request u'046f32b9-1b63-4292-ae83-6f9da9c9850d' to 1
2015-05-17 22:03:44.460 [IPControllerApp] queue::request u'cbc8914b-2aa5-4842-a65c-ebe373e6a054' completed on 0
2015-05-17 22:03:44.463 [IPControllerApp] queue::request u'046f32b9-1b63-4292-ae83-6f9da9c9850d' completed on 1
2015-05-17 22:03:44.465 [IPControllerApp] queue::client '\x00\x06\x05\x8e\xd9' submitted request u'b3dc60b2-f624-43eb-bc49-985ce56388d2' to 2
2015-05-17 22:03:44.469 [IPControllerApp] queue::request u'b3dc60b2-f624-43eb-bc49-985ce56388d2' completed on 2
2015-05-17 22:03:44.470 [IPControllerApp] queue::client '\x00\x06\x05\x8e\xd9' submitted request u'133e3e1e-3abf-4c9e-82cc-5e3e775060f5' to 3
2015-05-17 22:03:44.472 [IPControllerApp] queue::request u'133e3e1e-3abf-4c9e-82cc-5e3e775060f5' completed on 3
2015-05-17 22:03:44.474 [IPControllerApp] queue::client '\x00\x06\x05\x8e\xd9' submitted request u'86eaa51b-c99a-4766-9768-c11a74e43a02' to 0
2015-05-17 22:03:44.475 [IPControllerApp] queue::client '\x00\x06\x05\x8e\xd9' submitted request u'09ce2e53-4664-44b4-936c-e7295f131967' to 1
2015-05-17 22:03:44.476 [IPControllerApp] queue::client '\x00\x06\x05\x8e\xd9' submitted request u'5c608956-ef8c-4657-92c8-b5cfc4fd2344' to 2
2015-05-17 22:03:44.477 [IPControllerApp] queue::request u'86eaa51b-c99a-4766-9768-c11a74e43a02' completed on 0
2015-05-17 22:03:44.478 [IPControllerApp] queue::client '\x00\x06\x05\x8e\xd9' submitted request u'8301a2b9-3d07-49fa-a6cd-e64f4517223b' to 3
2015-05-17 22:03:44.479 [IPControllerApp] queue::request u'5c608956-ef8c-4657-92c8-b5cfc4fd2344' completed on 2
2015-05-17 22:03:44.480 [IPControllerApp] queue::request u'09ce2e53-4664-44b4-936c-e7295f131967' completed on 1
2015-05-17 22:03:44.481 [IPControllerApp] queue::request u'8301a2b9-3d07-49fa-a6cd-e64f4517223b' completed on 3
2015-05-17 22:03:44.568 [IPControllerApp] queue::client '\x00\x06\x05\x8e\xd9' submitted request u'45885bb4-a326-4434-92ef-8ca2d9a87224' to 0
2015-05-17 22:03:44.642 [IPControllerApp] queue::client '\x00\x06\x05\x8e\xd9' submitted request u'a2e9b899-0a3a-460d-87f5-9b8059510354' to 1
2015-05-17 22:03:44.739 [IPControllerApp] queue::client '\x00\x06\x05\x8e\xd9' submitted request u'c4c89b3d-aabd-4114-bd83-e103656a90f1' to 2
2015-05-17 22:03:45.173 [IPControllerApp] queue::client '\x00\x06\x05\x8e\xd9' submitted request u'7bcacd52-abd1-4f90-ab07-976ddeeece65' to 3
2015-05-17 22:05:33.880 [IPControllerApp] queue::request u'45885bb4-a326-4434-92ef-8ca2d9a87224' completed on 0
2015-05-17 22:05:33.970 [IPControllerApp] queue::request u'a2e9b899-0a3a-460d-87f5-9b8059510354' completed on 1
2015-05-17 22:05:34.297 [IPControllerApp] queue::request u'c4c89b3d-aabd-4114-bd83-e103656a90f1' completed on 2
2015-05-17 22:05:34.802 [IPControllerApp] queue::request u'7bcacd52-abd1-4f90-ab07-976ddeeece65' completed on 3
2015-05-19 18:50:17.264 [IPControllerApp] CRITICAL | Received signal 2, shutting down
2015-05-19 18:50:17.270 [IPControllerApp] CRITICAL | terminating children...
2015-05-19 18:50:17.271 [IPControllerApp] CRITICAL | Received signal 2, shutting down
2015-05-19 18:50:17.274 [IPControllerApp] CRITICAL | terminating children...
