2015-05-27 10:43:30.428 [IPControllerApp] Hub listening on tcp://127.0.0.1:57016 for registration.
2015-05-27 10:43:30.429 [IPControllerApp] Hub using DB backend: 'NoDB'
2015-05-27 10:43:30.681 [IPControllerApp] hub::created hub
2015-05-27 10:43:30.682 [IPControllerApp] writing connection info to /Users/robert/.ipython/profile_basic/security/ipcontroller-client.json
2015-05-27 10:43:30.682 [IPControllerApp] writing connection info to /Users/robert/.ipython/profile_basic/security/ipcontroller-engine.json
2015-05-27 10:43:30.683 [IPControllerApp] task::using Python leastload Task scheduler
2015-05-27 10:43:30.683 [IPControllerApp] Heartmonitor started
2015-05-27 10:43:30.692 [IPControllerApp] Creating pid file: /Users/robert/.ipython/profile_basic/pid/ipcontroller.pid
2015-05-27 10:43:30.706 [IPControllerApp] client::client '\x00\x80\x00A\xa7' requested u'connection_request'
2015-05-27 10:43:30.706 [IPControllerApp] client::client ['\x00\x80\x00A\xa7'] connected
2015-05-27 10:43:31.211 [IPControllerApp] client::client '25933c15-faf7-4926-8d41-9cbdac84e15d' requested u'registration_request'
2015-05-27 10:43:31.363 [IPControllerApp] client::client 'cc36b873-e72f-4211-8abd-0bd64a07ea81' requested u'registration_request'
2015-05-27 10:43:31.501 [IPControllerApp] client::client '9675a51a-a838-4a98-9471-ececcb3376d0' requested u'registration_request'
2015-05-27 10:43:31.589 [IPControllerApp] client::client '75a9c846-fa94-4dd9-a720-0fc4e6d96eaa' requested u'registration_request'
2015-05-27 10:43:36.688 [IPControllerApp] registration::finished registering engine 0:25933c15-faf7-4926-8d41-9cbdac84e15d
2015-05-27 10:43:36.688 [IPControllerApp] engine::Engine Connected: 0
2015-05-27 10:43:36.689 [IPControllerApp] registration::finished registering engine 3:75a9c846-fa94-4dd9-a720-0fc4e6d96eaa
2015-05-27 10:43:36.689 [IPControllerApp] engine::Engine Connected: 3
2015-05-27 10:43:36.690 [IPControllerApp] registration::finished registering engine 2:9675a51a-a838-4a98-9471-ececcb3376d0
2015-05-27 10:43:36.691 [IPControllerApp] engine::Engine Connected: 2
2015-05-27 10:43:36.691 [IPControllerApp] registration::finished registering engine 1:cc36b873-e72f-4211-8abd-0bd64a07ea81
2015-05-27 10:43:36.691 [IPControllerApp] engine::Engine Connected: 1
2015-05-27 19:08:47.893 [IPControllerApp] client::client '\x00\x80\x00A\xa8' requested u'connection_request'
2015-05-27 19:08:47.895 [IPControllerApp] client::client ['\x00\x80\x00A\xa8'] connected
2015-05-27 19:08:47.927 [IPControllerApp] queue::client '\x00\x06\x05\x8e\xd8' submitted request u'6ab45371-0cc1-418d-821a-13d3a780101c' to 0
2015-05-27 19:08:47.928 [IPControllerApp] queue::client '\x00\x06\x05\x8e\xd8' submitted request u'fcd5e452-ea25-45f6-85ca-6ac19a8bf6e1' to 1
2015-05-27 19:08:47.929 [IPControllerApp] queue::client '\x00\x06\x05\x8e\xd8' submitted request u'4bb0e0af-1892-4f8d-9293-9783975734a7' to 2
2015-05-27 19:08:47.930 [IPControllerApp] queue::client '\x00\x06\x05\x8e\xd8' submitted request u'e3b3382d-1efd-4ce0-a886-dca0a3e325d3' to 3
2015-05-27 19:08:47.939 [IPControllerApp] queue::request u'fcd5e452-ea25-45f6-85ca-6ac19a8bf6e1' completed on 1
2015-05-27 19:08:47.941 [IPControllerApp] queue::request u'6ab45371-0cc1-418d-821a-13d3a780101c' completed on 0
2015-05-27 19:08:47.942 [IPControllerApp] queue::request u'4bb0e0af-1892-4f8d-9293-9783975734a7' completed on 2
2015-05-27 19:08:47.944 [IPControllerApp] queue::request u'e3b3382d-1efd-4ce0-a886-dca0a3e325d3' completed on 3
2015-05-27 19:08:47.975 [IPControllerApp] task::task u'c173c042-d6ce-4cd8-841d-47f2b2751319' arrived on 1
2015-05-27 19:08:47.980 [IPControllerApp] task::task u'759956c0-c67a-430c-9095-3933f061eed0' arrived on 2
2015-05-27 19:08:47.992 [IPControllerApp] task::task u'3a1cc8d3-c770-4b3b-b88e-c0081fa362d9' arrived on 3
2015-05-27 19:08:47.995 [IPControllerApp] task::task u'90d1dc25-3c0b-4357-9efe-b123bf04b732' arrived on 0
2015-05-27 19:08:48.192 [IPControllerApp] task::task u'7c51da51-14fa-4e26-ab14-ea86a058ccfc' arrived on 3
2015-05-27 19:08:48.194 [IPControllerApp] task::task u'3a1cc8d3-c770-4b3b-b88e-c0081fa362d9' finished on 3
2015-05-27 19:08:48.195 [IPControllerApp] task::task u'3d115ba0-2ac4-42ed-8acd-047f655f63ba' arrived on 0
2015-05-27 19:08:48.197 [IPControllerApp] task::task u'90d1dc25-3c0b-4357-9efe-b123bf04b732' finished on 0
2015-05-27 19:08:48.198 [IPControllerApp] task::task u'9a261a66-5898-4c33-8454-f0aa8aecd8a8' arrived on 1
2015-05-27 19:08:48.200 [IPControllerApp] task::task u'c173c042-d6ce-4cd8-841d-47f2b2751319' finished on 1
2015-05-27 19:08:48.200 [IPControllerApp] task::task u'11334cd8-ad96-4745-8719-d8736c3c22ef' arrived on 2
2015-05-27 19:08:48.201 [IPControllerApp] task::task u'759956c0-c67a-430c-9095-3933f061eed0' finished on 2
2015-05-27 19:08:48.202 [IPControllerApp] task::task u'a71268df-6187-44cf-93d1-512283db0ab1' arrived on 3
2015-05-27 19:08:48.203 [IPControllerApp] task::task u'7c51da51-14fa-4e26-ab14-ea86a058ccfc' finished on 3
2015-05-27 19:08:48.204 [IPControllerApp] task::task u'b2b7628f-487f-4a3c-8fd0-b459214766cb' arrived on 0
2015-05-27 19:08:48.205 [IPControllerApp] task::task u'3d115ba0-2ac4-42ed-8acd-047f655f63ba' finished on 0
2015-05-27 19:08:48.206 [IPControllerApp] task::task u'd472b8cd-1a5f-496e-9b05-a51604b01cc4' arrived on 3
2015-05-27 19:08:48.208 [IPControllerApp] task::task u'a71268df-6187-44cf-93d1-512283db0ab1' finished on 3
2015-05-27 19:08:48.210 [IPControllerApp] task::task u'7ca03fd2-0d71-4e26-8633-8642c056f47e' arrived on 1
2015-05-27 19:08:48.212 [IPControllerApp] task::task u'9a261a66-5898-4c33-8454-f0aa8aecd8a8' finished on 1
2015-05-27 19:08:48.213 [IPControllerApp] task::task u'28a10267-ee3e-4a52-9b4a-917349b59d5a' arrived on 0
2015-05-27 19:08:48.214 [IPControllerApp] task::task u'b2b7628f-487f-4a3c-8fd0-b459214766cb' finished on 0
2015-05-27 19:08:48.215 [IPControllerApp] task::task u'47c0cdcc-a41d-440d-b7ac-54a00ae454ba' arrived on 2
2015-05-27 19:08:48.215 [IPControllerApp] task::task u'11334cd8-ad96-4745-8719-d8736c3c22ef' finished on 2
2015-05-27 19:08:48.216 [IPControllerApp] task::task u'841ea913-864d-4923-9b74-5972fc729133' arrived on 3
2015-05-27 19:08:48.217 [IPControllerApp] task::task u'd472b8cd-1a5f-496e-9b05-a51604b01cc4' finished on 3
2015-05-27 19:08:48.219 [IPControllerApp] task::task u'f07b9f03-dc31-4869-96d3-9c5084ffa386' arrived on 0
2015-05-27 19:08:48.219 [IPControllerApp] task::task u'28a10267-ee3e-4a52-9b4a-917349b59d5a' finished on 0
2015-05-27 19:08:48.221 [IPControllerApp] task::task u'12d2e776-72ee-414d-a1ea-e8f8c52fe86b' arrived on 3
2015-05-27 19:08:48.223 [IPControllerApp] task::task u'841ea913-864d-4923-9b74-5972fc729133' finished on 3
2015-05-27 19:08:48.224 [IPControllerApp] task::task u'4adbde39-7ca5-4f2e-b062-c5e4166debef' arrived on 2
2015-05-27 19:08:48.227 [IPControllerApp] task::task u'47c0cdcc-a41d-440d-b7ac-54a00ae454ba' finished on 2
2015-05-27 19:08:48.227 [IPControllerApp] task::task u'01e7f4e7-700a-4724-a5ca-06e762960d45' arrived on 1
2015-05-27 19:08:48.229 [IPControllerApp] task::task u'7ca03fd2-0d71-4e26-8633-8642c056f47e' finished on 1
2015-05-27 19:08:48.230 [IPControllerApp] task::task u'bc827d7c-49f0-4410-9ea3-69c5e642df2f' arrived on 0
2015-05-27 19:08:48.230 [IPControllerApp] task::task u'f07b9f03-dc31-4869-96d3-9c5084ffa386' finished on 0
2015-05-27 19:08:48.231 [IPControllerApp] task::task u'73d77ab5-a065-48fe-9b06-1242f12159ab' arrived on 3
2015-05-27 19:08:48.231 [IPControllerApp] task::task u'12d2e776-72ee-414d-a1ea-e8f8c52fe86b' finished on 3
2015-05-27 19:08:48.234 [IPControllerApp] task::task u'd61c4874-2826-43af-b0bc-663427d86e06' arrived on 0
2015-05-27 19:08:48.236 [IPControllerApp] task::task u'bc827d7c-49f0-4410-9ea3-69c5e642df2f' finished on 0
2015-05-27 19:08:48.238 [IPControllerApp] task::task u'db7a4e34-852d-42da-844e-014b32d6d1f9' arrived on 3
2015-05-27 19:08:48.241 [IPControllerApp] task::task u'73d77ab5-a065-48fe-9b06-1242f12159ab' finished on 3
2015-05-27 19:08:48.241 [IPControllerApp] task::task u'38115b45-c7e1-495f-ac9c-dc3ae827582a' arrived on 2
2015-05-27 19:08:48.242 [IPControllerApp] task::task u'4adbde39-7ca5-4f2e-b062-c5e4166debef' finished on 2
2015-05-27 19:08:48.242 [IPControllerApp] task::task u'4198e454-0980-40f1-94c2-c7be77418e71' arrived on 1
2015-05-27 19:08:48.243 [IPControllerApp] task::task u'01e7f4e7-700a-4724-a5ca-06e762960d45' finished on 1
2015-05-27 19:08:48.245 [IPControllerApp] task::task u'b74d69b6-051c-4f9a-ac51-f456de44d14d' arrived on 0
2015-05-27 19:08:48.246 [IPControllerApp] task::task u'd61c4874-2826-43af-b0bc-663427d86e06' finished on 0
2015-05-27 19:08:48.247 [IPControllerApp] task::task u'c3b7e56b-fb42-4b05-9bda-5cda41f38762' arrived on 3
2015-05-27 19:08:48.247 [IPControllerApp] task::task u'db7a4e34-852d-42da-844e-014b32d6d1f9' finished on 3
2015-05-27 19:08:48.251 [IPControllerApp] task::task u'a7e2088f-2626-4251-b528-7d49c12b5291' arrived on 0
2015-05-27 19:08:48.251 [IPControllerApp] task::task u'b74d69b6-051c-4f9a-ac51-f456de44d14d' finished on 0
2015-05-27 19:08:48.252 [IPControllerApp] task::task u'91f36107-0304-4136-96c8-66b52190b8c3' arrived on 3
2015-05-27 19:08:48.253 [IPControllerApp] task::task u'c3b7e56b-fb42-4b05-9bda-5cda41f38762' finished on 3
2015-05-27 19:08:48.256 [IPControllerApp] task::task u'005bb1a7-73de-4524-81e1-39c474dff9db' arrived on 0
2015-05-27 19:08:48.256 [IPControllerApp] task::task u'a7e2088f-2626-4251-b528-7d49c12b5291' finished on 0
2015-05-27 19:08:48.257 [IPControllerApp] task::task u'9fc8d666-d8cf-47f1-8bea-464f5cee0c2f' arrived on 3
2015-05-27 19:08:48.258 [IPControllerApp] task::task u'91f36107-0304-4136-96c8-66b52190b8c3' finished on 3
2015-05-27 19:08:48.262 [IPControllerApp] task::task u'b8a494a1-a605-4b8c-a02e-a58aeb517e2d' arrived on 0
2015-05-27 19:08:48.263 [IPControllerApp] task::task u'005bb1a7-73de-4524-81e1-39c474dff9db' finished on 0
2015-05-27 19:08:48.264 [IPControllerApp] task::task u'9fc8d666-d8cf-47f1-8bea-464f5cee0c2f' finished on 3
2015-05-27 19:08:48.265 [IPControllerApp] task::task u'4198e454-0980-40f1-94c2-c7be77418e71' finished on 1
2015-05-27 19:08:48.269 [IPControllerApp] task::task u'38115b45-c7e1-495f-ac9c-dc3ae827582a' finished on 2
2015-05-27 19:08:48.270 [IPControllerApp] task::task u'b8a494a1-a605-4b8c-a02e-a58aeb517e2d' finished on 0
2015-05-27 19:08:48.276 [IPControllerApp] queue::client '\x00\x06\x05\x8e\xd8' submitted request u'986cf2bd-d93a-4f9a-a59e-9d04aa892814' to 0
2015-05-27 19:08:48.277 [IPControllerApp] queue::client '\x00\x06\x05\x8e\xd8' submitted request u'cc7049ab-7f98-4aa6-8885-ff9f6989954f' to 1
2015-05-27 19:08:48.277 [IPControllerApp] queue::client '\x00\x06\x05\x8e\xd8' submitted request u'ac583d8b-f900-4d18-8b92-74f84f3ee5da' to 2
2015-05-27 19:08:48.279 [IPControllerApp] queue::client '\x00\x06\x05\x8e\xd8' submitted request u'e069bb93-2ec5-4b01-ab28-d6565e152bad' to 3
2015-05-27 19:08:48.280 [IPControllerApp] queue::request u'986cf2bd-d93a-4f9a-a59e-9d04aa892814' completed on 0
2015-05-27 19:08:48.281 [IPControllerApp] queue::request u'e069bb93-2ec5-4b01-ab28-d6565e152bad' completed on 3
2015-05-27 19:08:48.282 [IPControllerApp] queue::request u'cc7049ab-7f98-4aa6-8885-ff9f6989954f' completed on 1
2015-05-27 19:08:48.283 [IPControllerApp] queue::request u'ac583d8b-f900-4d18-8b92-74f84f3ee5da' completed on 2
2015-05-27 19:08:48.285 [IPControllerApp] queue::client '\x00\x06\x05\x8e\xd8' submitted request u'8ea00e3a-7608-467f-98c3-e41d4618b639' to 0
2015-05-27 19:08:48.286 [IPControllerApp] queue::client '\x00\x06\x05\x8e\xd8' submitted request u'26fb7e1f-e4b7-4e9f-b5fb-0eed3b0571bc' to 1
2015-05-27 19:08:48.288 [IPControllerApp] queue::client '\x00\x06\x05\x8e\xd8' submitted request u'c85610e8-e1ae-49aa-909e-9ca8622f17b2' to 2
2015-05-27 19:08:48.289 [IPControllerApp] queue::request u'8ea00e3a-7608-467f-98c3-e41d4618b639' completed on 0
2015-05-27 19:08:48.289 [IPControllerApp] queue::client '\x00\x06\x05\x8e\xd8' submitted request u'96d23c44-030f-4906-99c1-659e590bd302' to 3
2015-05-27 19:08:48.290 [IPControllerApp] queue::request u'26fb7e1f-e4b7-4e9f-b5fb-0eed3b0571bc' completed on 1
2015-05-27 19:08:48.292 [IPControllerApp] queue::request u'c85610e8-e1ae-49aa-909e-9ca8622f17b2' completed on 2
2015-05-27 19:08:48.292 [IPControllerApp] queue::request u'96d23c44-030f-4906-99c1-659e590bd302' completed on 3
2015-05-27 19:08:48.295 [IPControllerApp] queue::client '\x00\x06\x05\x8e\xd8' submitted request u'c84c9e69-4e18-4957-a272-198f54c996d6' to 0
2015-05-27 19:08:48.297 [IPControllerApp] queue::client '\x00\x06\x05\x8e\xd8' submitted request u'f667a66c-559d-4416-98eb-9715b0b9cfca' to 1
2015-05-27 19:08:48.298 [IPControllerApp] queue::client '\x00\x06\x05\x8e\xd8' submitted request u'7bee9827-f2a2-4492-a8de-ee11be6ede10' to 2
2015-05-27 19:08:48.299 [IPControllerApp] queue::request u'c84c9e69-4e18-4957-a272-198f54c996d6' completed on 0
2015-05-27 19:08:48.301 [IPControllerApp] queue::client '\x00\x06\x05\x8e\xd8' submitted request u'742fc803-01f4-484e-bff8-d3baf92d3db2' to 3
2015-05-27 19:08:48.304 [IPControllerApp] queue::request u'742fc803-01f4-484e-bff8-d3baf92d3db2' completed on 3
2015-05-27 19:08:48.305 [IPControllerApp] queue::request u'f667a66c-559d-4416-98eb-9715b0b9cfca' completed on 1
2015-05-27 19:08:48.305 [IPControllerApp] queue::request u'7bee9827-f2a2-4492-a8de-ee11be6ede10' completed on 2
2015-05-27 19:23:06.188 [IPControllerApp] client::client '\x00\x80\x00A\xa9' requested u'connection_request'
2015-05-27 19:23:06.189 [IPControllerApp] client::client ['\x00\x80\x00A\xa9'] connected
2015-05-27 19:23:06.210 [IPControllerApp] queue::client '\x00\x06\x05\x8e\xd9' submitted request u'982878db-425d-4cf3-86b7-5e7ca2f9e2d7' to 0
2015-05-27 19:23:06.210 [IPControllerApp] queue::client '\x00\x06\x05\x8e\xd9' submitted request u'745f75bd-eb88-4dfb-8d1f-10a84c0089d3' to 1
2015-05-27 19:23:06.211 [IPControllerApp] queue::client '\x00\x06\x05\x8e\xd9' submitted request u'bf1ba4c0-ba41-4b17-bd7f-4e2efd8a56fe' to 2
2015-05-27 19:23:06.212 [IPControllerApp] queue::client '\x00\x06\x05\x8e\xd9' submitted request u'f906c9d6-ff65-4a98-9a28-d62bffc15743' to 3
2015-05-27 19:23:06.216 [IPControllerApp] queue::request u'982878db-425d-4cf3-86b7-5e7ca2f9e2d7' completed on 0
2015-05-27 19:23:06.220 [IPControllerApp] queue::request u'f906c9d6-ff65-4a98-9a28-d62bffc15743' completed on 3
2015-05-27 19:23:06.222 [IPControllerApp] queue::request u'745f75bd-eb88-4dfb-8d1f-10a84c0089d3' completed on 1
2015-05-27 19:23:06.223 [IPControllerApp] queue::request u'bf1ba4c0-ba41-4b17-bd7f-4e2efd8a56fe' completed on 2
2015-05-27 19:23:06.230 [IPControllerApp] task::task u'b3229ad6-d34f-4604-8571-ad87ea74863b' arrived on 2
2015-05-27 19:23:06.239 [IPControllerApp] task::task u'beced35f-d5ea-4b53-9b86-4e0b76b79c71' arrived on 1
2015-05-27 19:23:06.240 [IPControllerApp] task::task u'a5b3edbc-23e9-4973-a767-50482dcd8e4d' arrived on 3
2015-05-27 19:23:06.243 [IPControllerApp] task::task u'55e3063e-696a-4b16-8028-0a74f39093fe' arrived on 0
2015-05-27 19:23:06.269 [IPControllerApp] task::task u'8f48ff00-6730-41ed-b584-2a4753b5d51c' arrived on 2
2015-05-27 19:23:06.272 [IPControllerApp] task::task u'b3229ad6-d34f-4604-8571-ad87ea74863b' finished on 2
2015-05-27 19:23:06.276 [IPControllerApp] task::task u'8bbdd308-b2dd-411e-b3de-d6375beb8f79' arrived on 3
2015-05-27 19:23:06.279 [IPControllerApp] task::task u'a5b3edbc-23e9-4973-a767-50482dcd8e4d' finished on 3
2015-05-27 19:23:06.284 [IPControllerApp] task::task u'7e6911ec-e670-4c32-894e-0d21f37cfe2d' arrived on 1
2015-05-27 19:23:06.287 [IPControllerApp] task::task u'beced35f-d5ea-4b53-9b86-4e0b76b79c71' finished on 1
2015-05-27 19:23:06.294 [IPControllerApp] task::task u'c8d998b1-402d-4173-b8fa-b2dd3f3b83e6' arrived on 0
2015-05-27 19:23:06.295 [IPControllerApp] task::task u'55e3063e-696a-4b16-8028-0a74f39093fe' finished on 0
2015-05-27 19:23:06.310 [IPControllerApp] task::task u'e36618fc-f234-40a3-8d53-ad485a996faf' arrived on 2
2015-05-27 19:23:06.311 [IPControllerApp] task::task u'8f48ff00-6730-41ed-b584-2a4753b5d51c' finished on 2
2015-05-27 19:23:06.321 [IPControllerApp] task::task u'0170059d-83ee-4ad1-a853-361788b5b406' arrived on 3
2015-05-27 19:23:06.324 [IPControllerApp] task::task u'8bbdd308-b2dd-411e-b3de-d6375beb8f79' finished on 3
2015-05-27 19:23:06.326 [IPControllerApp] task::task u'994465a1-7c72-4465-9d7c-c6fc48b60d22' arrived on 1
2015-05-27 19:23:06.327 [IPControllerApp] task::task u'7e6911ec-e670-4c32-894e-0d21f37cfe2d' finished on 1
2015-05-27 19:23:06.331 [IPControllerApp] task::task u'afc2e5aa-64f4-4882-a07c-f76a72c372eb' arrived on 0
2015-05-27 19:23:06.336 [IPControllerApp] task::task u'c8d998b1-402d-4173-b8fa-b2dd3f3b83e6' finished on 0
2015-05-27 19:23:06.345 [IPControllerApp] task::task u'6365c7b4-4539-4b53-acd8-36820cb8f272' arrived on 2
2015-05-27 19:23:06.347 [IPControllerApp] task::task u'e36618fc-f234-40a3-8d53-ad485a996faf' finished on 2
2015-05-27 19:23:06.355 [IPControllerApp] task::task u'34be284b-69e0-496e-a830-c1f1dd1f2034' arrived on 3
2015-05-27 19:23:06.358 [IPControllerApp] task::task u'0170059d-83ee-4ad1-a853-361788b5b406' finished on 3
2015-05-27 19:23:06.360 [IPControllerApp] task::task u'10b03cbc-5333-485f-9b8b-660833353a95' arrived on 1
2015-05-27 19:23:06.362 [IPControllerApp] task::task u'994465a1-7c72-4465-9d7c-c6fc48b60d22' finished on 1
2015-05-27 19:23:06.364 [IPControllerApp] task::task u'576e6e58-b656-4557-92ef-9c676cbb8c62' arrived on 0
2015-05-27 19:23:06.366 [IPControllerApp] task::task u'afc2e5aa-64f4-4882-a07c-f76a72c372eb' finished on 0
2015-05-27 19:23:06.368 [IPControllerApp] task::task u'c43f119c-feea-4e6c-8dc2-055cc3651b5e' arrived on 2
2015-05-27 19:23:06.373 [IPControllerApp] task::task u'6365c7b4-4539-4b53-acd8-36820cb8f272' finished on 2
2015-05-27 19:23:06.376 [IPControllerApp] task::task u'9fa69c5e-8807-4d5a-854b-044e6da7cb2b' arrived on 3
2015-05-27 19:23:06.384 [IPControllerApp] task::task u'34be284b-69e0-496e-a830-c1f1dd1f2034' finished on 3
2015-05-27 19:23:06.386 [IPControllerApp] queue::client '\x00\x06\x05\x8e\xd9' submitted request u'5da8c008-9007-49e0-b453-f3a5bb4aaacc' to 0
2015-05-27 19:23:06.387 [IPControllerApp] task::task u'92ac8a1c-bcd6-456b-9449-e138904024fc' arrived on 1
2015-05-27 19:23:06.389 [IPControllerApp] queue::client '\x00\x06\x05\x8e\xd9' submitted request u'289ed0c8-fac5-45b3-92a1-5ed251326d56' to 1
2015-05-27 19:23:06.389 [IPControllerApp] task::task u'10b03cbc-5333-485f-9b8b-660833353a95' finished on 1
2015-05-27 19:23:06.391 [IPControllerApp] queue::client '\x00\x06\x05\x8e\xd9' submitted request u'427bedf8-a2be-4a0b-acb7-cfdeed072aa4' to 2
2015-05-27 19:23:06.391 [IPControllerApp] task::task u'1836758c-4c1b-47ef-ae49-f140534c5b43' arrived on 0
2015-05-27 19:23:06.393 [IPControllerApp] queue::client '\x00\x06\x05\x8e\xd9' submitted request u'f04fb6f6-bf0d-4f77-b098-20bee386cabb' to 3
2015-05-27 19:23:06.396 [IPControllerApp] task::task u'576e6e58-b656-4557-92ef-9c676cbb8c62' finished on 0
2015-05-27 19:23:06.398 [IPControllerApp] queue::request u'5da8c008-9007-49e0-b453-f3a5bb4aaacc' completed on 0
2015-05-27 19:23:06.398 [IPControllerApp] task::task u'a87229a9-ec4b-46d5-9732-8687e66ba076' arrived on 2
2015-05-27 19:23:06.399 [IPControllerApp] queue::request u'427bedf8-a2be-4a0b-acb7-cfdeed072aa4' completed on 2
2015-05-27 19:23:06.399 [IPControllerApp] task::task u'c43f119c-feea-4e6c-8dc2-055cc3651b5e' finished on 2
2015-05-27 19:23:06.400 [IPControllerApp] queue::request u'289ed0c8-fac5-45b3-92a1-5ed251326d56' completed on 1
2015-05-27 19:23:06.400 [IPControllerApp] task::task u'6220d4dc-a2da-4d0a-882e-85472769d294' arrived on 3
2015-05-27 19:23:06.401 [IPControllerApp] queue::request u'f04fb6f6-bf0d-4f77-b098-20bee386cabb' completed on 3
2015-05-27 19:23:06.402 [IPControllerApp] task::task u'9fa69c5e-8807-4d5a-854b-044e6da7cb2b' finished on 3
2015-05-27 19:23:06.404 [IPControllerApp] queue::client '\x00\x06\x05\x8e\xd9' submitted request u'c3ca0a95-872f-421a-a295-8b29a8423a68' to 0
2015-05-27 19:23:06.405 [IPControllerApp] task::task u'ddc7e939-5529-411e-92ef-e784cf128272' arrived on 1
2015-05-27 19:23:06.407 [IPControllerApp] queue::client '\x00\x06\x05\x8e\xd9' submitted request u'd1d40c4c-b585-4bf7-87a9-4fb335ce2ccc' to 1
2015-05-27 19:23:06.408 [IPControllerApp] task::task u'92ac8a1c-bcd6-456b-9449-e138904024fc' finished on 1
2015-05-27 19:23:06.409 [IPControllerApp] queue::client '\x00\x06\x05\x8e\xd9' submitted request u'24ba401e-adf6-41f2-8243-0a30913ba061' to 2
2015-05-27 19:23:06.409 [IPControllerApp] task::task u'ee5089ce-6ab5-448d-8388-5dfbf3aed21d' arrived on 0
2015-05-27 19:23:06.410 [IPControllerApp] queue::request u'c3ca0a95-872f-421a-a295-8b29a8423a68' completed on 0
2015-05-27 19:23:06.410 [IPControllerApp] task::task u'1836758c-4c1b-47ef-ae49-f140534c5b43' finished on 0
2015-05-27 19:23:06.410 [IPControllerApp] queue::client '\x00\x06\x05\x8e\xd9' submitted request u'1dc20f08-c00e-4401-861c-6c90df2186b0' to 3
2015-05-27 19:23:06.411 [IPControllerApp] task::task u'dfe7effb-9e6f-4fc6-86a2-3ee040ee4919' arrived on 2
2015-05-27 19:23:06.411 [IPControllerApp] queue::request u'd1d40c4c-b585-4bf7-87a9-4fb335ce2ccc' completed on 1
2015-05-27 19:23:06.412 [IPControllerApp] task::task u'a87229a9-ec4b-46d5-9732-8687e66ba076' finished on 2
2015-05-27 19:23:06.412 [IPControllerApp] queue::request u'24ba401e-adf6-41f2-8243-0a30913ba061' completed on 2
2015-05-27 19:23:06.413 [IPControllerApp] task::task u'1aaeaee6-541d-4695-b0a9-42048b559149' arrived on 3
2015-05-27 19:23:06.413 [IPControllerApp] queue::request u'1dc20f08-c00e-4401-861c-6c90df2186b0' completed on 3
2015-05-27 19:23:06.413 [IPControllerApp] task::task u'6220d4dc-a2da-4d0a-882e-85472769d294' finished on 3
2015-05-27 19:23:06.414 [IPControllerApp] queue::client '\x00\x06\x05\x8e\xd9' submitted request u'732aae40-ddc8-4324-8447-8177f5e7319a' to 0
2015-05-27 19:23:06.414 [IPControllerApp] task::task u'9f124db1-efec-48de-8e4d-1819d2b79536' arrived on 1
2015-05-27 19:23:06.415 [IPControllerApp] queue::client '\x00\x06\x05\x8e\xd9' submitted request u'6c5a211a-76bc-466e-a66c-af9128ebaf8d' to 1
2015-05-27 19:23:06.415 [IPControllerApp] task::task u'ddc7e939-5529-411e-92ef-e784cf128272' finished on 1
2015-05-27 19:23:06.416 [IPControllerApp] queue::client '\x00\x06\x05\x8e\xd9' submitted request u'ed95864c-eba4-45da-a095-a2f6d5bf81dd' to 2
2015-05-27 19:23:06.416 [IPControllerApp] task::task u'29244618-5bc9-490b-ad84-6415e44d12f0' arrived on 0
2015-05-27 19:23:06.417 [IPControllerApp] queue::request u'732aae40-ddc8-4324-8447-8177f5e7319a' completed on 0
2015-05-27 19:23:06.417 [IPControllerApp] task::task u'ee5089ce-6ab5-448d-8388-5dfbf3aed21d' finished on 0
2015-05-27 19:23:06.418 [IPControllerApp] queue::client '\x00\x06\x05\x8e\xd9' submitted request u'58c32e95-8c21-4100-9742-82df6eb51775' to 3
2015-05-27 19:23:06.419 [IPControllerApp] task::task u'a5dfab94-d3c6-4650-81bd-45196c44e1cf' arrived on 2
2015-05-27 19:23:06.419 [IPControllerApp] queue::request u'6c5a211a-76bc-466e-a66c-af9128ebaf8d' completed on 1
2015-05-27 19:23:06.420 [IPControllerApp] task::task u'dfe7effb-9e6f-4fc6-86a2-3ee040ee4919' finished on 2
2015-05-27 19:23:06.420 [IPControllerApp] queue::request u'ed95864c-eba4-45da-a095-a2f6d5bf81dd' completed on 2
2015-05-27 19:23:06.421 [IPControllerApp] task::task u'7caec91e-3d8c-410e-92ca-d6bff2ea4b91' arrived on 3
2015-05-27 19:23:06.421 [IPControllerApp] queue::request u'58c32e95-8c21-4100-9742-82df6eb51775' completed on 3
2015-05-27 19:23:06.422 [IPControllerApp] task::task u'1aaeaee6-541d-4695-b0a9-42048b559149' finished on 3
2015-05-27 19:23:06.423 [IPControllerApp] task::task u'6389ee33-d2f6-4898-857f-7efe430b8bdb' arrived on 1
2015-05-27 19:23:06.424 [IPControllerApp] task::task u'9f124db1-efec-48de-8e4d-1819d2b79536' finished on 1
2015-05-27 19:23:06.425 [IPControllerApp] task::task u'ea63abbd-8ce1-403f-950e-ff6f539eaddd' arrived on 0
2015-05-27 19:23:06.426 [IPControllerApp] task::task u'29244618-5bc9-490b-ad84-6415e44d12f0' finished on 0
2015-05-27 19:23:06.427 [IPControllerApp] task::task u'a5dfab94-d3c6-4650-81bd-45196c44e1cf' finished on 2
2015-05-27 19:23:06.428 [IPControllerApp] task::task u'7caec91e-3d8c-410e-92ca-d6bff2ea4b91' finished on 3
2015-05-27 19:23:06.429 [IPControllerApp] task::task u'6389ee33-d2f6-4898-857f-7efe430b8bdb' finished on 1
2015-05-27 19:23:06.431 [IPControllerApp] task::task u'ea63abbd-8ce1-403f-950e-ff6f539eaddd' finished on 0
2015-05-27 19:23:29.191 [IPControllerApp] client::client '\x00\x80\x00A\xaa' requested u'connection_request'
2015-05-27 19:23:29.192 [IPControllerApp] client::client ['\x00\x80\x00A\xaa'] connected
2015-05-27 19:23:29.220 [IPControllerApp] queue::client '\x00\x06\x05\x8e\xda' submitted request u'27fdf407-277f-4fd6-b613-731cd0abd5a8' to 0
2015-05-27 19:23:29.224 [IPControllerApp] queue::client '\x00\x06\x05\x8e\xda' submitted request u'acc75132-c429-48a7-8bee-808e0fe4f674' to 1
2015-05-27 19:23:29.225 [IPControllerApp] queue::client '\x00\x06\x05\x8e\xda' submitted request u'5a59eafc-6353-4de8-99a5-f174b787093c' to 2
2015-05-27 19:23:29.225 [IPControllerApp] queue::client '\x00\x06\x05\x8e\xda' submitted request u'd5121512-7912-43da-a799-54269f00aeee' to 3
2015-05-27 19:23:29.229 [IPControllerApp] queue::request u'acc75132-c429-48a7-8bee-808e0fe4f674' completed on 1
2015-05-27 19:23:29.230 [IPControllerApp] queue::request u'27fdf407-277f-4fd6-b613-731cd0abd5a8' completed on 0
2015-05-27 19:23:29.232 [IPControllerApp] queue::request u'd5121512-7912-43da-a799-54269f00aeee' completed on 3
2015-05-27 19:23:29.233 [IPControllerApp] queue::request u'5a59eafc-6353-4de8-99a5-f174b787093c' completed on 2
2015-05-27 19:23:29.242 [IPControllerApp] task::task u'47d21612-4d5c-4460-a4cc-c9008503d264' arrived on 2
2015-05-27 19:23:29.246 [IPControllerApp] task::task u'c6e1344b-9cb4-4d2a-9af8-4840432be8d0' arrived on 3
2015-05-27 19:23:29.248 [IPControllerApp] task::task u'cf008727-5c55-4b34-9f65-5c4bf570c2e4' arrived on 1
2015-05-27 19:23:29.251 [IPControllerApp] task::task u'5973b841-2c9c-4cc0-90b5-07cad4f1d171' arrived on 0
2015-05-27 19:23:29.262 [IPControllerApp] task::task u'35598c9d-b151-4748-aa95-986c1b86ce1b' arrived on 2
2015-05-27 19:23:29.262 [IPControllerApp] task::task u'47d21612-4d5c-4460-a4cc-c9008503d264' finished on 2
2015-05-27 19:23:29.273 [IPControllerApp] task::task u'04a02069-3735-4979-8d42-a60c4b8da075' arrived on 3
2015-05-27 19:23:29.279 [IPControllerApp] task::task u'c6e1344b-9cb4-4d2a-9af8-4840432be8d0' finished on 3
2015-05-27 19:23:29.287 [IPControllerApp] task::task u'ee6240af-b63c-4d9a-9873-fb5f33548115' arrived on 0
2015-05-27 19:23:29.293 [IPControllerApp] task::task u'5973b841-2c9c-4cc0-90b5-07cad4f1d171' finished on 0
2015-05-27 19:23:29.296 [IPControllerApp] task::task u'90edbfd2-77b9-44d5-b331-cca446abb69d' arrived on 1
2015-05-27 19:23:29.307 [IPControllerApp] task::task u'cf008727-5c55-4b34-9f65-5c4bf570c2e4' finished on 1
2015-05-27 19:23:29.310 [IPControllerApp] task::task u'92581195-5e4a-446b-9a64-06c701368b8d' arrived on 2
2015-05-27 19:23:29.311 [IPControllerApp] task::task u'35598c9d-b151-4748-aa95-986c1b86ce1b' finished on 2
2015-05-27 19:23:29.312 [IPControllerApp] task::task u'445ebf3e-bcfd-4428-9dd4-ee133db05c2e' arrived on 3
2015-05-27 19:23:29.313 [IPControllerApp] task::task u'04a02069-3735-4979-8d42-a60c4b8da075' finished on 3
2015-05-27 19:23:29.317 [IPControllerApp] task::task u'5bf23df0-b22d-4cab-b610-f9056f3bd28c' arrived on 0
2015-05-27 19:23:29.318 [IPControllerApp] task::task u'ee6240af-b63c-4d9a-9873-fb5f33548115' finished on 0
2015-05-27 19:23:29.320 [IPControllerApp] task::task u'87819f2b-fc8b-428c-874e-dbc64a1d31a8' arrived on 1
2015-05-27 19:23:29.321 [IPControllerApp] task::task u'90edbfd2-77b9-44d5-b331-cca446abb69d' finished on 1
2015-05-27 19:23:29.322 [IPControllerApp] task::task u'ae598cf9-650a-49bd-bb34-2549c52c5f74' arrived on 2
2015-05-27 19:23:29.324 [IPControllerApp] task::task u'92581195-5e4a-446b-9a64-06c701368b8d' finished on 2
2015-05-27 19:23:29.326 [IPControllerApp] task::task u'7a7c957e-8818-4262-b7c2-f176539f6a28' arrived on 3
2015-05-27 19:23:29.328 [IPControllerApp] task::task u'445ebf3e-bcfd-4428-9dd4-ee133db05c2e' finished on 3
2015-05-27 19:23:29.333 [IPControllerApp] task::task u'6c0c9b14-abc1-4c24-af7f-4b368ab8cb6e' arrived on 0
2015-05-27 19:23:29.335 [IPControllerApp] task::task u'5bf23df0-b22d-4cab-b610-f9056f3bd28c' finished on 0
2015-05-27 19:23:29.356 [IPControllerApp] task::task u'946b37f2-aed2-4461-b94f-ddb074e21909' arrived on 1
2015-05-27 19:23:29.358 [IPControllerApp] task::task u'87819f2b-fc8b-428c-874e-dbc64a1d31a8' finished on 1
2015-05-27 19:23:29.360 [IPControllerApp] task::task u'64f675ef-cb7a-4642-96d9-ba827075ef55' arrived on 2
2015-05-27 19:23:29.363 [IPControllerApp] task::task u'ae598cf9-650a-49bd-bb34-2549c52c5f74' finished on 2
2015-05-27 19:23:29.364 [IPControllerApp] task::task u'194e4464-9921-4e73-8964-7d91e5f01f81' arrived on 3
2015-05-27 19:23:29.365 [IPControllerApp] task::task u'7a7c957e-8818-4262-b7c2-f176539f6a28' finished on 3
2015-05-27 19:23:29.368 [IPControllerApp] task::task u'8583daf3-bf85-4713-a70c-cce2e3a7b6b4' arrived on 0
2015-05-27 19:23:29.373 [IPControllerApp] task::task u'6c0c9b14-abc1-4c24-af7f-4b368ab8cb6e' finished on 0
2015-05-27 19:23:29.375 [IPControllerApp] task::task u'c1736858-ac13-423c-b144-885dbb892511' arrived on 1
2015-05-27 19:23:29.377 [IPControllerApp] task::task u'946b37f2-aed2-4461-b94f-ddb074e21909' finished on 1
2015-05-27 19:23:29.378 [IPControllerApp] task::task u'd7dd36b9-b97f-4110-8c8b-7005372955e5' arrived on 2
2015-05-27 19:23:29.379 [IPControllerApp] task::task u'64f675ef-cb7a-4642-96d9-ba827075ef55' finished on 2
2015-05-27 19:23:29.381 [IPControllerApp] task::task u'5a1b971d-2297-4575-a49c-d0dceeef9dfc' arrived on 3
2015-05-27 19:23:29.383 [IPControllerApp] task::task u'194e4464-9921-4e73-8964-7d91e5f01f81' finished on 3
2015-05-27 19:23:29.386 [IPControllerApp] task::task u'131c8445-1bf8-4b1a-b6e1-cf5735f4b2b4' arrived on 0
2015-05-27 19:23:29.389 [IPControllerApp] task::task u'8583daf3-bf85-4713-a70c-cce2e3a7b6b4' finished on 0
2015-05-27 19:23:29.391 [IPControllerApp] task::task u'3002296b-931b-46ec-90f0-f80bdb90f0d6' arrived on 1
2015-05-27 19:23:29.392 [IPControllerApp] task::task u'c1736858-ac13-423c-b144-885dbb892511' finished on 1
2015-05-27 19:23:29.393 [IPControllerApp] task::task u'4d6a3f83-529e-45ee-8769-fe6d8c142c62' arrived on 2
2015-05-27 19:23:29.394 [IPControllerApp] task::task u'd7dd36b9-b97f-4110-8c8b-7005372955e5' finished on 2
2015-05-27 19:23:29.395 [IPControllerApp] task::task u'119a3a11-34f2-4476-adb3-a4826c5634a2' arrived on 3
2015-05-27 19:23:29.396 [IPControllerApp] task::task u'5a1b971d-2297-4575-a49c-d0dceeef9dfc' finished on 3
2015-05-27 19:23:29.400 [IPControllerApp] queue::client '\x00\x06\x05\x8e\xda' submitted request u'e7a980b0-2e18-4cf2-84f7-a83cc3c5b2d1' to 0
2015-05-27 19:23:29.402 [IPControllerApp] task::task u'54fd6d3c-78c0-4090-92ac-a441fe9ce154' arrived on 0
2015-05-27 19:23:29.403 [IPControllerApp] queue::client '\x00\x06\x05\x8e\xda' submitted request u'9d6b8b0d-e9da-4afa-9791-b039c32a4cec' to 1
2015-05-27 19:23:29.404 [IPControllerApp] task::task u'131c8445-1bf8-4b1a-b6e1-cf5735f4b2b4' finished on 0
2015-05-27 19:23:29.405 [IPControllerApp] queue::client '\x00\x06\x05\x8e\xda' submitted request u'198157a5-dd5e-4ed8-b103-0b96f3fafa1e' to 2
2015-05-27 19:23:29.405 [IPControllerApp] task::task u'6a943f2f-a781-4be3-a8fd-d21fc7781896' arrived on 1
2015-05-27 19:23:29.406 [IPControllerApp] queue::client '\x00\x06\x05\x8e\xda' submitted request u'70ee1bec-88ad-4903-8578-47e5f0bd9996' to 3
2015-05-27 19:23:29.407 [IPControllerApp] task::task u'3002296b-931b-46ec-90f0-f80bdb90f0d6' finished on 1
2015-05-27 19:23:29.408 [IPControllerApp] queue::request u'198157a5-dd5e-4ed8-b103-0b96f3fafa1e' completed on 2
2015-05-27 19:23:29.409 [IPControllerApp] task::task u'bc85d54c-7ff8-4afa-b3d6-d97f989fcac5' arrived on 2
2015-05-27 19:23:29.411 [IPControllerApp] queue::request u'9d6b8b0d-e9da-4afa-9791-b039c32a4cec' completed on 1
2015-05-27 19:23:29.412 [IPControllerApp] task::task u'4d6a3f83-529e-45ee-8769-fe6d8c142c62' finished on 2
2015-05-27 19:23:29.414 [IPControllerApp] queue::request u'e7a980b0-2e18-4cf2-84f7-a83cc3c5b2d1' completed on 0
2015-05-27 19:23:29.414 [IPControllerApp] task::task u'9fef0325-58af-4ec3-850c-0e7f7a2432c0' arrived on 3
2015-05-27 19:23:29.415 [IPControllerApp] queue::request u'70ee1bec-88ad-4903-8578-47e5f0bd9996' completed on 3
2015-05-27 19:23:29.415 [IPControllerApp] task::task u'119a3a11-34f2-4476-adb3-a4826c5634a2' finished on 3
2015-05-27 19:23:29.417 [IPControllerApp] queue::client '\x00\x06\x05\x8e\xda' submitted request u'363afa20-b215-48d6-960a-40021e079456' to 0
2015-05-27 19:23:29.420 [IPControllerApp] task::task u'32fe441c-3693-4942-ac90-f2c0f233cffe' arrived on 0
2015-05-27 19:23:29.423 [IPControllerApp] queue::client '\x00\x06\x05\x8e\xda' submitted request u'88633c8b-6b6d-44a2-b43b-be1aa134d823' to 1
2015-05-27 19:23:29.424 [IPControllerApp] task::task u'54fd6d3c-78c0-4090-92ac-a441fe9ce154' finished on 0
2015-05-27 19:23:29.425 [IPControllerApp] queue::client '\x00\x06\x05\x8e\xda' submitted request u'02a0b6f2-ac28-45be-be15-6b1c38042d80' to 2
2015-05-27 19:23:29.425 [IPControllerApp] task::task u'ad705097-72ae-4036-999c-94bb4e62f9a3' arrived on 1
2015-05-27 19:23:29.426 [IPControllerApp] queue::client '\x00\x06\x05\x8e\xda' submitted request u'3cf852e6-fa61-4b02-99ba-3bee948682a8' to 3
2015-05-27 19:23:29.426 [IPControllerApp] task::task u'6a943f2f-a781-4be3-a8fd-d21fc7781896' finished on 1
2015-05-27 19:23:29.427 [IPControllerApp] queue::request u'02a0b6f2-ac28-45be-be15-6b1c38042d80' completed on 2
2015-05-27 19:23:29.428 [IPControllerApp] task::task u'bc85d54c-7ff8-4afa-b3d6-d97f989fcac5' finished on 2
2015-05-27 19:23:29.429 [IPControllerApp] queue::request u'88633c8b-6b6d-44a2-b43b-be1aa134d823' completed on 1
2015-05-27 19:23:29.430 [IPControllerApp] task::task u'9fef0325-58af-4ec3-850c-0e7f7a2432c0' finished on 3
2015-05-27 19:23:29.431 [IPControllerApp] queue::request u'3cf852e6-fa61-4b02-99ba-3bee948682a8' completed on 3
2015-05-27 19:23:29.431 [IPControllerApp] task::task u'32fe441c-3693-4942-ac90-f2c0f233cffe' finished on 0
2015-05-27 19:23:29.432 [IPControllerApp] queue::request u'363afa20-b215-48d6-960a-40021e079456' completed on 0
2015-05-27 19:23:29.433 [IPControllerApp] task::task u'ad705097-72ae-4036-999c-94bb4e62f9a3' finished on 1
2015-05-27 19:23:29.434 [IPControllerApp] queue::client '\x00\x06\x05\x8e\xda' submitted request u'cff14ac3-6419-492b-a10a-042c00a2b0be' to 0
2015-05-27 19:23:29.434 [IPControllerApp] queue::client '\x00\x06\x05\x8e\xda' submitted request u'ac9d1659-0234-4544-8b9b-02d54006f952' to 1
2015-05-27 19:23:29.435 [IPControllerApp] queue::client '\x00\x06\x05\x8e\xda' submitted request u'4e0567c1-b026-4071-92ef-a47f41344800' to 2
2015-05-27 19:23:29.436 [IPControllerApp] queue::request u'cff14ac3-6419-492b-a10a-042c00a2b0be' completed on 0
2015-05-27 19:23:29.436 [IPControllerApp] queue::client '\x00\x06\x05\x8e\xda' submitted request u'e8c9f7b9-0989-4533-b0d7-101a705be9d4' to 3
2015-05-27 19:23:29.437 [IPControllerApp] queue::request u'4e0567c1-b026-4071-92ef-a47f41344800' completed on 2
2015-05-27 19:23:29.437 [IPControllerApp] queue::request u'ac9d1659-0234-4544-8b9b-02d54006f952' completed on 1
2015-05-27 19:23:29.438 [IPControllerApp] queue::request u'e8c9f7b9-0989-4533-b0d7-101a705be9d4' completed on 3
2015-05-27 19:23:39.315 [IPControllerApp] client::client '\x00\x80\x00A\xab' requested u'connection_request'
2015-05-27 19:23:39.316 [IPControllerApp] client::client ['\x00\x80\x00A\xab'] connected
2015-05-27 19:23:39.333 [IPControllerApp] queue::client '\x00\x06\x05\x8e\xdb' submitted request u'5fc859f0-3c58-43c8-b9d0-ec899a80a414' to 0
2015-05-27 19:23:39.335 [IPControllerApp] queue::client '\x00\x06\x05\x8e\xdb' submitted request u'6c579766-2a0f-46ad-b2a4-b67befb037d5' to 1
2015-05-27 19:23:39.336 [IPControllerApp] queue::client '\x00\x06\x05\x8e\xdb' submitted request u'cd2c8822-3be2-4158-82f0-17106f4e0366' to 2
2015-05-27 19:23:39.336 [IPControllerApp] queue::client '\x00\x06\x05\x8e\xdb' submitted request u'3f9c3ff4-25ad-4371-9cbe-36d9965ea610' to 3
2015-05-27 19:23:39.338 [IPControllerApp] queue::request u'5fc859f0-3c58-43c8-b9d0-ec899a80a414' completed on 0
2015-05-27 19:23:39.339 [IPControllerApp] queue::request u'3f9c3ff4-25ad-4371-9cbe-36d9965ea610' completed on 3
2015-05-27 19:23:39.341 [IPControllerApp] queue::request u'cd2c8822-3be2-4158-82f0-17106f4e0366' completed on 2
2015-05-27 19:23:39.342 [IPControllerApp] queue::request u'6c579766-2a0f-46ad-b2a4-b67befb037d5' completed on 1
2015-05-27 19:23:39.352 [IPControllerApp] task::task u'da82467d-8908-42d8-8af7-d13d996c4acb' arrived on 2
2015-05-27 19:23:39.353 [IPControllerApp] task::task u'3c20622e-59b0-4808-831f-1ab83c328ac1' arrived on 3
2015-05-27 19:23:39.354 [IPControllerApp] task::task u'ca13113a-8cfc-4175-8527-9084c66e6a73' arrived on 0
2015-05-27 19:23:39.355 [IPControllerApp] task::task u'7b35c432-397e-426d-b8ed-79256b04767a' arrived on 1
2015-05-27 19:23:39.367 [IPControllerApp] task::task u'3c20622e-59b0-4808-831f-1ab83c328ac1' finished on 3
2015-05-27 19:23:39.372 [IPControllerApp] task::task u'b1528b21-3ab4-488a-b0f3-8b251e5a21ba' arrived on 3
2015-05-27 19:23:39.374 [IPControllerApp] task::task u'7b35c432-397e-426d-b8ed-79256b04767a' finished on 1
2015-05-27 19:23:39.377 [IPControllerApp] task::task u'05b9ebbf-0117-4074-abda-3334d058468e' arrived on 1
2015-05-27 19:23:39.378 [IPControllerApp] task::task u'da82467d-8908-42d8-8af7-d13d996c4acb' finished on 2
2015-05-27 19:23:39.380 [IPControllerApp] task::task u'62f4ba3f-1089-4bbf-80cb-c6b8f091ed33' arrived on 2
2015-05-27 19:23:39.382 [IPControllerApp] task::task u'ca13113a-8cfc-4175-8527-9084c66e6a73' finished on 0
2015-05-27 19:23:39.384 [IPControllerApp] task::task u'9cda87bd-c928-4ea6-8fdd-2025a2cf7e3e' arrived on 0
2015-05-27 19:23:39.385 [IPControllerApp] task::task u'b1528b21-3ab4-488a-b0f3-8b251e5a21ba' finished on 3
2015-05-27 19:23:39.390 [IPControllerApp] task::task u'3510216c-e521-4a00-a7bb-b6401c76986b' arrived on 3
2015-05-27 19:23:39.397 [IPControllerApp] task::task u'f5b251c5-b87c-4301-b0c8-94a65c58b57f' arrived on 1
2015-05-27 19:23:39.399 [IPControllerApp] task::task u'05b9ebbf-0117-4074-abda-3334d058468e' finished on 1
2015-05-27 19:23:39.404 [IPControllerApp] task::task u'23f89bad-cd15-44d8-b4eb-c283e1913fa6' arrived on 0
2015-05-27 19:23:39.405 [IPControllerApp] task::task u'9cda87bd-c928-4ea6-8fdd-2025a2cf7e3e' finished on 0
2015-05-27 19:23:39.406 [IPControllerApp] task::task u'b76c867b-07bc-4103-b180-3d04841a3a51' arrived on 2
2015-05-27 19:23:39.406 [IPControllerApp] task::task u'62f4ba3f-1089-4bbf-80cb-c6b8f091ed33' finished on 2
2015-05-27 19:23:39.407 [IPControllerApp] task::task u'160c168b-3937-472b-a7f4-d4fce872b59f' arrived on 3
2015-05-27 19:23:39.408 [IPControllerApp] task::task u'3510216c-e521-4a00-a7bb-b6401c76986b' finished on 3
2015-05-27 19:23:39.411 [IPControllerApp] task::task u'cb491b2c-83b4-4c6c-87ef-883217026117' arrived on 1
2015-05-27 19:23:39.414 [IPControllerApp] task::task u'f5b251c5-b87c-4301-b0c8-94a65c58b57f' finished on 1
2015-05-27 19:23:39.418 [IPControllerApp] task::task u'a519ef33-e592-415d-850e-1399ec922235' arrived on 0
2015-05-27 19:23:39.418 [IPControllerApp] task::task u'23f89bad-cd15-44d8-b4eb-c283e1913fa6' finished on 0
2015-05-27 19:23:39.419 [IPControllerApp] task::task u'e822c02f-5fe1-4396-8f0a-277db37c4bca' arrived on 2
2015-05-27 19:23:39.420 [IPControllerApp] task::task u'b76c867b-07bc-4103-b180-3d04841a3a51' finished on 2
2015-05-27 19:23:39.422 [IPControllerApp] task::task u'1e222f66-1698-4bf0-8541-9898f8a35bd5' arrived on 3
2015-05-27 19:23:39.423 [IPControllerApp] task::task u'160c168b-3937-472b-a7f4-d4fce872b59f' finished on 3
2015-05-27 19:23:39.428 [IPControllerApp] task::task u'd7740a49-208d-46b4-98b1-1ef10dd3e884' arrived on 1
2015-05-27 19:23:39.428 [IPControllerApp] task::task u'cb491b2c-83b4-4c6c-87ef-883217026117' finished on 1
2015-05-27 19:23:39.429 [IPControllerApp] task::task u'0b021fde-a965-4d16-ae90-01e04e2f8d64' arrived on 0
2015-05-27 19:23:39.430 [IPControllerApp] task::task u'a519ef33-e592-415d-850e-1399ec922235' finished on 0
2015-05-27 19:23:39.431 [IPControllerApp] task::task u'2627652c-8958-4676-ae60-7bcd110e7cab' arrived on 3
2015-05-27 19:23:39.432 [IPControllerApp] task::task u'1e222f66-1698-4bf0-8541-9898f8a35bd5' finished on 3
2015-05-27 19:23:39.433 [IPControllerApp] task::task u'6026d0e5-ef92-440c-a37a-8aa4c8e149c4' arrived on 2
2015-05-27 19:23:39.434 [IPControllerApp] task::task u'e822c02f-5fe1-4396-8f0a-277db37c4bca' finished on 2
2015-05-27 19:23:39.435 [IPControllerApp] task::task u'd1d44954-b67c-45d4-968e-e0683d29e847' arrived on 1
2015-05-27 19:23:39.436 [IPControllerApp] task::task u'd7740a49-208d-46b4-98b1-1ef10dd3e884' finished on 1
2015-05-27 19:23:39.440 [IPControllerApp] task::task u'e1d4419b-0f32-4809-b459-d1cdf95da9b3' arrived on 0
2015-05-27 19:23:39.441 [IPControllerApp] task::task u'0b021fde-a965-4d16-ae90-01e04e2f8d64' finished on 0
2015-05-27 19:23:39.442 [IPControllerApp] task::task u'82ea6577-ae3c-45a6-9750-3627f814cdfd' arrived on 3
2015-05-27 19:23:39.443 [IPControllerApp] task::task u'2627652c-8958-4676-ae60-7bcd110e7cab' finished on 3
2015-05-27 19:23:39.444 [IPControllerApp] task::task u'60d7a7ea-02fc-4dc7-9bc5-bbaef358db29' arrived on 2
2015-05-27 19:23:39.446 [IPControllerApp] task::task u'6026d0e5-ef92-440c-a37a-8aa4c8e149c4' finished on 2
2015-05-27 19:23:39.446 [IPControllerApp] task::task u'cc268780-135a-4e87-b8a9-57700a210632' arrived on 1
2015-05-27 19:23:39.448 [IPControllerApp] task::task u'd1d44954-b67c-45d4-968e-e0683d29e847' finished on 1
2015-05-27 19:23:39.449 [IPControllerApp] task::task u'8c33618e-ef1d-443f-aeb4-127fc9ccc829' arrived on 0
2015-05-27 19:23:39.450 [IPControllerApp] task::task u'e1d4419b-0f32-4809-b459-d1cdf95da9b3' finished on 0
2015-05-27 19:23:39.451 [IPControllerApp] task::task u'df69c19a-624f-4fe3-9aa2-9c8556443977' arrived on 3
2015-05-27 19:23:39.454 [IPControllerApp] task::task u'82ea6577-ae3c-45a6-9750-3627f814cdfd' finished on 3
2015-05-27 19:23:39.455 [IPControllerApp] task::task u'b62f13bb-6dc6-4985-b566-1de3c850c759' arrived on 2
2015-05-27 19:23:39.456 [IPControllerApp] task::task u'60d7a7ea-02fc-4dc7-9bc5-bbaef358db29' finished on 2
2015-05-27 19:23:39.457 [IPControllerApp] task::task u'da680a60-e1ad-4551-835f-b8e5dffb630b' arrived on 1
2015-05-27 19:23:39.458 [IPControllerApp] task::task u'cc268780-135a-4e87-b8a9-57700a210632' finished on 1
2015-05-27 19:23:39.459 [IPControllerApp] task::task u'9cd18989-50e4-4241-b853-92df32c65af4' arrived on 0
2015-05-27 19:23:39.460 [IPControllerApp] task::task u'8c33618e-ef1d-443f-aeb4-127fc9ccc829' finished on 0
2015-05-27 19:23:39.463 [IPControllerApp] task::task u'8571d85b-5ec8-407c-85c7-18471df8b041' arrived on 2
2015-05-27 19:23:39.464 [IPControllerApp] task::task u'b62f13bb-6dc6-4985-b566-1de3c850c759' finished on 2
2015-05-27 19:23:39.465 [IPControllerApp] task::task u'9cd18989-50e4-4241-b853-92df32c65af4' finished on 0
2015-05-27 19:23:39.467 [IPControllerApp] task::task u'da680a60-e1ad-4551-835f-b8e5dffb630b' finished on 1
2015-05-27 19:23:39.467 [IPControllerApp] task::task u'df69c19a-624f-4fe3-9aa2-9c8556443977' finished on 3
2015-05-27 19:23:39.469 [IPControllerApp] task::task u'8571d85b-5ec8-407c-85c7-18471df8b041' finished on 2
2015-05-27 19:23:39.472 [IPControllerApp] queue::client '\x00\x06\x05\x8e\xdb' submitted request u'e7f246a8-bfe2-4e53-b3fc-dfce91a866b7' to 0
2015-05-27 19:23:39.473 [IPControllerApp] queue::client '\x00\x06\x05\x8e\xdb' submitted request u'c2e5b44f-e36a-4b51-a4a3-f3e70a3dee94' to 1
2015-05-27 19:23:39.473 [IPControllerApp] queue::client '\x00\x06\x05\x8e\xdb' submitted request u'3aa8ef67-d6fa-48a8-b309-cd0b99ab7bcd' to 2
2015-05-27 19:23:39.474 [IPControllerApp] queue::client '\x00\x06\x05\x8e\xdb' submitted request u'e0d31ff3-6363-4c08-9e3f-ae013ca7c865' to 3
2015-05-27 19:23:39.476 [IPControllerApp] queue::request u'e7f246a8-bfe2-4e53-b3fc-dfce91a866b7' completed on 0
2015-05-27 19:23:39.477 [IPControllerApp] queue::request u'3aa8ef67-d6fa-48a8-b309-cd0b99ab7bcd' completed on 2
2015-05-27 19:23:39.478 [IPControllerApp] queue::request u'e0d31ff3-6363-4c08-9e3f-ae013ca7c865' completed on 3
2015-05-27 19:23:39.478 [IPControllerApp] queue::request u'c2e5b44f-e36a-4b51-a4a3-f3e70a3dee94' completed on 1
2015-05-27 19:23:39.480 [IPControllerApp] queue::client '\x00\x06\x05\x8e\xdb' submitted request u'ea0daafc-bc7f-4097-960e-36f40342b5b2' to 0
2015-05-27 19:23:39.482 [IPControllerApp] queue::client '\x00\x06\x05\x8e\xdb' submitted request u'2576c28a-3d26-4e52-91d5-d3ff5b194167' to 1
2015-05-27 19:23:39.484 [IPControllerApp] queue::client '\x00\x06\x05\x8e\xdb' submitted request u'28b4f1ca-4c8c-41e1-b8da-039ec75d7e3b' to 2
2015-05-27 19:23:39.485 [IPControllerApp] queue::request u'ea0daafc-bc7f-4097-960e-36f40342b5b2' completed on 0
2015-05-27 19:23:39.486 [IPControllerApp] queue::client '\x00\x06\x05\x8e\xdb' submitted request u'0b372432-512e-4496-8a66-fb90716bc76d' to 3
2015-05-27 19:23:39.487 [IPControllerApp] queue::request u'28b4f1ca-4c8c-41e1-b8da-039ec75d7e3b' completed on 2
2015-05-27 19:23:39.487 [IPControllerApp] queue::request u'0b372432-512e-4496-8a66-fb90716bc76d' completed on 3
2015-05-27 19:23:39.488 [IPControllerApp] queue::request u'2576c28a-3d26-4e52-91d5-d3ff5b194167' completed on 1
2015-05-27 19:23:39.489 [IPControllerApp] queue::client '\x00\x06\x05\x8e\xdb' submitted request u'7a23710e-8a38-4098-9fdf-9c7de4878e1b' to 0
2015-05-27 19:23:39.490 [IPControllerApp] queue::client '\x00\x06\x05\x8e\xdb' submitted request u'88dd2829-9e9a-4b0d-8372-a164985a7674' to 1
2015-05-27 19:23:39.492 [IPControllerApp] queue::client '\x00\x06\x05\x8e\xdb' submitted request u'9fd5bab8-462e-4601-8ade-c4d3db5e0f8a' to 2
2015-05-27 19:23:39.493 [IPControllerApp] queue::client '\x00\x06\x05\x8e\xdb' submitted request u'6997b3f5-532b-4431-95d3-79a9752c2c65' to 3
2015-05-27 19:23:39.496 [IPControllerApp] queue::request u'6997b3f5-532b-4431-95d3-79a9752c2c65' completed on 3
2015-05-27 19:23:39.498 [IPControllerApp] queue::request u'9fd5bab8-462e-4601-8ade-c4d3db5e0f8a' completed on 2
2015-05-27 19:23:39.500 [IPControllerApp] queue::request u'88dd2829-9e9a-4b0d-8372-a164985a7674' completed on 1
2015-05-27 19:23:39.500 [IPControllerApp] queue::request u'7a23710e-8a38-4098-9fdf-9c7de4878e1b' completed on 0
2015-05-31 15:07:08.082 [IPControllerApp] client::client '\x00\x80\x00A\xac' requested u'connection_request'
2015-05-31 15:07:08.083 [IPControllerApp] client::client ['\x00\x80\x00A\xac'] connected
2015-05-31 15:07:08.107 [IPControllerApp] queue::client '\x00\x06\x05\x8e\xdc' submitted request u'437e3d3a-a77c-4d4b-b41c-e45cd29c3691' to 0
2015-05-31 15:07:08.110 [IPControllerApp] queue::client '\x00\x06\x05\x8e\xdc' submitted request u'70e0ef86-5015-45d9-af73-bbfff78e712e' to 1
2015-05-31 15:07:08.111 [IPControllerApp] queue::client '\x00\x06\x05\x8e\xdc' submitted request u'e3f22839-7da8-4a13-b553-bb7cafaa253c' to 2
2015-05-31 15:07:08.112 [IPControllerApp] queue::client '\x00\x06\x05\x8e\xdc' submitted request u'f02e62b9-046d-4e94-9f1a-b9b87f7f07f3' to 3
2015-05-31 15:07:08.154 [IPControllerApp] queue::request u'437e3d3a-a77c-4d4b-b41c-e45cd29c3691' completed on 0
2015-05-31 15:07:08.155 [IPControllerApp] queue::request u'e3f22839-7da8-4a13-b553-bb7cafaa253c' completed on 2
2015-05-31 15:07:08.156 [IPControllerApp] queue::request u'70e0ef86-5015-45d9-af73-bbfff78e712e' completed on 1
2015-05-31 15:07:08.157 [IPControllerApp] queue::request u'f02e62b9-046d-4e94-9f1a-b9b87f7f07f3' completed on 3
2015-05-31 15:07:08.183 [IPControllerApp] task::task u'8371a8a3-1151-42fd-a0e1-ad675967216d' arrived on 3
2015-05-31 15:07:08.184 [IPControllerApp] task::task u'e327bfe9-c0d5-4b1d-8154-01254e729b38' arrived on 1
2015-05-31 15:07:08.185 [IPControllerApp] task::task u'fb56f2d2-1ca0-44cd-892c-eba816c25a25' arrived on 0
2015-05-31 15:07:08.192 [IPControllerApp] task::task u'5be801ac-7794-4331-93ce-a211a3fed42b' arrived on 2
2015-05-31 15:07:08.204 [IPControllerApp] task::task u'43464573-8c1b-456a-ac37-3159f1d010b9' arrived on 3
2015-05-31 15:07:08.207 [IPControllerApp] task::task u'8371a8a3-1151-42fd-a0e1-ad675967216d' finished on 3
2015-05-31 15:07:08.209 [IPControllerApp] task::task u'0f354e24-3929-4c20-a858-b47e50c11087' arrived on 0
2015-05-31 15:07:08.211 [IPControllerApp] task::task u'fb56f2d2-1ca0-44cd-892c-eba816c25a25' finished on 0
2015-05-31 15:07:08.218 [IPControllerApp] task::task u'd99ed08d-1a1a-4b18-bb41-984e75fce8ad' arrived on 1
2015-05-31 15:07:08.219 [IPControllerApp] task::task u'e327bfe9-c0d5-4b1d-8154-01254e729b38' finished on 1
2015-05-31 15:07:08.223 [IPControllerApp] task::task u'1f5ec51a-f63b-4a4c-b37b-2d4e2a31e9fa' arrived on 2
2015-05-31 15:07:08.225 [IPControllerApp] task::task u'5be801ac-7794-4331-93ce-a211a3fed42b' finished on 2
2015-05-31 15:07:08.235 [IPControllerApp] task::task u'061b380f-41b0-4ee1-9649-1f970eb543ab' arrived on 3
2015-05-31 15:07:08.237 [IPControllerApp] task::task u'43464573-8c1b-456a-ac37-3159f1d010b9' finished on 3
2015-05-31 15:07:08.238 [IPControllerApp] task::task u'500a5f34-5b82-4910-b54a-276c3d291268' arrived on 0
2015-05-31 15:07:08.238 [IPControllerApp] task::task u'0f354e24-3929-4c20-a858-b47e50c11087' finished on 0
2015-05-31 15:07:08.241 [IPControllerApp] task::task u'0a1a494d-ca27-4779-acae-bcc3785430f9' arrived on 1
2015-05-31 15:07:08.242 [IPControllerApp] task::task u'd99ed08d-1a1a-4b18-bb41-984e75fce8ad' finished on 1
2015-05-31 15:07:08.244 [IPControllerApp] task::task u'106b3060-e907-475d-9c10-229565577115' arrived on 2
2015-05-31 15:07:08.245 [IPControllerApp] task::task u'1f5ec51a-f63b-4a4c-b37b-2d4e2a31e9fa' finished on 2
2015-05-31 15:07:08.246 [IPControllerApp] task::task u'2adb3bd4-960b-44b7-a8b7-fd6950a08fae' arrived on 3
2015-05-31 15:07:08.246 [IPControllerApp] task::task u'061b380f-41b0-4ee1-9649-1f970eb543ab' finished on 3
2015-05-31 15:07:08.249 [IPControllerApp] task::task u'f5ac5d01-8fbb-4585-be1c-2360b13c4483' arrived on 0
2015-05-31 15:07:08.249 [IPControllerApp] task::task u'500a5f34-5b82-4910-b54a-276c3d291268' finished on 0
2015-05-31 15:07:08.251 [IPControllerApp] task::task u'4a440b86-f99d-4473-bf45-b1f3c0f06d04' arrived on 1
2015-05-31 15:07:08.251 [IPControllerApp] task::task u'0a1a494d-ca27-4779-acae-bcc3785430f9' finished on 1
2015-05-31 15:07:08.252 [IPControllerApp] task::task u'504d638b-09ce-4649-aad5-240989a83369' arrived on 2
2015-05-31 15:07:08.253 [IPControllerApp] task::task u'106b3060-e907-475d-9c10-229565577115' finished on 2
2015-05-31 15:07:08.255 [IPControllerApp] task::task u'494a4759-8ff9-4373-ae09-714a3d5ebcef' arrived on 3
2015-05-31 15:07:08.256 [IPControllerApp] task::task u'2adb3bd4-960b-44b7-a8b7-fd6950a08fae' finished on 3
2015-05-31 15:07:08.257 [IPControllerApp] task::task u'23ece2bd-6760-4396-9e77-2323828f55e0' arrived on 0
2015-05-31 15:07:08.258 [IPControllerApp] task::task u'f5ac5d01-8fbb-4585-be1c-2360b13c4483' finished on 0
2015-05-31 15:07:08.259 [IPControllerApp] task::task u'21028ce5-11fb-4d88-a80e-c3fa5b530bf9' arrived on 2
2015-05-31 15:07:08.260 [IPControllerApp] task::task u'504d638b-09ce-4649-aad5-240989a83369' finished on 2
2015-05-31 15:07:08.261 [IPControllerApp] task::task u'86b42147-8d1f-446d-a84f-bdccad1a4a95' arrived on 1
2015-05-31 15:07:08.262 [IPControllerApp] task::task u'4a440b86-f99d-4473-bf45-b1f3c0f06d04' finished on 1
2015-05-31 15:07:08.263 [IPControllerApp] task::task u'66f20f1d-ac39-4219-8c29-445ad0fd8c3c' arrived on 3
2015-05-31 15:07:08.264 [IPControllerApp] task::task u'494a4759-8ff9-4373-ae09-714a3d5ebcef' finished on 3
2015-05-31 15:07:08.265 [IPControllerApp] task::task u'218ec465-51b6-4f8c-a16b-797403a28f64' arrived on 2
2015-05-31 15:07:08.265 [IPControllerApp] task::task u'21028ce5-11fb-4d88-a80e-c3fa5b530bf9' finished on 2
2015-05-31 15:07:08.266 [IPControllerApp] task::task u'82bd8662-4d9f-4c78-9927-0bf3b23c5b81' arrived on 0
2015-05-31 15:07:08.268 [IPControllerApp] task::task u'23ece2bd-6760-4396-9e77-2323828f55e0' finished on 0
2015-05-31 15:07:08.269 [IPControllerApp] task::task u'7b1e856c-7f49-4238-9e93-da82195630d6' arrived on 1
2015-05-31 15:07:08.269 [IPControllerApp] task::task u'86b42147-8d1f-446d-a84f-bdccad1a4a95' finished on 1
2015-05-31 15:07:08.270 [IPControllerApp] task::task u'356b4494-c654-47ba-837b-2eed03f09052' arrived on 3
2015-05-31 15:07:08.271 [IPControllerApp] task::task u'66f20f1d-ac39-4219-8c29-445ad0fd8c3c' finished on 3
2015-05-31 15:07:08.271 [IPControllerApp] task::task u'68442823-a6e0-4c59-bb94-6e406a29b795' arrived on 2
2015-05-31 15:07:08.273 [IPControllerApp] task::task u'218ec465-51b6-4f8c-a16b-797403a28f64' finished on 2
2015-05-31 15:07:08.274 [IPControllerApp] task::task u'2e2f5fa2-7ca9-4214-969a-a5c42031a628' arrived on 0
2015-05-31 15:07:08.275 [IPControllerApp] task::task u'82bd8662-4d9f-4c78-9927-0bf3b23c5b81' finished on 0
2015-05-31 15:07:08.275 [IPControllerApp] task::task u'f555598a-503f-4bfa-821f-36ac648bef08' arrived on 1
2015-05-31 15:07:08.277 [IPControllerApp] task::task u'7b1e856c-7f49-4238-9e93-da82195630d6' finished on 1
2015-05-31 15:07:08.278 [IPControllerApp] task::task u'3e6c27e9-76f8-4054-ad2a-0b37ad419b95' arrived on 2
2015-05-31 15:07:08.279 [IPControllerApp] task::task u'68442823-a6e0-4c59-bb94-6e406a29b795' finished on 2
2015-05-31 15:07:08.281 [IPControllerApp] task::task u'da084fd4-aa2c-426e-8df4-d82e00aab9e6' arrived on 3
2015-05-31 15:07:08.282 [IPControllerApp] task::task u'356b4494-c654-47ba-837b-2eed03f09052' finished on 3
2015-05-31 15:07:08.283 [IPControllerApp] task::task u'88ea948f-a635-4702-8a7e-b38c5f8bf8fe' arrived on 0
2015-05-31 15:07:08.284 [IPControllerApp] task::task u'2e2f5fa2-7ca9-4214-969a-a5c42031a628' finished on 0
2015-05-31 15:07:08.284 [IPControllerApp] task::task u'a202549a-a90a-42ce-a30e-0b3ed3a64825' arrived on 1
2015-05-31 15:07:08.285 [IPControllerApp] task::task u'f555598a-503f-4bfa-821f-36ac648bef08' finished on 1
2015-05-31 15:07:08.286 [IPControllerApp] task::task u'3e6c27e9-76f8-4054-ad2a-0b37ad419b95' finished on 2
2015-05-31 15:07:08.286 [IPControllerApp] queue::client '\x00\x06\x05\x8e\xdc' submitted request u'e610949b-e136-4274-98e5-78730d39c525' to 0
2015-05-31 15:07:08.287 [IPControllerApp] task::task u'88ea948f-a635-4702-8a7e-b38c5f8bf8fe' finished on 0
2015-05-31 15:07:08.288 [IPControllerApp] queue::client '\x00\x06\x05\x8e\xdc' submitted request u'281e9ff2-1744-4916-99ff-4f11ace1cb46' to 1
2015-05-31 15:07:08.289 [IPControllerApp] task::task u'da084fd4-aa2c-426e-8df4-d82e00aab9e6' finished on 3
2015-05-31 15:07:08.289 [IPControllerApp] queue::client '\x00\x06\x05\x8e\xdc' submitted request u'b2aa1a66-d846-4aca-8fa2-b72bf2ace263' to 2
2015-05-31 15:07:08.290 [IPControllerApp] task::task u'a202549a-a90a-42ce-a30e-0b3ed3a64825' finished on 1
2015-05-31 15:07:08.291 [IPControllerApp] queue::client '\x00\x06\x05\x8e\xdc' submitted request u'9b04b120-651e-4b95-ac4b-be6db08ac3a9' to 3
2015-05-31 15:07:08.292 [IPControllerApp] queue::request u'e610949b-e136-4274-98e5-78730d39c525' completed on 0
2015-05-31 15:07:08.294 [IPControllerApp] queue::request u'9b04b120-651e-4b95-ac4b-be6db08ac3a9' completed on 3
2015-05-31 15:07:08.294 [IPControllerApp] queue::request u'b2aa1a66-d846-4aca-8fa2-b72bf2ace263' completed on 2
2015-05-31 15:07:08.295 [IPControllerApp] queue::request u'281e9ff2-1744-4916-99ff-4f11ace1cb46' completed on 1
2015-05-31 15:07:08.297 [IPControllerApp] queue::client '\x00\x06\x05\x8e\xdc' submitted request u'bf806ed4-6a5e-4f9c-a0cf-8da729df30f7' to 0
2015-05-31 15:07:08.298 [IPControllerApp] queue::client '\x00\x06\x05\x8e\xdc' submitted request u'87edbfcd-10ed-41c5-9b75-8982dc36fed2' to 1
2015-05-31 15:07:08.299 [IPControllerApp] queue::client '\x00\x06\x05\x8e\xdc' submitted request u'c12634f3-90a8-44c9-ac54-01b69b13b954' to 2
2015-05-31 15:07:08.301 [IPControllerApp] queue::request u'bf806ed4-6a5e-4f9c-a0cf-8da729df30f7' completed on 0
2015-05-31 15:07:08.302 [IPControllerApp] queue::client '\x00\x06\x05\x8e\xdc' submitted request u'181d1927-87a5-4bdc-bdb6-6d9a197573d3' to 3
2015-05-31 15:07:08.303 [IPControllerApp] queue::request u'c12634f3-90a8-44c9-ac54-01b69b13b954' completed on 2
2015-05-31 15:07:08.304 [IPControllerApp] queue::request u'87edbfcd-10ed-41c5-9b75-8982dc36fed2' completed on 1
2015-05-31 15:07:08.304 [IPControllerApp] queue::request u'181d1927-87a5-4bdc-bdb6-6d9a197573d3' completed on 3
2015-05-31 15:07:08.307 [IPControllerApp] queue::client '\x00\x06\x05\x8e\xdc' submitted request u'2adb660c-1634-4926-9106-c8fe7eb94305' to 0
2015-05-31 15:07:08.310 [IPControllerApp] queue::client '\x00\x06\x05\x8e\xdc' submitted request u'd110f068-b065-48d7-9d49-2aba80cc28e6' to 1
2015-05-31 15:07:08.311 [IPControllerApp] queue::client '\x00\x06\x05\x8e\xdc' submitted request u'ea5cb303-becf-4ef5-934d-0f41cc372a7d' to 2
2015-05-31 15:07:08.312 [IPControllerApp] queue::request u'2adb660c-1634-4926-9106-c8fe7eb94305' completed on 0
2015-05-31 15:07:08.312 [IPControllerApp] queue::client '\x00\x06\x05\x8e\xdc' submitted request u'bb3c53c0-8a2a-47ca-b961-48b706be994b' to 3
2015-05-31 15:07:08.314 [IPControllerApp] queue::request u'd110f068-b065-48d7-9d49-2aba80cc28e6' completed on 1
2015-05-31 15:07:08.316 [IPControllerApp] queue::request u'ea5cb303-becf-4ef5-934d-0f41cc372a7d' completed on 2
2015-05-31 15:07:08.317 [IPControllerApp] queue::request u'bb3c53c0-8a2a-47ca-b961-48b706be994b' completed on 3
2015-05-31 18:17:33.227 [IPControllerApp] client::client '\x00\x80\x00A\xad' requested u'connection_request'
2015-05-31 18:17:33.229 [IPControllerApp] client::client ['\x00\x80\x00A\xad'] connected
2015-05-31 18:17:33.249 [IPControllerApp] queue::client '\x00\x06\x05\x8e\xdd' submitted request u'f36c6a7e-170e-4dd0-8257-3e376f1394ee' to 0
2015-05-31 18:17:33.255 [IPControllerApp] queue::client '\x00\x06\x05\x8e\xdd' submitted request u'0ea0da76-921b-46ba-a1fb-9dd2da5e3068' to 1
2015-05-31 18:17:33.256 [IPControllerApp] queue::client '\x00\x06\x05\x8e\xdd' submitted request u'c0b4fc53-bd12-4ec7-ab97-6718d14d9e7e' to 2
2015-05-31 18:17:33.260 [IPControllerApp] queue::client '\x00\x06\x05\x8e\xdd' submitted request u'ee17d8a3-032b-451a-ab90-a435899fd4ab' to 3
2015-05-31 18:17:33.273 [IPControllerApp] queue::request u'0ea0da76-921b-46ba-a1fb-9dd2da5e3068' completed on 1
2015-05-31 18:17:33.276 [IPControllerApp] queue::request u'f36c6a7e-170e-4dd0-8257-3e376f1394ee' completed on 0
2015-05-31 18:17:33.278 [IPControllerApp] queue::request u'ee17d8a3-032b-451a-ab90-a435899fd4ab' completed on 3
2015-05-31 18:17:33.279 [IPControllerApp] queue::request u'c0b4fc53-bd12-4ec7-ab97-6718d14d9e7e' completed on 2
2015-05-31 18:17:33.290 [IPControllerApp] task::task u'68b05acb-bb63-4ae0-bea0-d089653ddd38' arrived on 2
2015-05-31 18:17:33.313 [IPControllerApp] task::task u'3d613a29-8eb7-4b7b-a564-bcbf92bb3e13' arrived on 3
2015-05-31 18:17:33.314 [IPControllerApp] task::task u'4b640ee9-4641-4deb-b232-9f3abca12fd7' arrived on 0
2015-05-31 18:17:33.315 [IPControllerApp] task::task u'68b05acb-bb63-4ae0-bea0-d089653ddd38' finished on 2
2015-05-31 18:17:33.315 [IPControllerApp] task::task u'd71b4b92-e77a-4c80-ba23-e8c4c070b74d' arrived on 1
2015-05-31 18:17:33.324 [IPControllerApp] task::task u'835d2a59-f0f1-4fc8-ac0d-d9ab27c6cebd' arrived on 2
2015-05-31 18:17:33.380 [IPControllerApp] task::task u'fb2f3d3a-6be3-4a51-8ab0-ba0cff15db8e' arrived on 0
2015-05-31 18:17:33.382 [IPControllerApp] task::task u'4b640ee9-4641-4deb-b232-9f3abca12fd7' finished on 0
2015-05-31 18:17:33.385 [IPControllerApp] task::task u'8c8d839f-fc77-456e-b17a-510a131f5be4' arrived on 3
2015-05-31 18:17:33.386 [IPControllerApp] task::task u'3d613a29-8eb7-4b7b-a564-bcbf92bb3e13' finished on 3
2015-05-31 18:17:33.391 [IPControllerApp] task::task u'754bfa0b-4d83-490e-8a34-0ae9cd17a321' arrived on 1
2015-05-31 18:17:33.398 [IPControllerApp] task::task u'd71b4b92-e77a-4c80-ba23-e8c4c070b74d' finished on 1
2015-05-31 18:17:33.401 [IPControllerApp] task::task u'305674e0-9aa7-4e4d-9792-aeea5bc28d14' arrived on 2
2015-05-31 18:17:33.408 [IPControllerApp] task::task u'835d2a59-f0f1-4fc8-ac0d-d9ab27c6cebd' finished on 2
2015-05-31 18:17:33.420 [IPControllerApp] task::task u'314b3692-1123-4ce2-9dbf-211fdd6c4d0e' arrived on 3
2015-05-31 18:17:33.422 [IPControllerApp] task::task u'8c8d839f-fc77-456e-b17a-510a131f5be4' finished on 3
2015-05-31 18:17:33.425 [IPControllerApp] task::task u'afe0499e-0930-47e3-b368-ea6a3d12b697' arrived on 0
2015-05-31 18:17:33.429 [IPControllerApp] task::task u'fb2f3d3a-6be3-4a51-8ab0-ba0cff15db8e' finished on 0
2015-05-31 18:17:33.433 [IPControllerApp] task::task u'2ba10fed-e8a2-4479-aa67-efb2675c2d17' arrived on 1
2015-05-31 18:17:33.434 [IPControllerApp] task::task u'754bfa0b-4d83-490e-8a34-0ae9cd17a321' finished on 1
2015-05-31 18:17:33.439 [IPControllerApp] task::task u'96b676e5-b1b1-498f-8462-a2f1d040e4d6' arrived on 2
2015-05-31 18:17:33.441 [IPControllerApp] task::task u'305674e0-9aa7-4e4d-9792-aeea5bc28d14' finished on 2
2015-05-31 18:17:33.450 [IPControllerApp] task::task u'f432e7c7-ffcb-4c9b-85e1-481ddfa6752d' arrived on 3
2015-05-31 18:17:33.451 [IPControllerApp] queue::client '\x00\x06\x05\x8e\xdd' submitted request u'beda64f3-4da9-42db-986e-495a727d7df6' to 0
2015-05-31 18:17:33.452 [IPControllerApp] task::task u'314b3692-1123-4ce2-9dbf-211fdd6c4d0e' finished on 3
2015-05-31 18:17:33.453 [IPControllerApp] queue::client '\x00\x06\x05\x8e\xdd' submitted request u'126df0f5-3edd-4892-b72e-8770bc2dde30' to 1
2015-05-31 18:17:33.455 [IPControllerApp] queue::client '\x00\x06\x05\x8e\xdd' submitted request u'29500abf-509a-4971-b4ce-85ffec7e4fe6' to 2
2015-05-31 18:17:33.456 [IPControllerApp] task::task u'9a09660d-5783-4dbd-b75e-6864eb36e7d6' arrived on 0
2015-05-31 18:17:33.457 [IPControllerApp] queue::client '\x00\x06\x05\x8e\xdd' submitted request u'6e3dc77c-d85b-4d9d-8f73-ed270bea496d' to 3
2015-05-31 18:17:33.458 [IPControllerApp] task::task u'afe0499e-0930-47e3-b368-ea6a3d12b697' finished on 0
2015-05-31 18:17:33.459 [IPControllerApp] queue::request u'29500abf-509a-4971-b4ce-85ffec7e4fe6' completed on 2
2015-05-31 18:17:33.460 [IPControllerApp] queue::request u'beda64f3-4da9-42db-986e-495a727d7df6' completed on 0
2015-05-31 18:17:33.462 [IPControllerApp] task::task u'ca62cf62-e120-4fd6-9458-f2ecbc91266b' arrived on 1
2015-05-31 18:17:33.463 [IPControllerApp] queue::request u'6e3dc77c-d85b-4d9d-8f73-ed270bea496d' completed on 3
2015-05-31 18:17:33.466 [IPControllerApp] task::task u'2ba10fed-e8a2-4479-aa67-efb2675c2d17' finished on 1
2015-05-31 18:17:33.466 [IPControllerApp] queue::request u'126df0f5-3edd-4892-b72e-8770bc2dde30' completed on 1
2015-05-31 18:17:33.467 [IPControllerApp] task::task u'd423e618-ac18-4c14-bfff-5ca7dc0b0c3e' arrived on 2
2015-05-31 18:17:33.468 [IPControllerApp] queue::client '\x00\x06\x05\x8e\xdd' submitted request u'6bfd9800-6643-490c-9951-a65017f391fb' to 0
2015-05-31 18:17:33.468 [IPControllerApp] task::task u'96b676e5-b1b1-498f-8462-a2f1d040e4d6' finished on 2
2015-05-31 18:17:33.469 [IPControllerApp] queue::client '\x00\x06\x05\x8e\xdd' submitted request u'36444906-143d-4b28-ba0f-9ce1a279ee13' to 1
2015-05-31 18:17:33.471 [IPControllerApp] task::task u'2e9db7c3-59e5-4041-9533-e47f9c2a89cb' arrived on 1
2015-05-31 18:17:33.472 [IPControllerApp] queue::client '\x00\x06\x05\x8e\xdd' submitted request u'cab66eb1-35b2-4cb3-95f6-5b583bcc0b0a' to 2
2015-05-31 18:17:33.474 [IPControllerApp] task::task u'ca62cf62-e120-4fd6-9458-f2ecbc91266b' finished on 1
2015-05-31 18:17:33.474 [IPControllerApp] queue::client '\x00\x06\x05\x8e\xdd' submitted request u'acce5079-b1f7-4919-b148-478efe55a6b8' to 3
2015-05-31 18:17:33.476 [IPControllerApp] task::task u'9e37a8cf-931f-4a94-bdfa-26ff40ffdf54' arrived on 0
2015-05-31 18:17:33.477 [IPControllerApp] queue::request u'6bfd9800-6643-490c-9951-a65017f391fb' completed on 0
2015-05-31 18:17:33.480 [IPControllerApp] task::task u'9a09660d-5783-4dbd-b75e-6864eb36e7d6' finished on 0
2015-05-31 18:17:33.481 [IPControllerApp] queue::request u'36444906-143d-4b28-ba0f-9ce1a279ee13' completed on 1
2015-05-31 18:17:33.482 [IPControllerApp] task::task u'1c454f78-4dbb-4ffc-84b8-0ae7e7ca2f7e' arrived on 3
2015-05-31 18:17:33.482 [IPControllerApp] queue::request u'acce5079-b1f7-4919-b148-478efe55a6b8' completed on 3
2015-05-31 18:17:33.483 [IPControllerApp] task::task u'f432e7c7-ffcb-4c9b-85e1-481ddfa6752d' finished on 3
2015-05-31 18:17:33.484 [IPControllerApp] queue::request u'cab66eb1-35b2-4cb3-95f6-5b583bcc0b0a' completed on 2
2015-05-31 18:17:33.485 [IPControllerApp] task::task u'72383ec6-59dc-468f-9971-5f73bfcd4b7a' arrived on 2
2015-05-31 18:17:33.486 [IPControllerApp] queue::client '\x00\x06\x05\x8e\xdd' submitted request u'050fd346-f324-4246-bf10-89ae05d4e23a' to 0
2015-05-31 18:17:33.487 [IPControllerApp] task::task u'd423e618-ac18-4c14-bfff-5ca7dc0b0c3e' finished on 2
2015-05-31 18:17:33.487 [IPControllerApp] queue::client '\x00\x06\x05\x8e\xdd' submitted request u'0d8477e8-aa6c-4c3f-b51f-82098cfaa3b8' to 1
2015-05-31 18:17:33.488 [IPControllerApp] task::task u'1a8e71be-4fbe-43ba-96c6-6a253e3b1716' arrived on 3
2015-05-31 18:17:33.489 [IPControllerApp] queue::client '\x00\x06\x05\x8e\xdd' submitted request u'c8726744-780b-49f0-86c7-efb4c16207ec' to 2
2015-05-31 18:17:33.490 [IPControllerApp] task::task u'1c454f78-4dbb-4ffc-84b8-0ae7e7ca2f7e' finished on 3
2015-05-31 18:17:33.490 [IPControllerApp] queue::client '\x00\x06\x05\x8e\xdd' submitted request u'72e581d1-28c1-4fc0-bba8-e74fb04e568e' to 3
2015-05-31 18:17:33.491 [IPControllerApp] task::task u'774d7749-24e9-4f2d-bb0f-75ad9b4e8483' arrived on 0
2015-05-31 18:17:33.492 [IPControllerApp] queue::request u'0d8477e8-aa6c-4c3f-b51f-82098cfaa3b8' completed on 1
2015-05-31 18:17:33.492 [IPControllerApp] task::task u'9e37a8cf-931f-4a94-bdfa-26ff40ffdf54' finished on 0
2015-05-31 18:17:33.493 [IPControllerApp] queue::request u'72e581d1-28c1-4fc0-bba8-e74fb04e568e' completed on 3
2015-05-31 18:17:33.494 [IPControllerApp] task::task u'6bca49ce-48b0-4614-94f1-959ab7f6228b' arrived on 1
2015-05-31 18:17:33.494 [IPControllerApp] queue::request u'c8726744-780b-49f0-86c7-efb4c16207ec' completed on 2
2015-05-31 18:17:33.495 [IPControllerApp] task::task u'2e9db7c3-59e5-4041-9533-e47f9c2a89cb' finished on 1
2015-05-31 18:17:33.496 [IPControllerApp] queue::request u'050fd346-f324-4246-bf10-89ae05d4e23a' completed on 0
2015-05-31 18:17:33.497 [IPControllerApp] task::task u'8053ce03-c8da-47b8-890a-6d2eb8e04541' arrived on 2
2015-05-31 18:17:33.498 [IPControllerApp] task::task u'72383ec6-59dc-468f-9971-5f73bfcd4b7a' finished on 2
2015-05-31 18:17:33.499 [IPControllerApp] task::task u'1d885223-1264-4b2c-8604-f62f6315c80a' arrived on 0
2015-05-31 18:17:33.499 [IPControllerApp] task::task u'774d7749-24e9-4f2d-bb0f-75ad9b4e8483' finished on 0
2015-05-31 18:17:33.500 [IPControllerApp] task::task u'ef6d549f-0141-4939-8db4-578e32ff4b91' arrived on 3
2015-05-31 18:17:33.501 [IPControllerApp] task::task u'1a8e71be-4fbe-43ba-96c6-6a253e3b1716' finished on 3
2015-05-31 18:17:33.502 [IPControllerApp] task::task u'd17d84f1-20f5-4174-8622-960f0b8cdd35' arrived on 1
2015-05-31 18:17:33.503 [IPControllerApp] task::task u'6bca49ce-48b0-4614-94f1-959ab7f6228b' finished on 1
2015-05-31 18:17:33.504 [IPControllerApp] task::task u'df62fbeb-a0b7-40d9-a4a6-49a01de2c115' arrived on 3
2015-05-31 18:17:33.505 [IPControllerApp] task::task u'ef6d549f-0141-4939-8db4-578e32ff4b91' finished on 3
2015-05-31 18:17:33.505 [IPControllerApp] task::task u'db579d8a-7d71-4f41-9799-a8495dea2653' arrived on 2
2015-05-31 18:17:33.506 [IPControllerApp] task::task u'8053ce03-c8da-47b8-890a-6d2eb8e04541' finished on 2
2015-05-31 18:17:33.507 [IPControllerApp] task::task u'fd508c43-413f-48b8-90b6-252e84040044' arrived on 1
2015-05-31 18:17:33.508 [IPControllerApp] task::task u'd17d84f1-20f5-4174-8622-960f0b8cdd35' finished on 1
2015-05-31 18:17:33.509 [IPControllerApp] task::task u'121fdc4a-de4c-40a3-98ba-491b4ae7f0f1' arrived on 0
2015-05-31 18:17:33.510 [IPControllerApp] task::task u'1d885223-1264-4b2c-8604-f62f6315c80a' finished on 0
2015-05-31 18:17:33.511 [IPControllerApp] task::task u'df62fbeb-a0b7-40d9-a4a6-49a01de2c115' finished on 3
2015-05-31 18:17:33.512 [IPControllerApp] task::task u'db579d8a-7d71-4f41-9799-a8495dea2653' finished on 2
2015-05-31 18:17:33.513 [IPControllerApp] task::task u'121fdc4a-de4c-40a3-98ba-491b4ae7f0f1' finished on 0
2015-05-31 18:17:33.513 [IPControllerApp] task::task u'fd508c43-413f-48b8-90b6-252e84040044' finished on 1
