2015-06-22 17:23:55.600 [IPControllerApp] Hub listening on tcp://127.0.0.1:51552 for registration.
2015-06-22 17:23:55.602 [IPControllerApp] Hub using DB backend: 'NoDB'
2015-06-22 17:23:55.859 [IPControllerApp] hub::created hub
2015-06-22 17:23:55.859 [IPControllerApp] writing connection info to /Users/robert/.ipython/profile_basic/security/ipcontroller-client.json
2015-06-22 17:23:55.860 [IPControllerApp] writing connection info to /Users/robert/.ipython/profile_basic/security/ipcontroller-engine.json
2015-06-22 17:23:55.861 [IPControllerApp] task::using Python leastload Task scheduler
2015-06-22 17:23:55.861 [IPControllerApp] Heartmonitor started
2015-06-22 17:23:55.867 [IPControllerApp] Creating pid file: /Users/robert/.ipython/profile_basic/pid/ipcontroller.pid
2015-06-22 17:23:55.889 [IPControllerApp] client::client '\x00\x80\x00A\xa7' requested u'connection_request'
2015-06-22 17:23:55.889 [IPControllerApp] client::client ['\x00\x80\x00A\xa7'] connected
2015-06-22 17:23:56.202 [IPControllerApp] client::client '93ef035f-a82f-40f5-aa99-4a0a37297cc5' requested u'registration_request'
2015-06-22 17:23:56.346 [IPControllerApp] client::client 'a4332057-b48a-457c-aca8-102b166444cb' requested u'registration_request'
2015-06-22 17:23:56.501 [IPControllerApp] client::client '2093d1b7-a3d3-42c3-9235-98b5f5bfc341' requested u'registration_request'
2015-06-22 17:23:56.593 [IPControllerApp] client::client 'e95eb002-168a-4131-a1de-00021591bd2a' requested u'registration_request'
2015-06-22 17:24:01.865 [IPControllerApp] registration::finished registering engine 1:a4332057-b48a-457c-aca8-102b166444cb
2015-06-22 17:24:01.865 [IPControllerApp] engine::Engine Connected: 1
2015-06-22 17:24:01.867 [IPControllerApp] registration::finished registering engine 2:2093d1b7-a3d3-42c3-9235-98b5f5bfc341
2015-06-22 17:24:01.868 [IPControllerApp] engine::Engine Connected: 2
2015-06-22 17:24:01.868 [IPControllerApp] registration::finished registering engine 0:93ef035f-a82f-40f5-aa99-4a0a37297cc5
2015-06-22 17:24:01.868 [IPControllerApp] engine::Engine Connected: 0
2015-06-22 17:24:01.869 [IPControllerApp] registration::finished registering engine 3:e95eb002-168a-4131-a1de-00021591bd2a
2015-06-22 17:24:01.869 [IPControllerApp] engine::Engine Connected: 3
2015-06-22 17:24:11.513 [IPControllerApp] CRITICAL | Received signal 2, shutting down
2015-06-22 17:24:11.514 [IPControllerApp] CRITICAL | terminating children...
