2015-05-06 21:15:02.924 [IPControllerApp] Hub listening on tcp://127.0.0.1:50135 for registration.
2015-05-06 21:15:02.925 [IPControllerApp] Hub using DB backend: 'NoDB'
2015-05-06 21:15:03.183 [IPControllerApp] hub::created hub
2015-05-06 21:15:03.183 [IPControllerApp] writing connection info to /Users/robert/.ipython/profile_basic/security/ipcontroller-client.json
2015-05-06 21:15:03.184 [IPControllerApp] writing connection info to /Users/robert/.ipython/profile_basic/security/ipcontroller-engine.json
2015-05-06 21:15:03.185 [IPControllerApp] task::using Python leastload Task scheduler
2015-05-06 21:15:03.185 [IPControllerApp] Heartmonitor started
2015-05-06 21:15:03.195 [IPControllerApp] Creating pid file: /Users/robert/.ipython/profile_basic/pid/ipcontroller.pid
2015-05-06 21:15:03.209 [IPControllerApp] client::client '\x00\x80\x00A\xa7' requested u'connection_request'
2015-05-06 21:15:03.209 [IPControllerApp] client::client ['\x00\x80\x00A\xa7'] connected
2015-05-06 21:15:03.885 [IPControllerApp] client::client '3c261c02-65a6-4bfd-91f1-b680e677631f' requested u'registration_request'
2015-05-06 21:15:04.070 [IPControllerApp] client::client 'b9618527-6401-49c1-866a-708669f8e89b' requested u'registration_request'
2015-05-06 21:15:04.215 [IPControllerApp] client::client '7887ff04-acf0-4862-b894-1082fa594d45' requested u'registration_request'
2015-05-06 21:15:04.274 [IPControllerApp] client::client 'ce189b79-f744-4d04-8874-68e606bcf802' requested u'registration_request'
2015-05-06 21:15:09.186 [IPControllerApp] registration::finished registering engine 3:ce189b79-f744-4d04-8874-68e606bcf802
2015-05-06 21:15:09.187 [IPControllerApp] engine::Engine Connected: 3
2015-05-06 21:15:09.188 [IPControllerApp] registration::finished registering engine 2:7887ff04-acf0-4862-b894-1082fa594d45
2015-05-06 21:15:09.188 [IPControllerApp] engine::Engine Connected: 2
2015-05-06 21:15:09.189 [IPControllerApp] registration::finished registering engine 0:3c261c02-65a6-4bfd-91f1-b680e677631f
2015-05-06 21:15:09.190 [IPControllerApp] engine::Engine Connected: 0
2015-05-06 21:15:09.190 [IPControllerApp] registration::finished registering engine 1:b9618527-6401-49c1-866a-708669f8e89b
2015-05-06 21:15:09.190 [IPControllerApp] engine::Engine Connected: 1
2015-05-06 21:15:53.989 [IPControllerApp] client::client '\x00\x80\x00A\xa8' requested u'connection_request'
2015-05-06 21:15:53.989 [IPControllerApp] client::client ['\x00\x80\x00A\xa8'] connected
2015-05-06 21:15:54.006 [IPControllerApp] queue::client '\x00\x06\x05\x8e\xd8' submitted request u'339b09fb-c2d6-467f-b784-f4f8ada7cb6d' to 0
2015-05-06 21:15:54.007 [IPControllerApp] queue::client '\x00\x06\x05\x8e\xd8' submitted request u'ad618c0c-1bf6-45d4-91ee-a295def8f09d' to 1
2015-05-06 21:15:54.008 [IPControllerApp] queue::client '\x00\x06\x05\x8e\xd8' submitted request u'6b0723e6-916f-44fc-8027-f1fee69f196c' to 2
2015-05-06 21:15:54.008 [IPControllerApp] queue::client '\x00\x06\x05\x8e\xd8' submitted request u'eea4073f-9c89-4dfd-99b5-4237c5d397d8' to 3
2015-05-06 21:15:54.011 [IPControllerApp] queue::request u'339b09fb-c2d6-467f-b784-f4f8ada7cb6d' completed on 0
2015-05-06 21:15:54.012 [IPControllerApp] queue::request u'ad618c0c-1bf6-45d4-91ee-a295def8f09d' completed on 1
2015-05-06 21:15:54.012 [IPControllerApp] queue::request u'6b0723e6-916f-44fc-8027-f1fee69f196c' completed on 2
2015-05-06 21:15:54.013 [IPControllerApp] queue::request u'eea4073f-9c89-4dfd-99b5-4237c5d397d8' completed on 3
2015-05-06 21:15:54.024 [IPControllerApp] task::task u'9b8878bf-05d5-4620-85d9-6c3df7f03604' arrived on 1
2015-05-06 21:15:54.033 [IPControllerApp] task::task u'623f49b0-519e-492d-863c-9eb3b7069e6f' arrived on 0
2015-05-06 21:15:54.034 [IPControllerApp] task::task u'8c4b5954-0ab1-4906-9438-48411c2ba08c' arrived on 2
2015-05-06 21:15:54.035 [IPControllerApp] task::task u'dec93eca-b7ff-45f3-97f4-8119627c95e8' arrived on 3
2015-05-06 21:15:54.188 [IPControllerApp] task::task u'd6ca1363-c7c5-462c-bac9-f14652cdf6da' arrived on 3
2015-05-06 21:15:54.192 [IPControllerApp] task::task u'dec93eca-b7ff-45f3-97f4-8119627c95e8' finished on 3
2015-05-06 21:15:54.201 [IPControllerApp] task::task u'79620a35-ce77-4b28-a13a-fad91f746270' arrived on 1
2015-05-06 21:15:54.206 [IPControllerApp] task::task u'9b8878bf-05d5-4620-85d9-6c3df7f03604' finished on 1
2015-05-06 21:15:54.215 [IPControllerApp] task::task u'f38fee9d-5bab-4510-b897-7fa3f40be4f0' arrived on 3
2015-05-06 21:15:54.216 [IPControllerApp] task::task u'd6ca1363-c7c5-462c-bac9-f14652cdf6da' finished on 3
2015-05-06 21:15:54.217 [IPControllerApp] task::task u'79851bad-0b76-405b-8d74-58ffc183ec7a' arrived on 1
2015-05-06 21:15:54.218 [IPControllerApp] task::task u'79620a35-ce77-4b28-a13a-fad91f746270' finished on 1
2015-05-06 21:15:54.219 [IPControllerApp] task::task u'4410ae54-60b3-4856-a766-f0bca6a15f65' arrived on 3
2015-05-06 21:15:54.220 [IPControllerApp] task::task u'f38fee9d-5bab-4510-b897-7fa3f40be4f0' finished on 3
2015-05-06 21:15:54.221 [IPControllerApp] task::task u'114cc16b-62ee-4924-9853-2aadc7b4bcb4' arrived on 1
2015-05-06 21:15:54.222 [IPControllerApp] task::task u'79851bad-0b76-405b-8d74-58ffc183ec7a' finished on 1
2015-05-06 21:15:54.223 [IPControllerApp] task::task u'deab643b-533e-4544-a166-94be2dabe4ed' arrived on 3
2015-05-06 21:15:54.224 [IPControllerApp] task::task u'4410ae54-60b3-4856-a766-f0bca6a15f65' finished on 3
2015-05-06 21:15:54.225 [IPControllerApp] task::task u'3165b39f-b818-4521-a1ac-a6e37bb99823' arrived on 1
2015-05-06 21:15:54.226 [IPControllerApp] task::task u'114cc16b-62ee-4924-9853-2aadc7b4bcb4' finished on 1
2015-05-06 21:15:54.227 [IPControllerApp] task::task u'eee47076-0cee-4f34-aef0-e6c552e32c6e' arrived on 3
2015-05-06 21:15:54.228 [IPControllerApp] task::task u'deab643b-533e-4544-a166-94be2dabe4ed' finished on 3
2015-05-06 21:15:54.229 [IPControllerApp] task::task u'6d66520e-de1c-4f8c-a9cf-8ad6fd6e4198' arrived on 1
2015-05-06 21:15:54.230 [IPControllerApp] task::task u'3165b39f-b818-4521-a1ac-a6e37bb99823' finished on 1
2015-05-06 21:15:54.231 [IPControllerApp] task::task u'1d59770b-7632-4c07-a27c-4fb15006cd9a' arrived on 3
2015-05-06 21:15:54.232 [IPControllerApp] task::task u'eee47076-0cee-4f34-aef0-e6c552e32c6e' finished on 3
2015-05-06 21:15:54.233 [IPControllerApp] task::task u'aa2ed49c-24ce-4103-a437-c480396c5e7e' arrived on 1
2015-05-06 21:15:54.234 [IPControllerApp] task::task u'6d66520e-de1c-4f8c-a9cf-8ad6fd6e4198' finished on 1
2015-05-06 21:15:54.235 [IPControllerApp] task::task u'966aae1c-65b3-46ab-a3d2-1caf7f7f297f' arrived on 1
2015-05-06 21:15:54.236 [IPControllerApp] task::task u'aa2ed49c-24ce-4103-a437-c480396c5e7e' finished on 1
2015-05-06 21:15:54.237 [IPControllerApp] task::task u'ad27bcbf-69fc-4a83-b15a-0ee402959c60' arrived on 2
2015-05-06 21:15:54.238 [IPControllerApp] task::task u'8c4b5954-0ab1-4906-9438-48411c2ba08c' finished on 2
2015-05-06 21:15:54.239 [IPControllerApp] task::task u'496c62cf-fbac-4527-ba7d-e85d9bade958' arrived on 0
2015-05-06 21:15:54.240 [IPControllerApp] task::task u'623f49b0-519e-492d-863c-9eb3b7069e6f' finished on 0
2015-05-06 21:15:54.241 [IPControllerApp] task::task u'69ec7281-df2f-41be-aff8-c260e48270d0' arrived on 3
2015-05-06 21:15:54.242 [IPControllerApp] task::task u'1d59770b-7632-4c07-a27c-4fb15006cd9a' finished on 3
2015-05-06 21:15:54.244 [IPControllerApp] task::task u'7ab52c24-a012-4989-8000-ce8ad149796b' arrived on 0
2015-05-06 21:15:54.245 [IPControllerApp] task::task u'496c62cf-fbac-4527-ba7d-e85d9bade958' finished on 0
2015-05-06 21:15:54.246 [IPControllerApp] task::task u'aaf439ab-8b5d-4312-9aaa-b7626361d72e' arrived on 2
2015-05-06 21:15:54.247 [IPControllerApp] task::task u'ad27bcbf-69fc-4a83-b15a-0ee402959c60' finished on 2
2015-05-06 21:15:54.248 [IPControllerApp] task::task u'344a5d6a-ada2-4cfa-9e29-fac9e33d3c23' arrived on 3
2015-05-06 21:15:54.249 [IPControllerApp] task::task u'69ec7281-df2f-41be-aff8-c260e48270d0' finished on 3
2015-05-06 21:15:54.250 [IPControllerApp] task::task u'be731a45-3296-4823-8695-07501f7574d4' arrived on 0
2015-05-06 21:15:54.251 [IPControllerApp] task::task u'7ab52c24-a012-4989-8000-ce8ad149796b' finished on 0
2015-05-06 21:15:54.252 [IPControllerApp] task::task u'e30e93db-17d7-440b-b0a6-77d3d5111e5e' arrived on 2
2015-05-06 21:15:54.253 [IPControllerApp] task::task u'aaf439ab-8b5d-4312-9aaa-b7626361d72e' finished on 2
2015-05-06 21:15:54.254 [IPControllerApp] task::task u'c2d458e4-fae6-4358-b385-ab05d8722f5e' arrived on 1
2015-05-06 21:15:54.255 [IPControllerApp] task::task u'966aae1c-65b3-46ab-a3d2-1caf7f7f297f' finished on 1
2015-05-06 21:15:54.256 [IPControllerApp] task::task u'01ac1574-e6b9-43d2-8909-658a5acf9bed' arrived on 3
2015-05-06 21:15:54.257 [IPControllerApp] task::task u'344a5d6a-ada2-4cfa-9e29-fac9e33d3c23' finished on 3
2015-05-06 21:15:54.258 [IPControllerApp] task::task u'669fe647-3748-48c9-8a7a-1e10a3a3e373' arrived on 0
2015-05-06 21:15:54.259 [IPControllerApp] task::task u'be731a45-3296-4823-8695-07501f7574d4' finished on 0
2015-05-06 21:15:54.260 [IPControllerApp] task::task u'9c89ad50-72c8-482a-bd5d-26b0d290d4c4' arrived on 2
2015-05-06 21:15:54.261 [IPControllerApp] task::task u'e30e93db-17d7-440b-b0a6-77d3d5111e5e' finished on 2
2015-05-06 21:15:54.262 [IPControllerApp] task::task u'0920c101-a373-466d-9777-e4a3070ce4af' arrived on 0
2015-05-06 21:15:54.262 [IPControllerApp] task::task u'669fe647-3748-48c9-8a7a-1e10a3a3e373' finished on 0
2015-05-06 21:15:54.265 [IPControllerApp] task::task u'1747d2d9-e731-43dc-94c3-80e1e3e065b8' arrived on 3
2015-05-06 21:15:54.266 [IPControllerApp] task::task u'01ac1574-e6b9-43d2-8909-658a5acf9bed' finished on 3
2015-05-06 21:15:54.266 [IPControllerApp] task::task u'709b8048-8c07-4a22-8756-faa8f3f026d7' arrived on 0
2015-05-06 21:15:54.267 [IPControllerApp] task::task u'0920c101-a373-466d-9777-e4a3070ce4af' finished on 0
2015-05-06 21:15:54.268 [IPControllerApp] task::task u'9c89ad50-72c8-482a-bd5d-26b0d290d4c4' finished on 2
2015-05-06 21:15:54.272 [IPControllerApp] task::task u'709b8048-8c07-4a22-8756-faa8f3f026d7' finished on 0
2015-05-06 21:15:54.273 [IPControllerApp] task::task u'c2d458e4-fae6-4358-b385-ab05d8722f5e' finished on 1
2015-05-06 21:15:54.275 [IPControllerApp] task::task u'1747d2d9-e731-43dc-94c3-80e1e3e065b8' finished on 3
2015-05-06 21:15:54.277 [IPControllerApp] queue::client '\x00\x06\x05\x8e\xd8' submitted request u'04953ec3-b96f-47f6-9b83-6f2ad61f7d8c' to 0
2015-05-06 21:15:54.278 [IPControllerApp] queue::client '\x00\x06\x05\x8e\xd8' submitted request u'30076fc7-a3ad-449f-95f2-43d00c08a85b' to 1
2015-05-06 21:15:54.279 [IPControllerApp] queue::client '\x00\x06\x05\x8e\xd8' submitted request u'acf26015-5969-4766-a5a4-a89800e7b976' to 2
2015-05-06 21:15:54.280 [IPControllerApp] queue::request u'04953ec3-b96f-47f6-9b83-6f2ad61f7d8c' completed on 0
2015-05-06 21:15:54.281 [IPControllerApp] queue::client '\x00\x06\x05\x8e\xd8' submitted request u'38dae20b-3269-4030-b8ab-f9a4473831eb' to 3
2015-05-06 21:15:54.282 [IPControllerApp] queue::request u'acf26015-5969-4766-a5a4-a89800e7b976' completed on 2
2015-05-06 21:15:54.283 [IPControllerApp] queue::request u'38dae20b-3269-4030-b8ab-f9a4473831eb' completed on 3
2015-05-06 21:15:54.284 [IPControllerApp] queue::request u'30076fc7-a3ad-449f-95f2-43d00c08a85b' completed on 1
2015-05-07 12:20:54.583 [IPControllerApp] client::client '\x00\x80\x00A\xa9' requested u'connection_request'
2015-05-07 12:20:54.589 [IPControllerApp] client::client ['\x00\x80\x00A\xa9'] connected
2015-05-07 12:20:54.618 [IPControllerApp] queue::client '\x00\x06\x05\x8e\xd9' submitted request u'd3af3e3b-4c27-4db3-b300-e7d7de1301f7' to 0
2015-05-07 12:20:54.624 [IPControllerApp] queue::client '\x00\x06\x05\x8e\xd9' submitted request u'1f2efc87-b567-48fc-9d12-68de24485003' to 1
2015-05-07 12:20:54.624 [IPControllerApp] queue::client '\x00\x06\x05\x8e\xd9' submitted request u'306fbe13-397b-459f-9bb6-513374db4115' to 2
2015-05-07 12:20:54.625 [IPControllerApp] queue::client '\x00\x06\x05\x8e\xd9' submitted request u'cc2e8699-2cf0-4074-a5ef-1f03ab646041' to 3
2015-05-07 12:20:54.678 [IPControllerApp] queue::request u'd3af3e3b-4c27-4db3-b300-e7d7de1301f7' completed on 0
2015-05-07 12:20:54.680 [IPControllerApp] queue::request u'306fbe13-397b-459f-9bb6-513374db4115' completed on 2
2015-05-07 12:20:54.681 [IPControllerApp] queue::request u'1f2efc87-b567-48fc-9d12-68de24485003' completed on 1
2015-05-07 12:20:54.682 [IPControllerApp] queue::request u'cc2e8699-2cf0-4074-a5ef-1f03ab646041' completed on 3
2015-05-07 12:20:54.697 [IPControllerApp] task::task u'17624b32-f1d5-494c-ada5-1b3f3a925a70' arrived on 1
2015-05-07 12:20:54.702 [IPControllerApp] task::task u'39d33db8-d277-4446-9a2a-31cd84c39348' arrived on 2
2015-05-07 12:20:54.710 [IPControllerApp] task::task u'e9b2c4c8-fcdc-4ee4-82a3-015431605799' arrived on 3
2015-05-07 12:20:54.714 [IPControllerApp] task::task u'da09dae1-ae1a-4b42-a258-00a1c58da462' arrived on 0
2015-05-07 12:20:54.716 [IPControllerApp] task::task u'9f40ec08-9260-4ada-a937-94c3374c92ae' arrived on 1
2015-05-07 12:20:54.719 [IPControllerApp] task::task u'17624b32-f1d5-494c-ada5-1b3f3a925a70' finished on 1
2015-05-07 12:20:54.721 [IPControllerApp] task::task u'49890d37-8fbb-4238-9f75-d8a4543ddb73' arrived on 2
2015-05-07 12:20:54.722 [IPControllerApp] task::task u'39d33db8-d277-4446-9a2a-31cd84c39348' finished on 2
2015-05-07 12:20:54.739 [IPControllerApp] task::task u'0ba457c7-3a2d-4233-93f8-cfb4aadcb7fb' arrived on 3
2015-05-07 12:20:54.740 [IPControllerApp] task::task u'e9b2c4c8-fcdc-4ee4-82a3-015431605799' finished on 3
2015-05-07 12:20:54.741 [IPControllerApp] task::task u'ad56af8f-486e-4346-9863-d4ff448663da' arrived on 0
2015-05-07 12:20:54.741 [IPControllerApp] task::task u'da09dae1-ae1a-4b42-a258-00a1c58da462' finished on 0
2015-05-07 12:20:54.743 [IPControllerApp] task::task u'89c23ff0-2fad-4880-a79e-1e5cc98e2f88' arrived on 1
2015-05-07 12:20:54.744 [IPControllerApp] task::task u'9f40ec08-9260-4ada-a937-94c3374c92ae' finished on 1
2015-05-07 12:20:54.745 [IPControllerApp] task::task u'25673141-b0e3-4244-867d-c15b0375a7da' arrived on 2
2015-05-07 12:20:54.746 [IPControllerApp] task::task u'49890d37-8fbb-4238-9f75-d8a4543ddb73' finished on 2
2015-05-07 12:20:54.750 [IPControllerApp] task::task u'ccb3cfd0-aa7c-4d66-90c1-fefd2d91dfe2' arrived on 3
2015-05-07 12:20:54.750 [IPControllerApp] task::task u'0ba457c7-3a2d-4233-93f8-cfb4aadcb7fb' finished on 3
2015-05-07 12:20:54.751 [IPControllerApp] task::task u'2257bd99-ea1e-4246-9f95-e5c8fb66f64f' arrived on 0
2015-05-07 12:20:54.751 [IPControllerApp] task::task u'ad56af8f-486e-4346-9863-d4ff448663da' finished on 0
2015-05-07 12:20:54.752 [IPControllerApp] task::task u'26ede3ab-d1c5-4639-b54e-a81459c24c2a' arrived on 1
2015-05-07 12:20:54.752 [IPControllerApp] task::task u'89c23ff0-2fad-4880-a79e-1e5cc98e2f88' finished on 1
2015-05-07 12:20:54.753 [IPControllerApp] task::task u'035bfd36-a56b-4faa-80c0-909bd9130573' arrived on 2
2015-05-07 12:20:54.753 [IPControllerApp] task::task u'25673141-b0e3-4244-867d-c15b0375a7da' finished on 2
2015-05-07 12:20:54.756 [IPControllerApp] task::task u'e348cb32-6742-45bc-af07-d12829246747' arrived on 3
2015-05-07 12:20:54.758 [IPControllerApp] task::task u'ccb3cfd0-aa7c-4d66-90c1-fefd2d91dfe2' finished on 3
2015-05-07 12:20:54.758 [IPControllerApp] task::task u'f1eed4ff-62b3-4e46-a2de-79a7ff381df3' arrived on 0
2015-05-07 12:20:54.761 [IPControllerApp] task::task u'2257bd99-ea1e-4246-9f95-e5c8fb66f64f' finished on 0
2015-05-07 12:20:54.762 [IPControllerApp] task::task u'22df7705-4c17-4079-beb2-9164a5911a1a' arrived on 1
2015-05-07 12:20:54.762 [IPControllerApp] task::task u'26ede3ab-d1c5-4639-b54e-a81459c24c2a' finished on 1
2015-05-07 12:20:54.763 [IPControllerApp] task::task u'83b597a8-788f-4f2a-a965-2551f7b748df' arrived on 2
2015-05-07 12:20:54.763 [IPControllerApp] task::task u'035bfd36-a56b-4faa-80c0-909bd9130573' finished on 2
2015-05-07 12:20:54.767 [IPControllerApp] task::task u'4ff8c074-a9b2-4cbe-9985-029e6e0127d9' arrived on 3
2015-05-07 12:20:54.768 [IPControllerApp] task::task u'e348cb32-6742-45bc-af07-d12829246747' finished on 3
2015-05-07 12:20:54.769 [IPControllerApp] task::task u'fb6fd6d2-d5b9-4a5b-a92a-73b9be9a0536' arrived on 0
2015-05-07 12:20:54.772 [IPControllerApp] task::task u'f1eed4ff-62b3-4e46-a2de-79a7ff381df3' finished on 0
2015-05-07 12:20:54.773 [IPControllerApp] task::task u'a758c33d-c6dd-4188-9076-cb8e5a4822d5' arrived on 2
2015-05-07 12:20:54.774 [IPControllerApp] task::task u'83b597a8-788f-4f2a-a965-2551f7b748df' finished on 2
2015-05-07 12:20:54.775 [IPControllerApp] task::task u'de7b20a8-f48e-44ce-85cb-bdc47b9e93f8' arrived on 1
2015-05-07 12:20:54.776 [IPControllerApp] task::task u'22df7705-4c17-4079-beb2-9164a5911a1a' finished on 1
2015-05-07 12:20:54.778 [IPControllerApp] task::task u'ac7216a0-c134-4d10-89d9-b44b58f29fb2' arrived on 3
2015-05-07 12:20:54.779 [IPControllerApp] task::task u'4ff8c074-a9b2-4cbe-9985-029e6e0127d9' finished on 3
2015-05-07 12:20:54.782 [IPControllerApp] task::task u'f857d43e-08e5-42a3-96d2-a0c2c0710d5b' arrived on 0
2015-05-07 12:20:54.783 [IPControllerApp] task::task u'fb6fd6d2-d5b9-4a5b-a92a-73b9be9a0536' finished on 0
2015-05-07 12:20:54.784 [IPControllerApp] task::task u'8649270e-7582-4d58-bb4d-fdf728041956' arrived on 2
2015-05-07 12:20:54.785 [IPControllerApp] task::task u'a758c33d-c6dd-4188-9076-cb8e5a4822d5' finished on 2
2015-05-07 12:20:54.786 [IPControllerApp] task::task u'5628ac18-5051-4a0a-826f-77902153ab6d' arrived on 1
2015-05-07 12:20:54.788 [IPControllerApp] task::task u'de7b20a8-f48e-44ce-85cb-bdc47b9e93f8' finished on 1
2015-05-07 12:20:54.789 [IPControllerApp] task::task u'742f4945-0bc2-45e0-bffb-90230f088806' arrived on 3
2015-05-07 12:20:54.790 [IPControllerApp] task::task u'ac7216a0-c134-4d10-89d9-b44b58f29fb2' finished on 3
2015-05-07 12:20:54.791 [IPControllerApp] task::task u'a6097492-793c-41a8-8506-6cad1cc8ad20' arrived on 0
2015-05-07 12:20:54.792 [IPControllerApp] task::task u'f857d43e-08e5-42a3-96d2-a0c2c0710d5b' finished on 0
2015-05-07 12:20:54.792 [IPControllerApp] task::task u'fae8ac46-33ce-4faa-a223-4caf8bfa03d0' arrived on 2
2015-05-07 12:20:54.793 [IPControllerApp] task::task u'8649270e-7582-4d58-bb4d-fdf728041956' finished on 2
2015-05-07 12:20:54.795 [IPControllerApp] task::task u'06e2f783-3b3f-46d7-9e6e-1dc0d9f2b22a' arrived on 1
2015-05-07 12:20:54.795 [IPControllerApp] task::task u'5628ac18-5051-4a0a-826f-77902153ab6d' finished on 1
2015-05-07 12:20:54.797 [IPControllerApp] task::task u'72f42614-9488-4d39-97d2-6557ac56f1a9' arrived on 3
2015-05-07 12:20:54.798 [IPControllerApp] task::task u'742f4945-0bc2-45e0-bffb-90230f088806' finished on 3
2015-05-07 12:20:54.799 [IPControllerApp] task::task u'be7710ad-81db-43b5-adaa-c108cd705e52' arrived on 0
2015-05-07 12:20:54.800 [IPControllerApp] task::task u'a6097492-793c-41a8-8506-6cad1cc8ad20' finished on 0
2015-05-07 12:20:54.803 [IPControllerApp] task::task u'fae8ac46-33ce-4faa-a223-4caf8bfa03d0' finished on 2
2015-05-07 12:20:54.804 [IPControllerApp] task::task u'06e2f783-3b3f-46d7-9e6e-1dc0d9f2b22a' finished on 1
2015-05-07 12:20:54.804 [IPControllerApp] task::task u'72f42614-9488-4d39-97d2-6557ac56f1a9' finished on 3
2015-05-07 12:20:54.805 [IPControllerApp] task::task u'be7710ad-81db-43b5-adaa-c108cd705e52' finished on 0
2015-05-07 12:20:54.807 [IPControllerApp] queue::client '\x00\x06\x05\x8e\xd9' submitted request u'418d82e4-af95-4dff-b125-d96ccef5a7cc' to 0
2015-05-07 12:20:54.808 [IPControllerApp] queue::client '\x00\x06\x05\x8e\xd9' submitted request u'6578b1c3-fe91-4437-b4e0-f635f80c8d85' to 1
2015-05-07 12:20:54.809 [IPControllerApp] queue::client '\x00\x06\x05\x8e\xd9' submitted request u'27fd905c-9427-40f6-a4ec-d8ae52128ef1' to 2
2015-05-07 12:20:54.812 [IPControllerApp] queue::request u'418d82e4-af95-4dff-b125-d96ccef5a7cc' completed on 0
2015-05-07 12:20:54.813 [IPControllerApp] queue::request u'6578b1c3-fe91-4437-b4e0-f635f80c8d85' completed on 1
2015-05-07 12:20:54.814 [IPControllerApp] queue::client '\x00\x06\x05\x8e\xd9' submitted request u'9f75331e-cafe-4567-81f9-7e7e40c3f91d' to 3
2015-05-07 12:20:54.814 [IPControllerApp] queue::request u'27fd905c-9427-40f6-a4ec-d8ae52128ef1' completed on 2
2015-05-07 12:20:54.815 [IPControllerApp] queue::request u'9f75331e-cafe-4567-81f9-7e7e40c3f91d' completed on 3
