2015-05-19 19:00:13.107 [IPEngineApp] Loading url_file u'/Users/robert/.ipython/profile_basic/security/ipcontroller-engine.json'
2015-05-19 19:00:13.109 [IPEngineApp] Registering with controller at tcp://127.0.0.1:51721
2015-05-19 19:00:13.182 [IPEngineApp] Starting to monitor the heartbeat signal from the hub every 3010 ms.
2015-05-19 19:00:13.184 [IPEngineApp] Using existing profile dir: u'/Users/robert/.ipython/profile_basic'
2015-05-19 19:00:13.185 [IPEngineApp] Completed registration with id 1
2015-05-19 19:38:56.908 [IPEngineApp] WARNING | No heartbeat in the last 3010 ms (1 time(s) in a row).
2015-05-20 09:13:18.232 [IPEngineApp] WARNING | No heartbeat in the last 3010 ms (1 time(s) in a row).
2015-05-20 10:28:12.162 [IPEngineApp] WARNING | No heartbeat in the last 3010 ms (1 time(s) in a row).
2015-05-20 12:14:48.420 [IPEngineApp] WARNING | No heartbeat in the last 3010 ms (1 time(s) in a row).
2015-05-20 12:15:25.000 [IPEngineApp] WARNING | No heartbeat in the last 3010 ms (1 time(s) in a row).
2015-05-20 12:15:27.551 [IPEngineApp] WARNING | No heartbeat in the last 3010 ms (2 time(s) in a row).
2015-05-20 12:16:15.710 [IPEngineApp] WARNING | No heartbeat in the last 3010 ms (1 time(s) in a row).
2015-05-20 12:16:39.787 [IPEngineApp] WARNING | No heartbeat in the last 3010 ms (1 time(s) in a row).
2015-05-20 12:18:46.207 [IPEngineApp] WARNING | No heartbeat in the last 3010 ms (1 time(s) in a row).
2015-05-20 12:19:10.288 [IPEngineApp] WARNING | No heartbeat in the last 3010 ms (1 time(s) in a row).
2015-05-20 12:19:22.327 [IPEngineApp] WARNING | No heartbeat in the last 3010 ms (1 time(s) in a row).
2015-05-20 12:19:34.367 [IPEngineApp] WARNING | No heartbeat in the last 3010 ms (1 time(s) in a row).
2015-05-20 12:20:10.490 [IPEngineApp] WARNING | No heartbeat in the last 3010 ms (1 time(s) in a row).
2015-05-20 12:20:49.617 [IPEngineApp] WARNING | No heartbeat in the last 3010 ms (1 time(s) in a row).
2015-05-20 12:21:01.652 [IPEngineApp] WARNING | No heartbeat in the last 3010 ms (1 time(s) in a row).
2015-05-20 12:21:13.696 [IPEngineApp] WARNING | No heartbeat in the last 3010 ms (1 time(s) in a row).
2015-05-20 12:22:53.028 [IPEngineApp] WARNING | No heartbeat in the last 3010 ms (1 time(s) in a row).
2015-05-20 12:23:05.068 [IPEngineApp] WARNING | No heartbeat in the last 3010 ms (1 time(s) in a row).
2015-05-20 12:24:32.353 [IPEngineApp] WARNING | No heartbeat in the last 3010 ms (1 time(s) in a row).
2015-05-20 12:24:44.398 [IPEngineApp] WARNING | No heartbeat in the last 3010 ms (1 time(s) in a row).
2015-05-20 12:24:56.438 [IPEngineApp] WARNING | No heartbeat in the last 3010 ms (1 time(s) in a row).
2015-05-20 12:25:08.481 [IPEngineApp] WARNING | No heartbeat in the last 3010 ms (1 time(s) in a row).
2015-05-20 12:26:11.687 [IPEngineApp] WARNING | No heartbeat in the last 3010 ms (1 time(s) in a row).
2015-05-20 12:31:42.788 [IPEngineApp] WARNING | No heartbeat in the last 3010 ms (1 time(s) in a row).
2015-05-20 12:31:54.824 [IPEngineApp] WARNING | No heartbeat in the last 3010 ms (1 time(s) in a row).
2015-05-20 12:33:22.118 [IPEngineApp] WARNING | No heartbeat in the last 3010 ms (1 time(s) in a row).
2015-05-20 12:33:34.154 [IPEngineApp] WARNING | No heartbeat in the last 3010 ms (1 time(s) in a row).
2015-05-20 12:33:46.199 [IPEngineApp] WARNING | No heartbeat in the last 3010 ms (1 time(s) in a row).
2015-05-20 12:33:58.235 [IPEngineApp] WARNING | No heartbeat in the last 3010 ms (1 time(s) in a row).
2015-05-20 12:56:02.639 [IPEngineApp] WARNING | No heartbeat in the last 3010 ms (1 time(s) in a row).
2015-05-20 13:08:02.026 [IPEngineApp] WARNING | No heartbeat in the last 3010 ms (1 time(s) in a row).
2015-05-20 13:08:14.073 [IPEngineApp] WARNING | No heartbeat in the last 3010 ms (1 time(s) in a row).
2015-05-20 13:08:38.148 [IPEngineApp] WARNING | No heartbeat in the last 3010 ms (1 time(s) in a row).
2015-05-20 13:09:17.275 [IPEngineApp] WARNING | No heartbeat in the last 3010 ms (1 time(s) in a row).
2015-05-20 13:09:29.313 [IPEngineApp] WARNING | No heartbeat in the last 3010 ms (1 time(s) in a row).
2015-05-20 13:09:41.362 [IPEngineApp] WARNING | No heartbeat in the last 3010 ms (1 time(s) in a row).
2015-05-20 13:11:32.730 [IPEngineApp] WARNING | No heartbeat in the last 3010 ms (1 time(s) in a row).
2015-05-20 13:11:56.803 [IPEngineApp] WARNING | No heartbeat in the last 3010 ms (1 time(s) in a row).
2015-05-20 13:13:12.052 [IPEngineApp] WARNING | No heartbeat in the last 3010 ms (1 time(s) in a row).
2015-05-20 13:13:36.141 [IPEngineApp] WARNING | No heartbeat in the last 3010 ms (1 time(s) in a row).
2015-05-20 13:14:12.255 [IPEngineApp] WARNING | No heartbeat in the last 3010 ms (1 time(s) in a row).
2015-05-20 13:24:29.305 [IPEngineApp] WARNING | No heartbeat in the last 3010 ms (1 time(s) in a row).
2015-05-20 14:44:36.272 [IPEngineApp] WARNING | No heartbeat in the last 3010 ms (1 time(s) in a row).
2015-05-20 15:05:07.364 [IPEngineApp] WARNING | No heartbeat in the last 3010 ms (1 time(s) in a row).
2015-05-20 15:31:42.663 [IPEngineApp] WARNING | No heartbeat in the last 3010 ms (1 time(s) in a row).
2015-05-20 19:06:52.554 [IPEngineApp] WARNING | No heartbeat in the last 3010 ms (1 time(s) in a row).
2015-05-20 22:27:41.584 [IPEngineApp] WARNING | No heartbeat in the last 3010 ms (1 time(s) in a row).
2015-05-21 09:26:22.883 [IPEngineApp] WARNING | No heartbeat in the last 3010 ms (1 time(s) in a row).
2015-05-21 09:40:40.732 [IPEngineApp] WARNING | No heartbeat in the last 3010 ms (1 time(s) in a row).
2015-05-21 10:24:43.518 [IPEngineApp] WARNING | No heartbeat in the last 3010 ms (1 time(s) in a row).
2015-05-21 10:33:33.281 [IPEngineApp] WARNING | No heartbeat in the last 3010 ms (1 time(s) in a row).
2015-05-21 12:28:20.156 [IPEngineApp] WARNING | No heartbeat in the last 3010 ms (1 time(s) in a row).
2015-05-21 15:51:21.630 [IPEngineApp] WARNING | No heartbeat in the last 3010 ms (1 time(s) in a row).
2015-05-22 15:53:09.025 [IPEngineApp] WARNING | No heartbeat in the last 3010 ms (1 time(s) in a row).
2015-05-22 16:37:14.814 [IPEngineApp] WARNING | No heartbeat in the last 3010 ms (1 time(s) in a row).
2015-05-22 17:07:56.936 [IPEngineApp] WARNING | No heartbeat in the last 3010 ms (1 time(s) in a row).
2015-05-22 17:18:07.966 [IPEngineApp] WARNING | No heartbeat in the last 3010 ms (1 time(s) in a row).
2015-05-22 17:38:30.028 [IPEngineApp] WARNING | No heartbeat in the last 3010 ms (1 time(s) in a row).
2015-05-22 17:48:50.082 [IPEngineApp] WARNING | No heartbeat in the last 3010 ms (1 time(s) in a row).
2015-05-22 18:03:25.994 [IPEngineApp] WARNING | No heartbeat in the last 3010 ms (1 time(s) in a row).
2015-05-22 18:32:49.864 [IPEngineApp] WARNING | No heartbeat in the last 3010 ms (1 time(s) in a row).
2015-05-22 19:02:40.803 [IPEngineApp] WARNING | No heartbeat in the last 3010 ms (1 time(s) in a row).
2015-05-22 21:19:32.091 [IPEngineApp] WARNING | No heartbeat in the last 3010 ms (1 time(s) in a row).
2015-05-22 23:47:07.503 [IPEngineApp] WARNING | No heartbeat in the last 3010 ms (1 time(s) in a row).
2015-05-24 11:54:44.070 [IPEngineApp] CRITICAL | Engine Interrupted, shutting down...

