2015-05-19 19:00:12.949 [IPEngineApp] Loading url_file u'/Users/robert/.ipython/profile_basic/security/ipcontroller-engine.json'
2015-05-19 19:00:12.952 [IPEngineApp] Registering with controller at tcp://127.0.0.1:51721
2015-05-19 19:00:13.038 [IPEngineApp] Starting to monitor the heartbeat signal from the hub every 3010 ms.
2015-05-19 19:00:13.041 [IPEngineApp] Using existing profile dir: u'/Users/robert/.ipython/profile_basic'
2015-05-19 19:00:13.043 [IPEngineApp] Completed registration with id 0
2015-05-19 19:38:56.764 [IPEngineApp] WARNING | No heartbeat in the last 3010 ms (1 time(s) in a row).
2015-05-20 09:13:18.092 [IPEngineApp] WARNING | No heartbeat in the last 3010 ms (1 time(s) in a row).
2015-05-20 10:28:12.018 [IPEngineApp] WARNING | No heartbeat in the last 3010 ms (1 time(s) in a row).
2015-05-20 10:29:48.342 [IPEngineApp] WARNING | No heartbeat in the last 3010 ms (1 time(s) in a row).
2015-05-20 12:14:48.271 [IPEngineApp] WARNING | No heartbeat in the last 3010 ms (1 time(s) in a row).
2015-05-20 12:16:15.560 [IPEngineApp] WARNING | No heartbeat in the last 3010 ms (1 time(s) in a row).
2015-05-20 12:16:39.642 [IPEngineApp] WARNING | No heartbeat in the last 3010 ms (1 time(s) in a row).
2015-05-20 12:18:46.061 [IPEngineApp] WARNING | No heartbeat in the last 3010 ms (1 time(s) in a row).
2015-05-20 12:19:10.145 [IPEngineApp] WARNING | No heartbeat in the last 3010 ms (1 time(s) in a row).
2015-05-20 12:19:22.178 [IPEngineApp] WARNING | No heartbeat in the last 3010 ms (1 time(s) in a row).
2015-05-20 12:20:25.396 [IPEngineApp] WARNING | No heartbeat in the last 3010 ms (1 time(s) in a row).
2015-05-20 12:20:49.477 [IPEngineApp] WARNING | No heartbeat in the last 3010 ms (1 time(s) in a row).
2015-05-20 12:21:01.509 [IPEngineApp] WARNING | No heartbeat in the last 3010 ms (1 time(s) in a row).
2015-05-20 12:21:13.553 [IPEngineApp] WARNING | No heartbeat in the last 3010 ms (1 time(s) in a row).
2015-05-20 12:22:52.881 [IPEngineApp] WARNING | No heartbeat in the last 3010 ms (1 time(s) in a row).
2015-05-20 12:23:04.919 [IPEngineApp] WARNING | No heartbeat in the last 3010 ms (1 time(s) in a row).
2015-05-20 12:24:20.175 [IPEngineApp] WARNING | No heartbeat in the last 3010 ms (1 time(s) in a row).
2015-05-20 12:24:32.208 [IPEngineApp] WARNING | No heartbeat in the last 3010 ms (1 time(s) in a row).
2015-05-20 12:24:44.256 [IPEngineApp] WARNING | No heartbeat in the last 3010 ms (1 time(s) in a row).
2015-05-20 12:25:08.332 [IPEngineApp] WARNING | No heartbeat in the last 3010 ms (1 time(s) in a row).
2015-05-20 12:26:11.545 [IPEngineApp] WARNING | No heartbeat in the last 3010 ms (1 time(s) in a row).
2015-05-20 12:31:42.640 [IPEngineApp] WARNING | No heartbeat in the last 3010 ms (1 time(s) in a row).
2015-05-20 12:31:54.685 [IPEngineApp] WARNING | No heartbeat in the last 3010 ms (1 time(s) in a row).
2015-05-20 12:33:46.057 [IPEngineApp] WARNING | No heartbeat in the last 3010 ms (1 time(s) in a row).
2015-05-20 12:33:58.089 [IPEngineApp] WARNING | No heartbeat in the last 3010 ms (1 time(s) in a row).
2015-05-20 12:56:02.490 [IPEngineApp] WARNING | No heartbeat in the last 3010 ms (1 time(s) in a row).
2015-05-20 13:08:01.882 [IPEngineApp] WARNING | No heartbeat in the last 3010 ms (1 time(s) in a row).
2015-05-20 13:08:13.919 [IPEngineApp] WARNING | No heartbeat in the last 3010 ms (1 time(s) in a row).
2015-05-20 13:08:38.004 [IPEngineApp] WARNING | No heartbeat in the last 3010 ms (1 time(s) in a row).
2015-05-20 13:09:17.131 [IPEngineApp] WARNING | No heartbeat in the last 3010 ms (1 time(s) in a row).
2015-05-20 13:09:29.171 [IPEngineApp] WARNING | No heartbeat in the last 3010 ms (1 time(s) in a row).
2015-05-20 13:09:41.210 [IPEngineApp] WARNING | No heartbeat in the last 3010 ms (1 time(s) in a row).
2015-05-20 13:09:53.252 [IPEngineApp] WARNING | No heartbeat in the last 3010 ms (1 time(s) in a row).
2015-05-20 13:10:44.420 [IPEngineApp] WARNING | No heartbeat in the last 3010 ms (1 time(s) in a row).
2015-05-20 13:11:32.584 [IPEngineApp] WARNING | No heartbeat in the last 3010 ms (1 time(s) in a row).
2015-05-20 13:11:56.671 [IPEngineApp] WARNING | No heartbeat in the last 3010 ms (1 time(s) in a row).
2015-05-20 13:12:47.832 [IPEngineApp] WARNING | No heartbeat in the last 3010 ms (1 time(s) in a row).
2015-05-20 13:13:11.915 [IPEngineApp] WARNING | No heartbeat in the last 3010 ms (1 time(s) in a row).
2015-05-20 13:13:35.989 [IPEngineApp] WARNING | No heartbeat in the last 3010 ms (1 time(s) in a row).
2015-05-20 13:14:12.117 [IPEngineApp] WARNING | No heartbeat in the last 3010 ms (1 time(s) in a row).
2015-05-20 13:24:29.162 [IPEngineApp] WARNING | No heartbeat in the last 3010 ms (1 time(s) in a row).
2015-05-20 14:44:36.128 [IPEngineApp] WARNING | No heartbeat in the last 3010 ms (1 time(s) in a row).
2015-05-20 15:05:07.224 [IPEngineApp] WARNING | No heartbeat in the last 3010 ms (1 time(s) in a row).
2015-05-20 15:31:42.519 [IPEngineApp] WARNING | No heartbeat in the last 3010 ms (1 time(s) in a row).
2015-05-20 19:06:52.411 [IPEngineApp] WARNING | No heartbeat in the last 3010 ms (1 time(s) in a row).
2015-05-20 22:27:41.445 [IPEngineApp] WARNING | No heartbeat in the last 3010 ms (1 time(s) in a row).
2015-05-21 09:26:22.740 [IPEngineApp] WARNING | No heartbeat in the last 3010 ms (1 time(s) in a row).
2015-05-21 09:40:40.594 [IPEngineApp] WARNING | No heartbeat in the last 3010 ms (1 time(s) in a row).
2015-05-21 10:24:43.371 [IPEngineApp] WARNING | No heartbeat in the last 3010 ms (1 time(s) in a row).
2015-05-21 10:33:33.138 [IPEngineApp] WARNING | No heartbeat in the last 3010 ms (1 time(s) in a row).
2015-05-21 12:28:20.011 [IPEngineApp] WARNING | No heartbeat in the last 3010 ms (1 time(s) in a row).
2015-05-22 15:53:08.878 [IPEngineApp] WARNING | No heartbeat in the last 3010 ms (1 time(s) in a row).
2015-05-22 16:37:14.671 [IPEngineApp] WARNING | No heartbeat in the last 3010 ms (1 time(s) in a row).
2015-05-22 16:57:42.757 [IPEngineApp] WARNING | No heartbeat in the last 3010 ms (1 time(s) in a row).
2015-05-22 17:07:56.790 [IPEngineApp] WARNING | No heartbeat in the last 3010 ms (1 time(s) in a row).
2015-05-22 17:48:49.941 [IPEngineApp] WARNING | No heartbeat in the last 3010 ms (1 time(s) in a row).
2015-05-22 18:32:49.713 [IPEngineApp] WARNING | No heartbeat in the last 3010 ms (1 time(s) in a row).
2015-05-22 19:02:40.662 [IPEngineApp] WARNING | No heartbeat in the last 3010 ms (1 time(s) in a row).
2015-05-22 21:19:31.944 [IPEngineApp] WARNING | No heartbeat in the last 3010 ms (1 time(s) in a row).
2015-05-22 21:50:11.051 [IPEngineApp] WARNING | No heartbeat in the last 3010 ms (1 time(s) in a row).
2015-05-22 23:47:07.358 [IPEngineApp] WARNING | No heartbeat in the last 3010 ms (1 time(s) in a row).
2015-05-24 11:54:44.063 [IPEngineApp] CRITICAL | Engine Interrupted, shutting down...

