2015-05-11 17:33:41.960 [IPEngineApp] Loading url_file u'/Users/robert/.ipython/profile_basic/security/ipcontroller-engine.json'
2015-05-11 17:33:41.963 [IPEngineApp] Registering with controller at tcp://127.0.0.1:52463
2015-05-11 17:33:42.034 [IPEngineApp] Starting to monitor the heartbeat signal from the hub every 3010 ms.
2015-05-11 17:33:42.037 [IPEngineApp] Using existing profile dir: u'/Users/robert/.ipython/profile_basic'
2015-05-11 17:33:42.038 [IPEngineApp] Completed registration with id 3
2015-05-11 17:42:19.755 [IPEngineApp] WARNING | No heartbeat in the last 3010 ms (1 time(s) in a row).
2015-05-11 17:42:46.850 [IPEngineApp] WARNING | No heartbeat in the last 3010 ms (1 time(s) in a row).
2015-05-11 17:52:51.858 [IPEngineApp] WARNING | No heartbeat in the last 3010 ms (1 time(s) in a row).
2015-05-11 18:56:13.489 [IPEngineApp] WARNING | No heartbeat in the last 3010 ms (1 time(s) in a row).
2015-05-11 19:19:15.079 [IPEngineApp] WARNING | No heartbeat in the last 3010 ms (1 time(s) in a row).
2015-05-11 21:12:40.724 [IPEngineApp] WARNING | No heartbeat in the last 3010 ms (1 time(s) in a row).
2015-05-11 21:13:38.007 [IPEngineApp] WARNING | No heartbeat in the last 3010 ms (1 time(s) in a row).
2015-05-11 21:13:40.886 [IPEngineApp] WARNING | No heartbeat in the last 3010 ms (2 time(s) in a row).
2015-05-11 21:13:43.895 [IPEngineApp] WARNING | No heartbeat in the last 3010 ms (3 time(s) in a row).
2015-05-11 21:13:46.908 [IPEngineApp] WARNING | No heartbeat in the last 3010 ms (4 time(s) in a row).
2015-05-11 21:14:32.059 [IPEngineApp] WARNING | No heartbeat in the last 3010 ms (1 time(s) in a row).
2015-05-11 21:14:35.065 [IPEngineApp] WARNING | No heartbeat in the last 3010 ms (2 time(s) in a row).
2015-05-11 21:14:38.074 [IPEngineApp] WARNING | No heartbeat in the last 3010 ms (3 time(s) in a row).
2015-05-11 21:14:41.088 [IPEngineApp] WARNING | No heartbeat in the last 3010 ms (4 time(s) in a row).
2015-05-11 21:14:44.097 [IPEngineApp] WARNING | No heartbeat in the last 3010 ms (5 time(s) in a row).
2015-05-11 21:15:47.354 [IPEngineApp] WARNING | No heartbeat in the last 3010 ms (1 time(s) in a row).
2015-05-11 21:16:06.084 [IPEngineApp] Exception in apply request:
[0;31m---------------------------------------------------------------------------[0m
[0;31mTypeError[0m                                 Traceback (most recent call last)
[0;32m<string>[0m in [0;36m<module>[0;34m()[0m

[0;32m<ipython-input-177-8b68d4630a3e>[0m in [0;36mdo_test[0;34m(test)[0m

[0;32m/Users/robert/anaconda/lib/python2.7/site-packages/sklearn/svm/classes.pyc[0m in [0;36mfit[0;34m(self, X, y, sample_weight, **params)[0m
[1;32m    963[0m [0;34m[0m[0m
[1;32m    964[0m         """
[1;32m    965[0m         super(OneClassSVM, self).fit(X, [], sample_weight=sample_weight,
[0;32m--> 966[0;31m                                      **params)
[0m[1;32m    967[0m         [0;32mreturn[0m [0mself[0m[0;34m[0m[0m

[0;32m/Users/robert/anaconda/lib/python2.7/site-packages/sklearn/svm/base.pyc[0m in [0;36mfit[0;34m(self, X, y, sample_weight)[0m
[1;32m    137[0m         [0mself[0m[0;34m.[0m[0m_sparse[0m [0;34m=[0m [0msparse[0m [0;32mand[0m [0;32mnot[0m [0mcallable[0m[0;34m([0m[0mself[0m[0;34m.[0m[0mkernel[0m[0;34m)[0m[0;34m[0m[0m
[1;32m    138[0m [0;34m[0m[0m
[0;32m--> 139[0;31m         [0mX[0m [0;34m=[0m [0mcheck_array[0m[0;34m([0m[0mX[0m[0;34m,[0m [0maccept_sparse[0m[0;34m=[0m[0;34m'csr'[0m[0;34m,[0m [0mdtype[0m[0;34m=[0m[0mnp[0m[0;34m.[0m[0mfloat64[0m[0;34m,[0m [0morder[0m[0;34m=[0m[0;34m'C'[0m[0;34m)[0m[0;34m[0m[0m
[0m[1;32m    140[0m         [0my[0m [0;34m=[0m [0mself[0m[0;34m.[0m[0m_validate_targets[0m[0;34m([0m[0my[0m[0;34m)[0m[0;34m[0m[0m
[1;32m    141[0m [0;34m[0m[0m

[0;32m/Users/robert/anaconda/lib/python2.7/site-packages/sklearn/utils/validation.pyc[0m in [0;36mcheck_array[0;34m(array, accept_sparse, dtype, order, copy, force_all_finite, ensure_2d, allow_nd, ensure_min_samples, ensure_min_features)[0m
[1;32m    342[0m             [0;32melse[0m[0;34m:[0m[0;34m[0m[0m
[1;32m    343[0m                 [0mdtype[0m [0;34m=[0m [0mNone[0m[0;34m[0m[0m
[0;32m--> 344[0;31m         [0marray[0m [0;34m=[0m [0mnp[0m[0;34m.[0m[0marray[0m[0;34m([0m[0marray[0m[0;34m,[0m [0mdtype[0m[0;34m=[0m[0mdtype[0m[0;34m,[0m [0morder[0m[0;34m=[0m[0morder[0m[0;34m,[0m [0mcopy[0m[0;34m=[0m[0mcopy[0m[0;34m)[0m[0;34m[0m[0m
[0m[1;32m    345[0m         [0;31m# make sure we actually converted to numeric:[0m[0;34m[0m[0;34m[0m[0m
[1;32m    346[0m         [0;32mif[0m [0mdtype_numeric[0m [0;32mand[0m [0marray[0m[0;34m.[0m[0mdtype[0m[0;34m.[0m[0mkind[0m [0;34m==[0m [0;34m"O"[0m[0;34m:[0m[0;34m[0m[0m

[0;31mTypeError[0m: float() argument must be a string or a number
2015-05-11 21:17:32.687 [IPEngineApp] WARNING | No heartbeat in the last 3010 ms (1 time(s) in a row).
2015-05-11 21:17:35.680 [IPEngineApp] WARNING | No heartbeat in the last 3010 ms (2 time(s) in a row).
2015-05-11 21:17:38.678 [IPEngineApp] WARNING | No heartbeat in the last 3010 ms (3 time(s) in a row).
2015-05-11 21:19:18.014 [IPEngineApp] WARNING | No heartbeat in the last 3010 ms (1 time(s) in a row).
2015-05-11 21:19:21.019 [IPEngineApp] WARNING | No heartbeat in the last 3010 ms (2 time(s) in a row).
2015-05-11 21:19:24.025 [IPEngineApp] WARNING | No heartbeat in the last 3010 ms (3 time(s) in a row).
2015-05-11 21:19:27.037 [IPEngineApp] WARNING | No heartbeat in the last 3010 ms (4 time(s) in a row).
2015-05-11 21:19:30.078 [IPEngineApp] WARNING | No heartbeat in the last 3010 ms (5 time(s) in a row).
2015-05-11 21:20:39.308 [IPEngineApp] WARNING | No heartbeat in the last 3010 ms (1 time(s) in a row).
2015-05-11 21:20:42.289 [IPEngineApp] WARNING | No heartbeat in the last 3010 ms (2 time(s) in a row).
2015-05-11 21:20:45.298 [IPEngineApp] WARNING | No heartbeat in the last 3010 ms (3 time(s) in a row).
2015-05-11 21:20:48.306 [IPEngineApp] WARNING | No heartbeat in the last 3010 ms (4 time(s) in a row).
2015-05-11 21:20:51.317 [IPEngineApp] WARNING | No heartbeat in the last 3010 ms (5 time(s) in a row).
2015-05-11 21:21:48.508 [IPEngineApp] WARNING | No heartbeat in the last 3010 ms (1 time(s) in a row).
2015-05-11 21:21:51.516 [IPEngineApp] WARNING | No heartbeat in the last 3010 ms (2 time(s) in a row).
2015-05-11 21:21:54.546 [IPEngineApp] WARNING | No heartbeat in the last 3010 ms (3 time(s) in a row).
2015-05-11 21:22:34.332 [IPEngineApp] Exception in apply request:
[0;31m---------------------------------------------------------------------------[0m
[0;31mTypeError[0m                                 Traceback (most recent call last)
[0;32m<string>[0m in [0;36m<module>[0;34m()[0m

[0;32m<ipython-input-177-8b68d4630a3e>[0m in [0;36mdo_test[0;34m(test)[0m

[0;32m/Users/robert/anaconda/lib/python2.7/site-packages/sklearn/svm/classes.pyc[0m in [0;36mfit[0;34m(self, X, y, sample_weight, **params)[0m
[1;32m    963[0m [0;34m[0m[0m
[1;32m    964[0m         """
[1;32m    965[0m         super(OneClassSVM, self).fit(X, [], sample_weight=sample_weight,
[0;32m--> 966[0;31m                                      **params)
[0m[1;32m    967[0m         [0;32mreturn[0m [0mself[0m[0;34m[0m[0m

[0;32m/Users/robert/anaconda/lib/python2.7/site-packages/sklearn/svm/base.pyc[0m in [0;36mfit[0;34m(self, X, y, sample_weight)[0m
[1;32m    137[0m         [0mself[0m[0;34m.[0m[0m_sparse[0m [0;34m=[0m [0msparse[0m [0;32mand[0m [0;32mnot[0m [0mcallable[0m[0;34m([0m[0mself[0m[0;34m.[0m[0mkernel[0m[0;34m)[0m[0;34m[0m[0m
[1;32m    138[0m [0;34m[0m[0m
[0;32m--> 139[0;31m         [0mX[0m [0;34m=[0m [0mcheck_array[0m[0;34m([0m[0mX[0m[0;34m,[0m [0maccept_sparse[0m[0;34m=[0m[0;34m'csr'[0m[0;34m,[0m [0mdtype[0m[0;34m=[0m[0mnp[0m[0;34m.[0m[0mfloat64[0m[0;34m,[0m [0morder[0m[0;34m=[0m[0;34m'C'[0m[0;34m)[0m[0;34m[0m[0m
[0m[1;32m    140[0m         [0my[0m [0;34m=[0m [0mself[0m[0;34m.[0m[0m_validate_targets[0m[0;34m([0m[0my[0m[0;34m)[0m[0;34m[0m[0m
[1;32m    141[0m [0;34m[0m[0m

[0;32m/Users/robert/anaconda/lib/python2.7/site-packages/sklearn/utils/validation.pyc[0m in [0;36mcheck_array[0;34m(array, accept_sparse, dtype, order, copy, force_all_finite, ensure_2d, allow_nd, ensure_min_samples, ensure_min_features)[0m
[1;32m    342[0m             [0;32melse[0m[0;34m:[0m[0;34m[0m[0m
[1;32m    343[0m                 [0mdtype[0m [0;34m=[0m [0mNone[0m[0;34m[0m[0m
[0;32m--> 344[0;31m         [0marray[0m [0;34m=[0m [0mnp[0m[0;34m.[0m[0marray[0m[0;34m([0m[0marray[0m[0;34m,[0m [0mdtype[0m[0;34m=[0m[0mdtype[0m[0;34m,[0m [0morder[0m[0;34m=[0m[0morder[0m[0;34m,[0m [0mcopy[0m[0;34m=[0m[0mcopy[0m[0;34m)[0m[0;34m[0m[0m
[0m[1;32m    345[0m         [0;31m# make sure we actually converted to numeric:[0m[0;34m[0m[0;34m[0m[0m
[1;32m    346[0m         [0;32mif[0m [0mdtype_numeric[0m [0;32mand[0m [0marray[0m[0;34m.[0m[0mdtype[0m[0;34m.[0m[0mkind[0m [0;34m==[0m [0;34m"O"[0m[0;34m:[0m[0;34m[0m[0m

[0;31mTypeError[0m: float() argument must be a string or a number
2015-05-11 21:28:10.778 [IPEngineApp] WARNING | No heartbeat in the last 3010 ms (1 time(s) in a row).
2015-05-12 00:17:44.599 [IPEngineApp] WARNING | No heartbeat in the last 3010 ms (1 time(s) in a row).
2015-05-12 00:17:59.187 [IPEngineApp] WARNING | No heartbeat in the last 3010 ms (1 time(s) in a row).
2015-05-13 11:13:33.345 [IPEngineApp] WARNING | No heartbeat in the last 3010 ms (1 time(s) in a row).
2015-05-13 12:18:49.356 [IPEngineApp] WARNING | No heartbeat in the last 3010 ms (1 time(s) in a row).
2015-05-13 12:56:29.865 [IPEngineApp] WARNING | No heartbeat in the last 3010 ms (1 time(s) in a row).
2015-05-13 13:24:20.414 [IPEngineApp] WARNING | No heartbeat in the last 3010 ms (1 time(s) in a row).
2015-05-14 02:52:37.536 [IPEngineApp] WARNING | No heartbeat in the last 3010 ms (1 time(s) in a row).
2015-05-14 06:31:06.085 [IPEngineApp] WARNING | No heartbeat in the last 3010 ms (1 time(s) in a row).
2015-05-14 09:22:13.201 [IPEngineApp] WARNING | No heartbeat in the last 3010 ms (1 time(s) in a row).
2015-05-14 09:23:13.398 [IPEngineApp] WARNING | No heartbeat in the last 3010 ms (1 time(s) in a row).
2015-05-14 15:51:51.869 [IPEngineApp] WARNING | No heartbeat in the last 3010 ms (1 time(s) in a row).
2015-05-14 17:17:38.967 [IPEngineApp] WARNING | No heartbeat in the last 3010 ms (1 time(s) in a row).
2015-05-14 17:52:03.830 [IPEngineApp] WARNING | No heartbeat in the last 3010 ms (1 time(s) in a row).
2015-05-14 23:26:37.514 [IPEngineApp] WARNING | No heartbeat in the last 3010 ms (1 time(s) in a row).
2015-05-16 07:16:19.243 [IPEngineApp] WARNING | No heartbeat in the last 3010 ms (1 time(s) in a row).
2015-05-16 08:17:46.441 [IPEngineApp] WARNING | No heartbeat in the last 3010 ms (1 time(s) in a row).
2015-05-16 10:16:28.094 [IPEngineApp] WARNING | No heartbeat in the last 3010 ms (1 time(s) in a row).
