2015-05-19 19:00:13.230 [IPEngineApp] Loading url_file u'/Users/robert/.ipython/profile_basic/security/ipcontroller-engine.json'
2015-05-19 19:00:13.232 [IPEngineApp] Registering with controller at tcp://127.0.0.1:51721
2015-05-19 19:00:13.298 [IPEngineApp] Starting to monitor the heartbeat signal from the hub every 3010 ms.
2015-05-19 19:00:13.301 [IPEngineApp] Using existing profile dir: u'/Users/robert/.ipython/profile_basic'
2015-05-19 19:00:13.302 [IPEngineApp] Completed registration with id 2
2015-05-19 19:22:14.693 [IPEngineApp] WARNING | No heartbeat in the last 3010 ms (1 time(s) in a row).
2015-05-19 19:38:57.019 [IPEngineApp] WARNING | No heartbeat in the last 3010 ms (1 time(s) in a row).
2015-05-20 09:13:18.349 [IPEngineApp] WARNING | No heartbeat in the last 3010 ms (1 time(s) in a row).
2015-05-20 10:28:12.280 [IPEngineApp] WARNING | No heartbeat in the last 3010 ms (1 time(s) in a row).
2015-05-20 11:22:05.024 [IPEngineApp] WARNING | No heartbeat in the last 3010 ms (1 time(s) in a row).
2015-05-20 12:14:36.491 [IPEngineApp] WARNING | No heartbeat in the last 3010 ms (1 time(s) in a row).
2015-05-20 12:14:48.536 [IPEngineApp] WARNING | No heartbeat in the last 3010 ms (1 time(s) in a row).
2015-05-20 12:15:27.659 [IPEngineApp] WARNING | No heartbeat in the last 3010 ms (1 time(s) in a row).
2015-05-20 12:16:15.824 [IPEngineApp] WARNING | No heartbeat in the last 3010 ms (1 time(s) in a row).
2015-05-20 12:16:39.900 [IPEngineApp] WARNING | No heartbeat in the last 3010 ms (1 time(s) in a row).
2015-05-20 12:18:46.326 [IPEngineApp] WARNING | No heartbeat in the last 3010 ms (1 time(s) in a row).
2015-05-20 12:19:10.407 [IPEngineApp] WARNING | No heartbeat in the last 3010 ms (1 time(s) in a row).
2015-05-20 12:19:22.439 [IPEngineApp] WARNING | No heartbeat in the last 3010 ms (1 time(s) in a row).
2015-05-20 12:19:34.486 [IPEngineApp] WARNING | No heartbeat in the last 3010 ms (1 time(s) in a row).
2015-05-20 12:20:10.607 [IPEngineApp] WARNING | No heartbeat in the last 3010 ms (1 time(s) in a row).
2015-05-20 12:20:49.729 [IPEngineApp] WARNING | No heartbeat in the last 3010 ms (1 time(s) in a row).
2015-05-20 12:21:01.776 [IPEngineApp] WARNING | No heartbeat in the last 3010 ms (1 time(s) in a row).
2015-05-20 12:21:13.818 [IPEngineApp] WARNING | No heartbeat in the last 3010 ms (1 time(s) in a row).
2015-05-20 12:22:53.144 [IPEngineApp] WARNING | No heartbeat in the last 3010 ms (1 time(s) in a row).
2015-05-20 12:23:05.186 [IPEngineApp] WARNING | No heartbeat in the last 3010 ms (1 time(s) in a row).
2015-05-20 12:24:32.477 [IPEngineApp] WARNING | No heartbeat in the last 3010 ms (1 time(s) in a row).
2015-05-20 12:24:44.512 [IPEngineApp] WARNING | No heartbeat in the last 3010 ms (1 time(s) in a row).
2015-05-20 12:24:56.552 [IPEngineApp] WARNING | No heartbeat in the last 3010 ms (1 time(s) in a row).
2015-05-20 12:25:08.594 [IPEngineApp] WARNING | No heartbeat in the last 3010 ms (1 time(s) in a row).
2015-05-20 12:26:11.803 [IPEngineApp] WARNING | No heartbeat in the last 3010 ms (1 time(s) in a row).
2015-05-20 12:31:42.905 [IPEngineApp] WARNING | No heartbeat in the last 3010 ms (1 time(s) in a row).
2015-05-20 12:31:54.941 [IPEngineApp] WARNING | No heartbeat in the last 3010 ms (1 time(s) in a row).
2015-05-20 12:33:22.234 [IPEngineApp] WARNING | No heartbeat in the last 3010 ms (1 time(s) in a row).
2015-05-20 12:33:46.314 [IPEngineApp] WARNING | No heartbeat in the last 3010 ms (1 time(s) in a row).
2015-05-20 12:33:58.352 [IPEngineApp] WARNING | No heartbeat in the last 3010 ms (1 time(s) in a row).
2015-05-20 12:56:02.758 [IPEngineApp] WARNING | No heartbeat in the last 3010 ms (1 time(s) in a row).
2015-05-20 13:01:21.809 [IPEngineApp] WARNING | No heartbeat in the last 3010 ms (1 time(s) in a row).
2015-05-20 13:08:02.147 [IPEngineApp] WARNING | No heartbeat in the last 3010 ms (1 time(s) in a row).
2015-05-20 13:08:14.181 [IPEngineApp] WARNING | No heartbeat in the last 3010 ms (1 time(s) in a row).
2015-05-20 13:08:38.259 [IPEngineApp] WARNING | No heartbeat in the last 3010 ms (1 time(s) in a row).
2015-05-20 13:09:17.394 [IPEngineApp] WARNING | No heartbeat in the last 3010 ms (1 time(s) in a row).
2015-05-20 13:09:29.437 [IPEngineApp] WARNING | No heartbeat in the last 3010 ms (1 time(s) in a row).
2015-05-20 13:09:41.477 [IPEngineApp] WARNING | No heartbeat in the last 3010 ms (1 time(s) in a row).
2015-05-20 13:11:32.845 [IPEngineApp] WARNING | No heartbeat in the last 3010 ms (1 time(s) in a row).
2015-05-20 13:11:56.925 [IPEngineApp] WARNING | No heartbeat in the last 3010 ms (1 time(s) in a row).
2015-05-20 13:13:12.178 [IPEngineApp] WARNING | No heartbeat in the last 3010 ms (1 time(s) in a row).
2015-05-20 13:13:36.249 [IPEngineApp] WARNING | No heartbeat in the last 3010 ms (1 time(s) in a row).
2015-05-20 13:24:29.420 [IPEngineApp] WARNING | No heartbeat in the last 3010 ms (1 time(s) in a row).
2015-05-20 14:44:36.389 [IPEngineApp] WARNING | No heartbeat in the last 3010 ms (1 time(s) in a row).
2015-05-20 15:05:07.487 [IPEngineApp] WARNING | No heartbeat in the last 3010 ms (1 time(s) in a row).
2015-05-20 15:31:42.779 [IPEngineApp] WARNING | No heartbeat in the last 3010 ms (1 time(s) in a row).
2015-05-20 22:13:53.953 [IPEngineApp] WARNING | No heartbeat in the last 3010 ms (1 time(s) in a row).
2015-05-20 22:27:41.699 [IPEngineApp] WARNING | No heartbeat in the last 3010 ms (1 time(s) in a row).
2015-05-21 09:26:23.002 [IPEngineApp] WARNING | No heartbeat in the last 3010 ms (1 time(s) in a row).
2015-05-21 09:40:40.856 [IPEngineApp] WARNING | No heartbeat in the last 3010 ms (1 time(s) in a row).
2015-05-21 10:24:43.629 [IPEngineApp] WARNING | No heartbeat in the last 3010 ms (1 time(s) in a row).
2015-05-21 10:58:56.450 [IPEngineApp] WARNING | No heartbeat in the last 3010 ms (1 time(s) in a row).
2015-05-21 11:30:11.682 [IPEngineApp] WARNING | No heartbeat in the last 3010 ms (1 time(s) in a row).
2015-05-21 12:28:20.269 [IPEngineApp] WARNING | No heartbeat in the last 3010 ms (1 time(s) in a row).
2015-05-21 15:51:21.745 [IPEngineApp] WARNING | No heartbeat in the last 3010 ms (1 time(s) in a row).
2015-05-22 15:53:09.138 [IPEngineApp] WARNING | No heartbeat in the last 3010 ms (1 time(s) in a row).
2015-05-22 16:37:14.932 [IPEngineApp] WARNING | No heartbeat in the last 3010 ms (1 time(s) in a row).
2015-05-22 17:07:57.049 [IPEngineApp] WARNING | No heartbeat in the last 3010 ms (1 time(s) in a row).
2015-05-22 17:18:08.079 [IPEngineApp] WARNING | No heartbeat in the last 3010 ms (1 time(s) in a row).
2015-05-22 17:38:30.140 [IPEngineApp] WARNING | No heartbeat in the last 3010 ms (1 time(s) in a row).
2015-05-22 17:48:50.201 [IPEngineApp] WARNING | No heartbeat in the last 3010 ms (1 time(s) in a row).
2015-05-22 18:03:26.112 [IPEngineApp] WARNING | No heartbeat in the last 3010 ms (1 time(s) in a row).
2015-05-22 18:32:49.971 [IPEngineApp] WARNING | No heartbeat in the last 3010 ms (1 time(s) in a row).
2015-05-22 18:47:49.961 [IPEngineApp] WARNING | No heartbeat in the last 3010 ms (1 time(s) in a row).
2015-05-22 19:02:40.923 [IPEngineApp] WARNING | No heartbeat in the last 3010 ms (1 time(s) in a row).
2015-05-22 21:19:32.201 [IPEngineApp] WARNING | No heartbeat in the last 3010 ms (1 time(s) in a row).
2015-05-22 23:47:07.619 [IPEngineApp] WARNING | No heartbeat in the last 3010 ms (1 time(s) in a row).
2015-05-24 11:54:44.064 [IPEngineApp] CRITICAL | Engine Interrupted, shutting down...

