2015-05-11 17:33:41.887 [IPEngineApp] Loading url_file u'/Users/robert/.ipython/profile_basic/security/ipcontroller-engine.json'
2015-05-11 17:33:41.889 [IPEngineApp] Registering with controller at tcp://127.0.0.1:52463
2015-05-11 17:33:41.958 [IPEngineApp] Starting to monitor the heartbeat signal from the hub every 3010 ms.
2015-05-11 17:33:41.961 [IPEngineApp] Using existing profile dir: u'/Users/robert/.ipython/profile_basic'
2015-05-11 17:33:41.962 [IPEngineApp] Completed registration with id 2
2015-05-11 17:42:19.682 [IPEngineApp] WARNING | No heartbeat in the last 3010 ms (1 time(s) in a row).
2015-05-11 17:42:40.752 [IPEngineApp] WARNING | No heartbeat in the last 3010 ms (1 time(s) in a row).
2015-05-11 17:52:45.759 [IPEngineApp] WARNING | No heartbeat in the last 3010 ms (1 time(s) in a row).
2015-05-11 18:56:13.410 [IPEngineApp] WARNING | No heartbeat in the last 3010 ms (1 time(s) in a row).
2015-05-11 20:40:22.171 [IPEngineApp] WARNING | No heartbeat in the last 3010 ms (1 time(s) in a row).
2015-05-11 21:12:40.646 [IPEngineApp] WARNING | No heartbeat in the last 3010 ms (1 time(s) in a row).
2015-05-11 21:13:37.885 [IPEngineApp] WARNING | No heartbeat in the last 3010 ms (1 time(s) in a row).
2015-05-11 21:13:40.820 [IPEngineApp] WARNING | No heartbeat in the last 3010 ms (2 time(s) in a row).
2015-05-11 21:13:43.820 [IPEngineApp] WARNING | No heartbeat in the last 3010 ms (3 time(s) in a row).
2015-05-11 21:13:46.828 [IPEngineApp] WARNING | No heartbeat in the last 3010 ms (4 time(s) in a row).
2015-05-11 21:14:31.999 [IPEngineApp] WARNING | No heartbeat in the last 3010 ms (1 time(s) in a row).
2015-05-11 21:14:34.989 [IPEngineApp] WARNING | No heartbeat in the last 3010 ms (2 time(s) in a row).
2015-05-11 21:14:37.998 [IPEngineApp] WARNING | No heartbeat in the last 3010 ms (3 time(s) in a row).
2015-05-11 21:14:41.008 [IPEngineApp] WARNING | No heartbeat in the last 3010 ms (4 time(s) in a row).
2015-05-11 21:14:44.019 [IPEngineApp] WARNING | No heartbeat in the last 3010 ms (5 time(s) in a row).
2015-05-11 21:15:08.868 [IPEngineApp] Exception in apply request:
[0;31m---------------------------------------------------------------------------[0m
[0;31mTypeError[0m                                 Traceback (most recent call last)
[0;32m<string>[0m in [0;36m<module>[0;34m()[0m

[0;32m<ipython-input-177-8b68d4630a3e>[0m in [0;36mdo_test[0;34m(test)[0m

[0;32m/Users/robert/anaconda/lib/python2.7/site-packages/sklearn/svm/classes.pyc[0m in [0;36mfit[0;34m(self, X, y, sample_weight, **params)[0m
[1;32m    963[0m [0;34m[0m[0m
[1;32m    964[0m         """
[1;32m    965[0m         super(OneClassSVM, self).fit(X, [], sample_weight=sample_weight,
[0;32m--> 966[0;31m                                      **params)
[0m[1;32m    967[0m         [0;32mreturn[0m [0mself[0m[0;34m[0m[0m

[0;32m/Users/robert/anaconda/lib/python2.7/site-packages/sklearn/svm/base.pyc[0m in [0;36mfit[0;34m(self, X, y, sample_weight)[0m
[1;32m    137[0m         [0mself[0m[0;34m.[0m[0m_sparse[0m [0;34m=[0m [0msparse[0m [0;32mand[0m [0;32mnot[0m [0mcallable[0m[0;34m([0m[0mself[0m[0;34m.[0m[0mkernel[0m[0;34m)[0m[0;34m[0m[0m
[1;32m    138[0m [0;34m[0m[0m
[0;32m--> 139[0;31m         [0mX[0m [0;34m=[0m [0mcheck_array[0m[0;34m([0m[0mX[0m[0;34m,[0m [0maccept_sparse[0m[0;34m=[0m[0;34m'csr'[0m[0;34m,[0m [0mdtype[0m[0;34m=[0m[0mnp[0m[0;34m.[0m[0mfloat64[0m[0;34m,[0m [0morder[0m[0;34m=[0m[0;34m'C'[0m[0;34m)[0m[0;34m[0m[0m
[0m[1;32m    140[0m         [0my[0m [0;34m=[0m [0mself[0m[0;34m.[0m[0m_validate_targets[0m[0;34m([0m[0my[0m[0;34m)[0m[0;34m[0m[0m
[1;32m    141[0m [0;34m[0m[0m

[0;32m/Users/robert/anaconda/lib/python2.7/site-packages/sklearn/utils/validation.pyc[0m in [0;36mcheck_array[0;34m(array, accept_sparse, dtype, order, copy, force_all_finite, ensure_2d, allow_nd, ensure_min_samples, ensure_min_features)[0m
[1;32m    342[0m             [0;32melse[0m[0;34m:[0m[0;34m[0m[0m
[1;32m    343[0m                 [0mdtype[0m [0;34m=[0m [0mNone[0m[0;34m[0m[0m
[0;32m--> 344[0;31m         [0marray[0m [0;34m=[0m [0mnp[0m[0;34m.[0m[0marray[0m[0;34m([0m[0marray[0m[0;34m,[0m [0mdtype[0m[0;34m=[0m[0mdtype[0m[0;34m,[0m [0morder[0m[0;34m=[0m[0morder[0m[0;34m,[0m [0mcopy[0m[0;34m=[0m[0mcopy[0m[0;34m)[0m[0;34m[0m[0m
[0m[1;32m    345[0m         [0;31m# make sure we actually converted to numeric:[0m[0;34m[0m[0;34m[0m[0m
[1;32m    346[0m         [0;32mif[0m [0mdtype_numeric[0m [0;32mand[0m [0marray[0m[0;34m.[0m[0mdtype[0m[0;34m.[0m[0mkind[0m [0;34m==[0m [0;34m"O"[0m[0;34m:[0m[0;34m[0m[0m

[0;31mTypeError[0m: float() argument must be a string or a number
2015-05-11 21:15:47.255 [IPEngineApp] WARNING | No heartbeat in the last 3010 ms (1 time(s) in a row).
2015-05-11 21:15:50.242 [IPEngineApp] WARNING | No heartbeat in the last 3010 ms (2 time(s) in a row).
2015-05-11 21:15:53.253 [IPEngineApp] WARNING | No heartbeat in the last 3010 ms (3 time(s) in a row).
2015-05-11 21:17:32.617 [IPEngineApp] WARNING | No heartbeat in the last 3010 ms (1 time(s) in a row).
2015-05-11 21:17:35.590 [IPEngineApp] WARNING | No heartbeat in the last 3010 ms (2 time(s) in a row).
2015-05-11 21:17:38.602 [IPEngineApp] WARNING | No heartbeat in the last 3010 ms (3 time(s) in a row).
2015-05-11 21:19:17.940 [IPEngineApp] WARNING | No heartbeat in the last 3010 ms (1 time(s) in a row).
2015-05-11 21:19:20.941 [IPEngineApp] WARNING | No heartbeat in the last 3010 ms (2 time(s) in a row).
2015-05-11 21:19:23.949 [IPEngineApp] WARNING | No heartbeat in the last 3010 ms (3 time(s) in a row).
2015-05-11 21:19:26.962 [IPEngineApp] WARNING | No heartbeat in the last 3010 ms (4 time(s) in a row).
2015-05-11 21:19:29.985 [IPEngineApp] WARNING | No heartbeat in the last 3010 ms (5 time(s) in a row).
2015-05-11 21:21:35.403 [IPEngineApp] Exception in apply request:
[0;31m---------------------------------------------------------------------------[0m
[0;31mTypeError[0m                                 Traceback (most recent call last)
[0;32m<string>[0m in [0;36m<module>[0;34m()[0m

[0;32m<ipython-input-177-8b68d4630a3e>[0m in [0;36mdo_test[0;34m(test)[0m

[0;32m/Users/robert/anaconda/lib/python2.7/site-packages/sklearn/svm/classes.pyc[0m in [0;36mfit[0;34m(self, X, y, sample_weight, **params)[0m
[1;32m    963[0m [0;34m[0m[0m
[1;32m    964[0m         """
[1;32m    965[0m         super(OneClassSVM, self).fit(X, [], sample_weight=sample_weight,
[0;32m--> 966[0;31m                                      **params)
[0m[1;32m    967[0m         [0;32mreturn[0m [0mself[0m[0;34m[0m[0m

[0;32m/Users/robert/anaconda/lib/python2.7/site-packages/sklearn/svm/base.pyc[0m in [0;36mfit[0;34m(self, X, y, sample_weight)[0m
[1;32m    137[0m         [0mself[0m[0;34m.[0m[0m_sparse[0m [0;34m=[0m [0msparse[0m [0;32mand[0m [0;32mnot[0m [0mcallable[0m[0;34m([0m[0mself[0m[0;34m.[0m[0mkernel[0m[0;34m)[0m[0;34m[0m[0m
[1;32m    138[0m [0;34m[0m[0m
[0;32m--> 139[0;31m         [0mX[0m [0;34m=[0m [0mcheck_array[0m[0;34m([0m[0mX[0m[0;34m,[0m [0maccept_sparse[0m[0;34m=[0m[0;34m'csr'[0m[0;34m,[0m [0mdtype[0m[0;34m=[0m[0mnp[0m[0;34m.[0m[0mfloat64[0m[0;34m,[0m [0morder[0m[0;34m=[0m[0;34m'C'[0m[0;34m)[0m[0;34m[0m[0m
[0m[1;32m    140[0m         [0my[0m [0;34m=[0m [0mself[0m[0;34m.[0m[0m_validate_targets[0m[0;34m([0m[0my[0m[0;34m)[0m[0;34m[0m[0m
[1;32m    141[0m [0;34m[0m[0m

[0;32m/Users/robert/anaconda/lib/python2.7/site-packages/sklearn/utils/validation.pyc[0m in [0;36mcheck_array[0;34m(array, accept_sparse, dtype, order, copy, force_all_finite, ensure_2d, allow_nd, ensure_min_samples, ensure_min_features)[0m
[1;32m    342[0m             [0;32melse[0m[0;34m:[0m[0;34m[0m[0m
[1;32m    343[0m                 [0mdtype[0m [0;34m=[0m [0mNone[0m[0;34m[0m[0m
[0;32m--> 344[0;31m         [0marray[0m [0;34m=[0m [0mnp[0m[0;34m.[0m[0marray[0m[0;34m([0m[0marray[0m[0;34m,[0m [0mdtype[0m[0;34m=[0m[0mdtype[0m[0;34m,[0m [0morder[0m[0;34m=[0m[0morder[0m[0;34m,[0m [0mcopy[0m[0;34m=[0m[0mcopy[0m[0;34m)[0m[0;34m[0m[0m
[0m[1;32m    345[0m         [0;31m# make sure we actually converted to numeric:[0m[0;34m[0m[0;34m[0m[0m
[1;32m    346[0m         [0;32mif[0m [0mdtype_numeric[0m [0;32mand[0m [0marray[0m[0;34m.[0m[0mdtype[0m[0;34m.[0m[0mkind[0m [0;34m==[0m [0;34m"O"[0m[0;34m:[0m[0;34m[0m[0m

[0;31mTypeError[0m: float() argument must be a string or a number
2015-05-11 21:21:36.393 [IPEngineApp] WARNING | No heartbeat in the last 3010 ms (1 time(s) in a row).
2015-05-11 21:21:48.433 [IPEngineApp] WARNING | No heartbeat in the last 3010 ms (1 time(s) in a row).
2015-05-11 21:21:51.442 [IPEngineApp] WARNING | No heartbeat in the last 3010 ms (2 time(s) in a row).
2015-05-11 21:21:54.452 [IPEngineApp] WARNING | No heartbeat in the last 3010 ms (3 time(s) in a row).
2015-05-11 21:27:58.658 [IPEngineApp] WARNING | No heartbeat in the last 3010 ms (1 time(s) in a row).
2015-05-12 00:17:44.531 [IPEngineApp] WARNING | No heartbeat in the last 3010 ms (1 time(s) in a row).
2015-05-12 00:17:59.176 [IPEngineApp] WARNING | No heartbeat in the last 3010 ms (1 time(s) in a row).
2015-05-12 00:18:05.586 [IPEngineApp] WARNING | No heartbeat in the last 3010 ms (1 time(s) in a row).
2015-05-13 11:13:33.269 [IPEngineApp] WARNING | No heartbeat in the last 3010 ms (1 time(s) in a row).
2015-05-13 12:18:49.281 [IPEngineApp] WARNING | No heartbeat in the last 3010 ms (1 time(s) in a row).
2015-05-13 13:21:49.848 [IPEngineApp] WARNING | No heartbeat in the last 3010 ms (1 time(s) in a row).
2015-05-13 13:24:20.340 [IPEngineApp] WARNING | No heartbeat in the last 3010 ms (1 time(s) in a row).
2015-05-14 00:09:16.933 [IPEngineApp] WARNING | No heartbeat in the last 3010 ms (1 time(s) in a row).
2015-05-14 02:52:37.467 [IPEngineApp] WARNING | No heartbeat in the last 3010 ms (1 time(s) in a row).
2015-05-14 06:31:06.009 [IPEngineApp] WARNING | No heartbeat in the last 3010 ms (1 time(s) in a row).
2015-05-14 09:22:13.126 [IPEngineApp] WARNING | No heartbeat in the last 3010 ms (1 time(s) in a row).
2015-05-14 09:23:13.325 [IPEngineApp] WARNING | No heartbeat in the last 3010 ms (1 time(s) in a row).
2015-05-14 15:51:51.788 [IPEngineApp] WARNING | No heartbeat in the last 3010 ms (1 time(s) in a row).
2015-05-14 17:17:38.890 [IPEngineApp] WARNING | No heartbeat in the last 3010 ms (1 time(s) in a row).
2015-05-14 17:52:03.750 [IPEngineApp] WARNING | No heartbeat in the last 3010 ms (1 time(s) in a row).
2015-05-14 23:26:37.440 [IPEngineApp] WARNING | No heartbeat in the last 3010 ms (1 time(s) in a row).
2015-05-15 15:25:15.531 [IPEngineApp] WARNING | No heartbeat in the last 3010 ms (1 time(s) in a row).
2015-05-16 08:17:46.456 [IPEngineApp] WARNING | No heartbeat in the last 3010 ms (1 time(s) in a row).
2015-05-16 10:16:28.017 [IPEngineApp] WARNING | No heartbeat in the last 3010 ms (1 time(s) in a row).
